{"meta": {"format": 3, "version": "7.6.1", "timestamp": "2026-08-02T19:27:39.575707", "branch_coverage": true, "show_contexts": false}, "files": {"dataclasses_json/__init__.py": {"executed_lines": [2, 5, 6], "summary": {"covered_lines": 3, "num_statements": 3, "percent_covered": 100.0, "percent_covered_display": "100", "missing_lines": 0, "excluded_lines": 0, "num_branches": 0, "num_partial_branches": 0, "covered_branches": 0, "missing_branches": 0}, "missing_lines": [], "excluded_lines": [], "executed_branches": [], "missing_branches": [], "functions": {"": {"executed_lines": [2, 5, 6], "summary": {"covered_lines": 3, "num_statements": 3, "percent_covered": 100.0, "percent_covered_display": "100", "missing_lines": 0, "excluded_lines": 0, "num_branches": 0, "num_partial_branches": 0, "covered_branches": 0, "missing_branches": 0}, "missing_lines": [], "excluded_lines": [], "executed_branches": [], "missing_branches": []}}, "classes": {"": {"executed_lines": [2, 5, 6], "summary": {"covered_lines": 3, "num_statements": 3, "percent_covered": 100.0, "percent_covered_display": "100", "missing_lines": 0, "excluded_lines": 0, "num_branches": 0, "num_partial_branches": 0, "covered_branches": 0, "missing_branches": 0}, "missing_lines": [], "excluded_lines": [], "executed_branches": [], "missing_branches": []}}}, "dataclasses_json/api.py": {"executed_lines": [1, 2, 3, 4, 7, 10, 11, 13, 14, 15, 18, 19, 20, 21, 24, 25, 26, 27, 28, 31, 32, 37, 39, 50, 62, 63, 78, 79, 85, 86, 88, 89, 118, 130, 131, 133, 135, 138, 139, 144, 147, 148, 149, 150, 152, 154, 155], "summary": {"covered_lines": 46, "num_statements": 57, "percent_covered": 73.84615384615384, "percent_covered_display": "74", "missing_lines": 11, "excluded_lines": 0, "num_branches": 8, "num_partial_branches": 2, "covered_branches": 2, "missing_branches": 6}, "missing_lines": [71, 76, 83, 100, 102, 103, 104, 106, 108, 134, 140], "excluded_lines": [], "executed_branches": [[133, 135], [139, 144]], "missing_branches": [[102, 103], [102, 108], [104, 106], [104, 108], [133, 134], [139, 140]], "functions": {"DataClassJsonMixin.to_json": {"executed_lines": [50], "summary": {"covered_lines": 1, "num_statements": 1, "percent_covered": 100.0, "percent_covered_display": "100", "missing_lines": 0, "excluded_lines": 0, "num_branches": 0, "num_partial_branches": 0, "covered_branches": 0, "missing_branches": 0}, "missing_lines": [], "excluded_lines": [], "executed_branches": [], "missing_branches": []}, "DataClassJsonMixin.from_json": {"executed_lines": [], "summary": {"covered_lines": 0, "num_statements": 2, "percent_covered": 0.0, "percent_covered_display": "0", "missing_lines": 2, "excluded_lines": 0, "num_branches": 0, "num_partial_branches": 0, "covered_branches": 0, "missing_branches": 0}, "missing_lines": [71, 76], "excluded_lines": [], "executed_branches": [], "missing_branches": []}, "DataClassJsonMixin.from_dict": {"executed_lines": [], "summary": {"covered_lines": 0, "num_statements": 1, "percent_covered": 0.0, "percent_covered_display": "0", "missing_lines": 1, "excluded_lines": 0, "num_branches": 0, "num_partial_branches": 0, "covered_branches": 0, "missing_branches": 0}, "missing_lines": [83], "excluded_lines": [], "executed_branches": [], "missing_branches": []}, "DataClassJsonMixin.to_dict": {"executed_lines": [86], "summary": {"covered_lines": 1, "num_statements": 1, "percent_covered": 100.0, "percent_covered_display": "100", "missing_lines": 0, "excluded_lines": 0, "num_branches": 0, "num_partial_branches": 0, "covered_branches": 0, "missing_branches": 0}, "missing_lines": [], "excluded_lines": [], "executed_branches": [], "missing_branches": []}, "DataClassJsonMixin.schema": {"executed_lines": [], "summary": {"covered_lines": 0, "num_statements": 6, "percent_covered": 0.0, "percent_covered_display": "0", "missing_lines": 6, "excluded_lines": 0, "num_branches": 4, "num_partial_branches": 0, "covered_branches": 0, "missing_branches": 4}, "missing_lines": [100, 102, 103, 104, 106, 108], "excluded_lines": [], "executed_branches": [], "missing_branches": [[102, 103], [102, 108], [104, 106], [104, 108]]}, "dataclass_json": {"executed_lines": [130, 133, 135], "summary": {"covered_lines": 3, "num_statements": 4, "percent_covered": 66.66666666666667, "percent_covered_display": "67", "missing_lines": 1, "excluded_lines": 0, "num_branches": 2, "num_partial_branches": 1, "covered_branches": 1, "missing_branches": 1}, "missing_lines": [134], "excluded_lines": [], "executed_branches": [[133, 135]], "missing_branches": [[133, 134]]}, "dataclass_json.wrap": {"executed_lines": [131], "summary": {"covered_lines": 1, "num_statements": 1, "percent_covered": 100.0, "percent_covered_display": "100", "missing_lines": 0, "excluded_lines": 0, "num_branches": 0, "num_partial_branches": 0, "covered_branches": 0, "missing_branches": 0}, "missing_lines": [], "excluded_lines": [], "executed_branches": [], "missing_branches": []}, "_process_class": {"executed_lines": [139, 144, 147, 148, 149, 150, 152, 154, 155], "summary": {"covered_lines": 9, "num_statements": 10, "percent_covered": 83.33333333333333, "percent_covered_display": "83", "missing_lines": 1, "excluded_lines": 0, "num_branches": 2, "num_partial_branches": 1, "covered_branches": 1, "missing_branches": 1}, "missing_lines": [140], "excluded_lines": [], "executed_branches": [[139, 144]], "missing_branches": [[139, 140]]}, "": {"executed_lines": [1, 2, 3, 4, 7, 10, 11, 13, 14, 15, 18, 19, 20, 21, 24, 25, 26, 27, 28, 31, 32, 37, 39, 62, 63, 78, 79, 85, 88, 89, 118, 138], "summary": {"covered_lines": 31, "num_statements": 31, "percent_covered": 100.0, "percent_covered_display": "100", "missing_lines": 0, "excluded_lines": 0, "num_branches": 0, "num_partial_branches": 0, "covered_branches": 0, "missing_branches": 0}, "missing_lines": [], "excluded_lines": [], "executed_branches": [], "missing_branches": []}}, "classes": {"LetterCase": {"executed_lines": [], "summary": {"covered_lines": 0, "num_statements": 0, "percent_covered": 100.0, "percent_covered_display": "100", "missing_lines": 0, "excluded_lines": 0, "num_branches": 0, "num_partial_branches": 0, "covered_branches": 0, "missing_branches": 0}, "missing_lines": [], "excluded_lines": [], "executed_branches": [], "missing_branches": []}, "DataClassJsonMixin": {"executed_lines": [50, 86], "summary": {"covered_lines": 2, "num_statements": 11, "percent_covered": 13.333333333333334, "percent_covered_display": "13", "missing_lines": 9, "excluded_lines": 0, "num_branches": 4, "num_partial_branches": 0, "covered_branches": 0, "missing_branches": 4}, "missing_lines": [71, 76, 83, 100, 102, 103, 104, 106, 108], "excluded_lines": [], "executed_branches": [], "missing_branches": [[102, 103], [102, 108], [104, 106], [104, 108]]}, "": {"executed_lines": [1, 2, 3, 4, 7, 10, 11, 13, 14, 15, 18, 19, 20, 21, 24, 25, 26, 27, 28, 31, 32, 37, 39, 62, 63, 78, 79, 85, 88, 89, 118, 130, 131, 133, 135, 138, 139, 144, 147, 148, 149, 150, 152, 154, 155], "summary": {"covered_lines": 44, "num_statements": 46, "percent_covered": 92.0, "percent_covered_display": "92", "missing_lines": 2, "excluded_lines": 0, "num_branches": 4, "num_partial_branches": 2, "covered_branches": 2, "missing_branches": 2}, "missing_lines": [134, 140], "excluded_lines": [], "executed_branches": [[133, 135], [139, 144]], "missing_branches": [[133, 134], [139, 140]]}}}, "dataclasses_json/cfg.py": {"executed_lines": [1, 2, 4, 6, 8, 11, 12, 16, 17, 21, 23, 24, 25, 26, 41, 44, 55, 58, 60, 63, 66, 69, 79, 80, 82, 94, 97], "summary": {"covered_lines": 26, "num_statements": 44, "percent_covered": 51.388888888888886, "percent_covered_display": "51", "missing_lines": 18, "excluded_lines": 0, "num_branches": 28, "num_partial_branches": 9, "covered_branches": 11, "missing_branches": 17}, "missing_lines": [56, 61, 64, 67, 70, 71, 72, 73, 75, 76, 77, 84, 85, 86, 87, 90, 92, 95], "excluded_lines": [], "executed_branches": [[16, 17], [17, -11], [55, 58], [60, 63], [63, 66], [66, 69], [69, 79], [79, 80], [79, 82], [82, 94], [94, 97]], "missing_branches": [[16, -16], [17, -17], [55, 56], [60, 61], [63, 64], [66, 67], [69, 70], [70, 71], [70, 75], [82, 84], [84, 85], [84, 92], [85, 86], [85, 90], [86, -86], [86, 87], [94, 95]], "functions": {"_GlobalConfig.__init__": {"executed_lines": [24, 25, 26], "summary": {"covered_lines": 3, "num_statements": 3, "percent_covered": 100.0, "percent_covered_display": "100", "missing_lines": 0, "excluded_lines": 0, "num_branches": 0, "num_partial_branches": 0, "covered_branches": 0, "missing_branches": 0}, "missing_lines": [], "excluded_lines": [], "executed_branches": [], "missing_branches": []}, "config": {"executed_lines": [55, 58, 60, 63, 66, 69, 79, 80, 82, 94, 97], "summary": {"covered_lines": 11, "num_statements": 28, "percent_covered": 38.46153846153846, "percent_covered_display": "38", "missing_lines": 17, "excluded_lines": 0, "num_branches": 24, "num_partial_branches": 7, "covered_branches": 9, "missing_branches": 15}, "missing_lines": [56, 61, 64, 67, 70, 71, 72, 75, 76, 77, 84, 85, 86, 87, 90, 92, 95], "excluded_lines": [], "executed_branches": [[55, 58], [60, 63], [63, 66], [66, 69], [69, 79], [79, 80], [79, 82], [82, 94], [94, 97]], "missing_branches": [[55, 56], [60, 61], [63, 64], [66, 67], [69, 70], [70, 71], [70, 75], [82, 84], [84, 85], [84, 92], [85, 86], [85, 90], [86, -86], [86, 87], [94, 95]]}, "config.override": {"executed_lines": [], "summary": {"covered_lines": 0, "num_statements": 1, "percent_covered": 0.0, "percent_covered_display": "0", "missing_lines": 1, "excluded_lines": 0, "num_branches": 0, "num_partial_branches": 0, "covered_branches": 0, "missing_branches": 0}, "missing_lines": [73], "excluded_lines": [], "executed_branches": [], "missing_branches": []}, "": {"executed_lines": [1, 2, 4, 6, 8, 11, 12, 16, 17, 21, 23, 41, 44], "summary": {"covered_lines": 12, "num_statements": 12, "percent_covered": 87.5, "percent_covered_display": "88", "missing_lines": 0, "excluded_lines": 0, "num_branches": 4, "num_partial_branches": 2, "covered_branches": 2, "missing_branches": 2}, "missing_lines": [], "excluded_lines": [], "executed_branches": [[16, 17], [17, -11]], "missing_branches": [[16, -16], [17, -17]]}}, "classes": {"Exclude": {"executed_lines": [], "summary": {"covered_lines": 0, "num_statements": 0, "percent_covered": 100.0, "percent_covered_display": "100", "missing_lines": 0, "excluded_lines": 0, "num_branches": 0, "num_partial_branches": 0, "covered_branches": 0, "missing_branches": 0}, "missing_lines": [], "excluded_lines": [], "executed_branches": [], "missing_branches": []}, "_GlobalConfig": {"executed_lines": [24, 25, 26], "summary": {"covered_lines": 3, "num_statements": 3, "percent_covered": 100.0, "percent_covered_display": "100", "missing_lines": 0, "excluded_lines": 0, "num_branches": 0, "num_partial_branches": 0, "covered_branches": 0, "missing_branches": 0}, "missing_lines": [], "excluded_lines": [], "executed_branches": [], "missing_branches": []}, "": {"executed_lines": [1, 2, 4, 6, 8, 11, 12, 16, 17, 21, 23, 41, 44, 55, 58, 60, 63, 66, 69, 79, 80, 82, 94, 97], "summary": {"covered_lines": 23, "num_statements": 41, "percent_covered": 49.27536231884058, "percent_covered_display": "49", "missing_lines": 18, "excluded_lines": 0, "num_branches": 28, "num_partial_branches": 9, "covered_branches": 11, "missing_branches": 17}, "missing_lines": [56, 61, 64, 67, 70, 71, 72, 73, 75, 76, 77, 84, 85, 86, 87, 90, 92, 95], "excluded_lines": [], "executed_branches": [[16, 17], [17, -11], [55, 58], [60, 63], [63, 66], [66, 69], [69, 79], [79, 80], [79, 82], [82, 94], [94, 97]], "missing_branches": [[16, -16], [17, -17], [55, 56], [60, 61], [63, 64], [66, 67], [69, 70], [70, 71], [70, 75], [82, 84], [84, 85], [84, 92], [85, 86], [85, 90], [86, -86], [86, 87], [94, 95]]}}}, "dataclasses_json/core.py": {"executed_lines": [1, 2, 3, 4, 6, 11, 12, 13, 14, 15, 17, 19, 20, 26, 28, 29, 32, 33, 35, 36, 37, 40, 41, 42, 43, 44, 45, 46, 47, 50, 53, 54, 55, 56, 57, 58, 59, 61, 63, 65, 66, 68, 69, 71, 72, 73, 75, 76, 78, 80, 83, 85, 86, 87, 90, 91, 92, 96, 97, 98, 99, 100, 103, 105, 106, 107, 109, 110, 112, 114, 115, 118, 120, 121, 122, 123, 127, 130, 211, 212, 221, 225, 230, 231, 234, 235, 236, 237, 241, 242, 243, 244, 247, 249, 267, 270, 271, 272, 274, 277, 280, 283, 290, 292, 295, 305, 308, 309, 311, 312, 315, 320, 321, 322, 323, 324, 326, 328, 330, 331, 334, 336, 338], "summary": {"covered_lines": 123, "num_statements": 205, "percent_covered": 55.28700906344411, "percent_covered_display": "55", "missing_lines": 82, "excluded_lines": 0, "num_branches": 126, "num_partial_branches": 22, "covered_branches": 60, "missing_branches": 66}, "missing_lines": [39, 49, 60, 62, 64, 77, 79, 81, 93, 104, 113, 124, 125, 126, 131, 132, 133, 134, 135, 136, 137, 138, 140, 141, 142, 143, 144, 145, 146, 149, 151, 152, 153, 156, 157, 159, 160, 161, 162, 164, 165, 171, 172, 173, 175, 176, 177, 179, 181, 184, 185, 187, 189, 194, 195, 197, 199, 200, 201, 205, 208, 216, 217, 219, 220, 222, 226, 250, 251, 254, 255, 256, 258, 262, 263, 264, 265, 269, 273, 275, 279, 306], "excluded_lines": [], "executed_branches": [[35, 36], [35, 40], [36, 37], [40, 41], [40, 42], [42, 43], [42, 44], [44, 45], [44, 46], [46, 47], [58, 59], [58, 65], [59, 61], [61, 63], [63, 58], [72, 73], [72, 87], [76, 78], [78, 80], [80, 83], [91, 92], [98, 99], [98, 115], [99, 100], [103, 105], [112, 114], [121, 122], [121, 127], [123, 121], [212, 221], [221, 225], [225, 230], [242, 243], [242, 244], [244, 247], [244, 249], [249, 267], [267, 270], [270, 271], [272, 274], [274, 277], [290, -290], [290, 292], [305, 308], [308, 309], [308, 311], [309, -309], [309, 309], [309, 312], [320, 321], [320, 330], [322, 323], [322, 326], [330, 331], [330, 334], [331, -331], [331, -315], [331, 331], [334, 334], [334, 336], [334, 338], [336, -336], [336, -315], [336, 336]], "missing_branches": [[36, 39], [46, 49], [59, 60], [61, 62], [63, 64], [76, 77], [78, 79], [80, 81], [91, 93], [99, 112], [103, 104], [112, 113], [123, 124], [125, 121], [125, 126], [131, 132], [131, 133], [135, -135], [135, 136], [137, -137], [137, 138], [138, -138], [138, 140], [140, 141], [140, 149], [141, 142], [141, 143], [143, 144], [143, 145], [145, 140], [145, 146], [153, 156], [153, 208], [156, 157], [156, 159], [161, 162], [161, 175], [164, 165], [164, 171], [176, 177], [176, 179], [181, 184], [181, 189], [184, 185], [184, 187], [189, 194], [189, 200], [194, 195], [194, 197], [200, 201], [200, 205], [212, 216], [216, 217], [216, 219], [221, 222], [225, 226], [249, 250], [250, 251], [250, 258], [267, 269], [270, 279], [272, 273], [274, 275], [305, 306], [306, -306], [306, 312]], "functions": {"_ExtendedEncoder.default": {"executed_lines": [35, 36, 37, 40, 41, 42, 43, 44, 45, 46, 47, 50], "summary": {"covered_lines": 12, "num_statements": 14, "percent_covered": 84.61538461538461, "percent_covered_display": "85", "missing_lines": 2, "excluded_lines": 0, "num_branches": 12, "num_partial_branches": 2, "covered_branches": 10, "missing_branches": 2}, "missing_lines": [39, 49], "excluded_lines": [], "executed_branches": [[35, 36], [35, 40], [36, 37], [40, 41], [40, 42], [42, 43], [42, 44], [44, 45], [44, 46], [46, 47]], "missing_branches": [[36, 39], [46, 49]]}, "_user_overrides_or_exts": {"executed_lines": [54, 55, 56, 57, 58, 59, 61, 63, 65, 66, 68, 69, 71, 72, 73, 75, 76, 78, 80, 83, 85, 86, 87], "summary": {"covered_lines": 23, "num_statements": 29, "percent_covered": 73.33333333333333, "percent_covered_display": "73", "missing_lines": 6, "excluded_lines": 0, "num_branches": 16, "num_partial_branches": 6, "covered_branches": 10, "missing_branches": 6}, "missing_lines": [60, 62, 64, 77, 79, 81], "excluded_lines": [], "executed_branches": [[58, 59], [58, 65], [59, 61], [61, 63], [63, 58], [72, 73], [72, 87], [76, 78], [78, 80], [80, 83]], "missing_branches": [[59, 60], [61, 62], [63, 64], [76, 77], [78, 79], [80, 81]]}, "_encode_json_type": {"executed_lines": [91, 92], "summary": {"covered_lines": 2, "num_statements": 3, "percent_covered": 60.0, "percent_covered_display": "60", "missing_lines": 1, "excluded_lines": 0, "num_branches": 2, "num_partial_branches": 1, "covered_branches": 1, "missing_branches": 1}, "missing_lines": [93], "excluded_lines": [], "executed_branches": [[91, 92]], "missing_branches": [[91, 93]]}, "_encode_overrides": {"executed_lines": [97, 98, 99, 100, 103, 105, 106, 107, 109, 110, 112, 114, 115], "summary": {"covered_lines": 13, "num_statements": 15, "percent_covered": 78.26086956521739, "percent_covered_display": "78", "missing_lines": 2, "excluded_lines": 0, "num_branches": 8, "num_partial_branches": 3, "covered_branches": 5, "missing_branches": 3}, "missing_lines": [104, 113], "excluded_lines": [], "executed_branches": [[98, 99], [98, 115], [99, 100], [103, 105], [112, 114]], "missing_branches": [[99, 112], [103, 104], [112, 113]]}, "_decode_letter_case_overrides": {"executed_lines": [120, 121, 122, 123, 127], "summary": {"covered_lines": 5, "num_statements": 8, "percent_covered": 57.142857142857146, "percent_covered_display": "57", "missing_lines": 3, "excluded_lines": 0, "num_branches": 6, "num_partial_branches": 1, "covered_branches": 3, "missing_branches": 3}, "missing_lines": [124, 125, 126], "excluded_lines": [], "executed_branches": [[121, 122], [121, 127], [123, 121]], "missing_branches": [[123, 124], [125, 121], [125, 126]]}, "_decode_dataclass": {"executed_lines": [], "summary": {"covered_lines": 0, "num_statements": 47, "percent_covered": 0.0, "percent_covered_display": "0", "missing_lines": 47, "excluded_lines": 0, "num_branches": 36, "num_partial_branches": 0, "covered_branches": 0, "missing_branches": 36}, "missing_lines": [131, 132, 133, 134, 135, 136, 137, 138, 140, 141, 142, 143, 144, 145, 146, 149, 151, 152, 153, 156, 157, 159, 160, 161, 162, 164, 165, 171, 172, 173, 175, 176, 177, 179, 181, 184, 185, 187, 189, 194, 195, 197, 199, 200, 201, 205, 208], "excluded_lines": [], "executed_branches": [], "missing_branches": [[131, 132], [131, 133], [135, -135], [135, 136], [137, -137], [137, 138], [138, -138], [138, 140], [140, 141], [140, 149], [141, 142], [141, 143], [143, 144], [143, 145], [145, 140], [145, 146], [153, 156], [153, 208], [156, 157], [156, 159], [161, 162], [161, 175], [164, 165], [164, 171], [176, 177], [176, 179], [181, 184], [181, 189], [184, 185], [184, 187], [189, 194], [189, 200], [194, 195], [194, 197], [200, 201], [200, 205]]}, "_support_extended_types": {"executed_lines": [212, 221, 225, 230, 231], "summary": {"covered_lines": 5, "num_statements": 11, "percent_covered": 42.10526315789474, "percent_covered_display": "42", "missing_lines": 6, "excluded_lines": 0, "num_branches": 8, "num_partial_branches": 3, "covered_branches": 3, "missing_branches": 5}, "missing_lines": [216, 217, 219, 220, 222, 226], "excluded_lines": [], "executed_branches": [[212, 221], [221, 225], [225, 230]], "missing_branches": [[212, 216], [216, 217], [216, 219], [221, 222], [225, 226]]}, "_is_supported_generic": {"executed_lines": [235, 236, 237], "summary": {"covered_lines": 3, "num_statements": 3, "percent_covered": 100.0, "percent_covered_display": "100", "missing_lines": 0, "excluded_lines": 0, "num_branches": 0, "num_partial_branches": 0, "covered_branches": 0, "missing_branches": 0}, "missing_lines": [], "excluded_lines": [], "executed_branches": [], "missing_branches": []}, "_decode_generic": {"executed_lines": [242, 243, 244, 247, 249, 267, 270, 271, 272, 274, 277, 280], "summary": {"covered_lines": 12, "num_statements": 26, "percent_covered": 50.0, "percent_covered_display": "50", "missing_lines": 14, "excluded_lines": 0, "num_branches": 16, "num_partial_branches": 5, "covered_branches": 9, "missing_branches": 7}, "missing_lines": [250, 251, 254, 255, 256, 258, 262, 263, 264, 265, 269, 273, 275, 279], "excluded_lines": [], "executed_branches": [[242, 243], [242, 244], [244, 247], [244, 249], [249, 267], [267, 270], [270, 271], [272, 274], [274, 277]], "missing_branches": [[249, 250], [250, 251], [250, 258], [267, 269], [270, 279], [272, 273], [274, 275]]}, "_decode_dict_keys": {"executed_lines": [290, 292], "summary": {"covered_lines": 2, "num_statements": 2, "percent_covered": 100.0, "percent_covered_display": "100", "missing_lines": 0, "excluded_lines": 0, "num_branches": 2, "num_partial_branches": 0, "covered_branches": 2, "missing_branches": 0}, "missing_lines": [], "excluded_lines": [], "executed_branches": [[290, -290], [290, 292]], "missing_branches": []}, "_decode_items": {"executed_lines": [305, 308, 309, 311, 312], "summary": {"covered_lines": 5, "num_statements": 6, "percent_covered": 71.42857142857143, "percent_covered_display": "71", "missing_lines": 1, "excluded_lines": 0, "num_branches": 8, "num_partial_branches": 1, "covered_branches": 5, "missing_branches": 3}, "missing_lines": [306], "excluded_lines": [], "executed_branches": [[305, 308], [308, 309], [308, 311], [309, -309], [309, 309], [309, 312]], "missing_branches": [[305, 306], [306, -306], [306, 312]]}, "_asdict": {"executed_lines": [320, 321, 322, 323, 324, 326, 328, 330, 331, 334, 336, 338], "summary": {"covered_lines": 12, "num_statements": 12, "percent_covered": 100.0, "percent_covered_display": "100", "missing_lines": 0, "excluded_lines": 0, "num_branches": 12, "num_partial_branches": 0, "covered_branches": 12, "missing_branches": 0}, "missing_lines": [], "excluded_lines": [], "executed_branches": [[320, 321], [320, 330], [322, 323], [322, 326], [330, 331], [330, 334], [331, -331], [331, -315], [331, 331], [334, 334], [334, 336], [334, 338], [336, -336], [336, -315], [336, 336]], "missing_branches": []}, "": {"executed_lines": [1, 2, 3, 4, 6, 11, 12, 13, 14, 15, 17, 19, 20, 26, 28, 29, 32, 33, 53, 90, 96, 118, 130, 211, 234, 241, 283, 295, 315], "summary": {"covered_lines": 29, "num_statements": 29, "percent_covered": 100.0, "percent_covered_display": "100", "missing_lines": 0, "excluded_lines": 0, "num_branches": 0, "num_partial_branches": 0, "covered_branches": 0, "missing_branches": 0}, "missing_lines": [], "excluded_lines": [], "executed_branches": [], "missing_branches": []}}, "classes": {"_ExtendedEncoder": {"executed_lines": [35, 36, 37, 40, 41, 42, 43, 44, 45, 46, 47, 50], "summary": {"covered_lines": 12, "num_statements": 14, "percent_covered": 84.61538461538461, "percent_covered_display": "85", "missing_lines": 2, "excluded_lines": 0, "num_branches": 12, "num_partial_branches": 2, "covered_branches": 10, "missing_branches": 2}, "missing_lines": [39, 49], "excluded_lines": [], "executed_branches": [[35, 36], [35, 40], [36, 37], [40, 41], [40, 42], [42, 43], [42, 44], [44, 45], [44, 46], [46, 47]], "missing_branches": [[36, 39], [46, 49]]}, "": {"executed_lines": [1, 2, 3, 4, 6, 11, 12, 13, 14, 15, 17, 19, 20, 26, 28, 29, 32, 33, 53, 54, 55, 56, 57, 58, 59, 61, 63, 65, 66, 68, 69, 71, 72, 73, 75, 76, 78, 80, 83, 85, 86, 87, 90, 91, 92, 96, 97, 98, 99, 100, 103, 105, 106, 107, 109, 110, 112, 114, 115, 118, 120, 121, 122, 123, 127, 130, 211, 212, 221, 225, 230, 231, 234, 235, 236, 237, 241, 242, 243, 244, 247, 249, 267, 270, 271, 272, 274, 277, 280, 283, 290, 292, 295, 305, 308, 309, 311, 312, 315, 320, 321, 322, 323, 324, 326, 328, 330, 331, 334, 336, 338], "summary": {"covered_lines": 111, "num_statements": 191, "percent_covered": 52.78688524590164, "percent_covered_display": "53", "missing_lines": 80, "excluded_lines": 0, "num_branches": 114, "num_partial_branches": 20, "covered_branches": 50, "missing_branches": 64}, "missing_lines": [60, 62, 64, 77, 79, 81, 93, 104, 113, 124, 125, 126, 131, 132, 133, 134, 135, 136, 137, 138, 140, 141, 142, 143, 144, 145, 146, 149, 151, 152, 153, 156, 157, 159, 160, 161, 162, 164, 165, 171, 172, 173, 175, 176, 177, 179, 181, 184, 185, 187, 189, 194, 195, 197, 199, 200, 201, 205, 208, 216, 217, 219, 220, 222, 226, 250, 251, 254, 255, 256, 258, 262, 263, 264, 265, 269, 273, 275, 279, 306], "excluded_lines": [], "executed_branches": [[58, 59], [58, 65], [59, 61], [61, 63], [63, 58], [72, 73], [72, 87], [76, 78], [78, 80], [80, 83], [91, 92], [98, 99], [98, 115], [99, 100], [103, 105], [112, 114], [121, 122], [121, 127], [123, 121], [212, 221], [221, 225], [225, 230], [242, 243], [242, 244], [244, 247], [244, 249], [249, 267], [267, 270], [270, 271], [272, 274], [274, 277], [290, -290], [290, 292], [305, 308], [308, 309], [308, 311], [309, -309], [309, 309], [309, 312], [320, 321], [320, 330], [322, 323], [322, 326], [330, 331], [330, 334], [331, -331], [331, -315], [331, 331], [334, 334], [334, 336], [334, 338], [336, -336], [336, -315], [336, 336]], "missing_branches": [[59, 60], [61, 62], [63, 64], [76, 77], [78, 79], [80, 81], [91, 93], [99, 112], [103, 104], [112, 113], [123, 124], [125, 121], [125, 126], [131, 132], [131, 133], [135, -135], [135, 136], [137, -137], [137, 138], [138, -138], [138, 140], [140, 141], [140, 149], [141, 142], [141, 143], [143, 144], [143, 145], [145, 140], [145, 146], [153, 156], [153, 208], [156, 157], [156, 159], [161, 162], [161, 175], [164, 165], [164, 171], [176, 177], [176, 179], [181, 184], [181, 189], [184, 185], [184, 187], [189, 194], [189, 200], [194, 195], [194, 197], [200, 201], [200, 205], [212, 216], [216, 217], [216, 219], [221, 222], [225, 226], [249, 250], [250, 251], [250, 258], [267, 269], [270, 279], [272, 273], [274, 275], [305, 306], [306, -306], [306, 312]]}}}, "dataclasses_json/mm.py": {"executed_lines": [3, 4, 5, 6, 8, 9, 10, 11, 12, 14, 16, 17, 18, 20, 22, 29, 30, 39, 49, 50, 59, 69, 70, 76, 96, 116, 136, 137, 138, 139, 140, 142, 143, 144, 146, 152, 153, 155, 156, 161, 162, 165, 169, 170, 174, 175, 178, 182, 183, 190, 191, 196, 201, 202, 210, 211, 216, 222, 227, 278, 318], "summary": {"covered_lines": 60, "num_statements": 193, "percent_covered": 22.181818181818183, "percent_covered_display": "22", "missing_lines": 133, "excluded_lines": 0, "num_branches": 82, "num_partial_branches": 1, "covered_branches": 1, "missing_branches": 81}, "missing_lines": [31, 32, 34, 35, 37, 40, 41, 43, 44, 46, 51, 52, 54, 55, 57, 60, 61, 63, 64, 66, 71, 72, 73, 74, 77, 78, 79, 80, 81, 82, 83, 84, 85, 86, 87, 89, 94, 97, 98, 99, 100, 101, 102, 103, 104, 105, 106, 108, 113, 159, 163, 167, 172, 176, 180, 188, 194, 199, 208, 214, 219, 224, 228, 229, 230, 231, 233, 235, 236, 237, 240, 242, 249, 251, 252, 255, 256, 258, 259, 261, 262, 264, 265, 267, 268, 270, 273, 275, 279, 280, 283, 284, 285, 286, 287, 289, 290, 291, 292, 293, 294, 295, 297, 298, 300, 301, 302, 303, 305, 307, 308, 310, 312, 313, 315, 322, 332, 333, 334, 336, 337, 338, 340, 342, 343, 349, 350, 351, 355, 357, 359, 360, 369], "excluded_lines": [], "executed_branches": [[142, 143]], "missing_branches": [[31, 32], [31, 34], [34, 35], [34, 37], [40, 41], [40, 43], [43, 44], [43, 46], [51, 52], [51, 54], [54, 55], [54, 57], [60, 61], [60, 63], [63, 64], [63, 66], [77, 78], [77, 79], [79, 80], [79, 89], [80, 81], [80, 86], [81, 82], [81, 85], [86, 79], [86, 87], [98, 99], [98, 104], [100, 101], [100, 104], [101, 100], [101, 102], [104, 105], [104, 108], [105, 104], [105, 106], [142, 224], [230, 231], [230, 233], [235, 236], [235, 251], [236, 237], [236, 242], [252, -252], [252, 255], [255, 256], [255, 258], [258, 259], [258, 261], [261, 262], [261, 264], [264, 265], [264, 270], [265, -265], [265, 267], [283, 284], [283, 315], [286, 287], [286, 289], [292, 293], [292, 294], [294, 295], [294, 297], [297, 298], [297, 300], [300, 301], [300, 307], [303, 305], [303, 307], [307, 308], [307, 310], [312, 283], [312, 313], [322, -322], [322, 332], [337, 338], [337, 340], [349, 350], [349, 355], [350, 351], [350, 357]], "functions": {"_TimestampField._serialize": {"executed_lines": [], "summary": {"covered_lines": 0, "num_statements": 5, "percent_covered": 0.0, "percent_covered_display": "0", "missing_lines": 5, "excluded_lines": 0, "num_branches": 4, "num_partial_branches": 0, "covered_branches": 0, "missing_branches": 4}, "missing_lines": [31, 32, 34, 35, 37], "excluded_lines": [], "executed_branches": [], "missing_branches": [[31, 32], [31, 34], [34, 35], [34, 37]]}, "_TimestampField._deserialize": {"executed_lines": [], "summary": {"covered_lines": 0, "num_statements": 5, "percent_covered": 0.0, "percent_covered_display": "0", "missing_lines": 5, "excluded_lines": 0, "num_branches": 4, "num_partial_branches": 0, "covered_branches": 0, "missing_branches": 4}, "missing_lines": [40, 41, 43, 44, 46], "excluded_lines": [], "executed_branches": [], "missing_branches": [[40, 41], [40, 43], [43, 44], [43, 46]]}, "_IsoField._serialize": {"executed_lines": [], "summary": {"covered_lines": 0, "num_statements": 5, "percent_covered": 0.0, "percent_covered_display": "0", "missing_lines": 5, "excluded_lines": 0, "num_branches": 4, "num_partial_branches": 0, "covered_branches": 0, "missing_branches": 4}, "missing_lines": [51, 52, 54, 55, 57], "excluded_lines": [], "executed_branches": [], "missing_branches": [[51, 52], [51, 54], [54, 55], [54, 57]]}, "_IsoField._deserialize": {"executed_lines": [], "summary": {"covered_lines": 0, "num_statements": 5, "percent_covered": 0.0, "percent_covered_display": "0", "missing_lines": 5, "excluded_lines": 0, "num_branches": 4, "num_partial_branches": 0, "covered_branches": 0, "missing_branches": 4}, "missing_lines": [60, 61, 63, 64, 66], "excluded_lines": [], "executed_branches": [], "missing_branches": [[60, 61], [60, 63], [63, 64], [63, 66]]}, "_UnionField.__init__": {"executed_lines": [], "summary": {"covered_lines": 0, "num_statements": 4, "percent_covered": 0.0, "percent_covered_display": "0", "missing_lines": 4, "excluded_lines": 0, "num_branches": 0, "num_partial_branches": 0, "covered_branches": 0, "missing_branches": 0}, "missing_lines": [71, 72, 73, 74], "excluded_lines": [], "executed_branches": [], "missing_branches": []}, "_UnionField._serialize": {"executed_lines": [], "summary": {"covered_lines": 0, "num_statements": 13, "percent_covered": 0.0, "percent_covered_display": "0", "missing_lines": 13, "excluded_lines": 0, "num_branches": 10, "num_partial_branches": 0, "covered_branches": 0, "missing_branches": 10}, "missing_lines": [77, 78, 79, 80, 81, 82, 83, 84, 85, 86, 87, 89, 94], "excluded_lines": [], "executed_branches": [], "missing_branches": [[77, 78], [77, 79], [79, 80], [79, 89], [80, 81], [80, 86], [81, 82], [81, 85], [86, 79], [86, 87]]}, "_UnionField._deserialize": {"executed_lines": [], "summary": {"covered_lines": 0, "num_statements": 12, "percent_covered": 0.0, "percent_covered_display": "0", "missing_lines": 12, "excluded_lines": 0, "num_branches": 10, "num_partial_branches": 0, "covered_branches": 0, "missing_branches": 10}, "missing_lines": [97, 98, 99, 100, 101, 102, 103, 104, 105, 106, 108, 113], "excluded_lines": [], "executed_branches": [], "missing_branches": [[98, 99], [98, 104], [100, 101], [100, 104], [101, 100], [101, 102], [104, 105], [104, 108], [105, 104], [105, 106]]}, "SchemaF.__init__": {"executed_lines": [152, 153], "summary": {"covered_lines": 2, "num_statements": 2, "percent_covered": 100.0, "percent_covered_display": "100", "missing_lines": 0, "excluded_lines": 0, "num_branches": 0, "num_partial_branches": 0, "covered_branches": 0, "missing_branches": 0}, "missing_lines": [], "excluded_lines": [], "executed_branches": [], "missing_branches": []}, "SchemaF.dump": {"executed_lines": [], "summary": {"covered_lines": 0, "num_statements": 1, "percent_covered": 0.0, "percent_covered_display": "0", "missing_lines": 1, "excluded_lines": 0, "num_branches": 0, "num_partial_branches": 0, "covered_branches": 0, "missing_branches": 0}, "missing_lines": [167], "excluded_lines": [], "executed_branches": [], "missing_branches": []}, "SchemaF.dumps": {"executed_lines": [], "summary": {"covered_lines": 0, "num_statements": 1, "percent_covered": 0.0, "percent_covered_display": "0", "missing_lines": 1, "excluded_lines": 0, "num_branches": 0, "num_partial_branches": 0, "covered_branches": 0, "missing_branches": 0}, "missing_lines": [180], "excluded_lines": [], "executed_branches": [], "missing_branches": []}, "SchemaF.load": {"executed_lines": [], "summary": {"covered_lines": 0, "num_statements": 1, "percent_covered": 0.0, "percent_covered_display": "0", "missing_lines": 1, "excluded_lines": 0, "num_branches": 0, "num_partial_branches": 0, "covered_branches": 0, "missing_branches": 0}, "missing_lines": [199], "excluded_lines": [], "executed_branches": [], "missing_branches": []}, "SchemaF.loads": {"executed_lines": [], "summary": {"covered_lines": 0, "num_statements": 1, "percent_covered": 0.0, "percent_covered_display": "0", "missing_lines": 1, "excluded_lines": 0, "num_branches": 0, "num_partial_branches": 0, "covered_branches": 0, "missing_branches": 0}, "missing_lines": [219], "excluded_lines": [], "executed_branches": [], "missing_branches": []}, "build_type": {"executed_lines": [], "summary": {"covered_lines": 0, "num_statements": 2, "percent_covered": 0.0, "percent_covered_display": "0", "missing_lines": 2, "excluded_lines": 0, "num_branches": 0, "num_partial_branches": 0, "covered_branches": 0, "missing_branches": 0}, "missing_lines": [228, 275], "excluded_lines": [], "executed_branches": [], "missing_branches": []}, "build_type.inner": {"executed_lines": [], "summary": {"covered_lines": 0, "num_statements": 24, "percent_covered": 0.0, "percent_covered_display": "0", "missing_lines": 24, "excluded_lines": 0, "num_branches": 18, "num_partial_branches": 0, "covered_branches": 0, "missing_branches": 18}, "missing_lines": [229, 230, 231, 233, 235, 236, 237, 240, 242, 249, 251, 252, 255, 256, 258, 259, 261, 262, 264, 265, 267, 268, 270, 273], "excluded_lines": [], "executed_branches": [], "missing_branches": [[230, 231], [230, 233], [235, 236], [235, 251], [236, 237], [236, 242], [252, -252], [252, 255], [255, 256], [255, 258], [258, 259], [258, 261], [261, 262], [261, 264], [264, 265], [264, 270], [265, -265], [265, 267]]}, "schema": {"executed_lines": [], "summary": {"covered_lines": 0, "num_statements": 27, "percent_covered": 0.0, "percent_covered_display": "0", "missing_lines": 27, "excluded_lines": 0, "num_branches": 18, "num_partial_branches": 0, "covered_branches": 0, "missing_branches": 18}, "missing_lines": [279, 280, 283, 284, 285, 286, 287, 289, 290, 291, 292, 293, 294, 295, 297, 298, 300, 301, 302, 303, 305, 307, 308, 310, 312, 313, 315], "excluded_lines": [], "executed_branches": [], "missing_branches": [[283, 284], [283, 315], [286, 287], [286, 289], [292, 293], [292, 294], [294, 295], [294, 297], [297, 298], [297, 300], [300, 301], [300, 307], [303, 305], [303, 307], [307, 308], [307, 310], [312, 283], [312, 313]]}, "build_schema": {"executed_lines": [], "summary": {"covered_lines": 0, "num_statements": 8, "percent_covered": 0.0, "percent_covered_display": "0", "missing_lines": 8, "excluded_lines": 0, "num_branches": 2, "num_partial_branches": 0, "covered_branches": 0, "missing_branches": 2}, "missing_lines": [322, 332, 333, 336, 342, 359, 360, 369], "excluded_lines": [], "executed_branches": [], "missing_branches": [[322, -322], [322, 332]]}, "build_schema.make_instance": {"executed_lines": [], "summary": {"covered_lines": 0, "num_statements": 1, "percent_covered": 0.0, "percent_covered_display": "0", "missing_lines": 1, "excluded_lines": 0, "num_branches": 0, "num_partial_branches": 0, "covered_branches": 0, "missing_branches": 0}, "missing_lines": [334], "excluded_lines": [], "executed_branches": [], "missing_branches": []}, "build_schema.dumps": {"executed_lines": [], "summary": {"covered_lines": 0, "num_statements": 3, "percent_covered": 0.0, "percent_covered_display": "0", "missing_lines": 3, "excluded_lines": 0, "num_branches": 2, "num_partial_branches": 0, "covered_branches": 0, "missing_branches": 2}, "missing_lines": [337, 338, 340], "excluded_lines": [], "executed_branches": [], "missing_branches": [[337, 338], [337, 340]]}, "build_schema.dump": {"executed_lines": [], "summary": {"covered_lines": 0, "num_statements": 6, "percent_covered": 0.0, "percent_covered_display": "0", "missing_lines": 6, "excluded_lines": 0, "num_branches": 4, "num_partial_branches": 0, "covered_branches": 0, "missing_branches": 4}, "missing_lines": [343, 349, 350, 351, 355, 357], "excluded_lines": [], "executed_branches": [], "missing_branches": [[349, 350], [349, 355], [350, 351], [350, 357]]}, "": {"executed_lines": [3, 4, 5, 6, 8, 9, 10, 11, 12, 14, 16, 17, 18, 20, 22, 29, 30, 39, 49, 50, 59, 69, 70, 76, 96, 116, 136, 137, 138, 139, 140, 142, 143, 144, 146, 155, 156, 161, 162, 165, 169, 170, 174, 175, 178, 182, 183, 190, 191, 196, 201, 202, 210, 211, 216, 222, 227, 278, 318], "summary": {"covered_lines": 58, "num_statements": 59, "percent_covered": 96.72131147540983, "percent_covered_display": "97", "missing_lines": 1, "excluded_lines": 0, "num_branches": 2, "num_partial_branches": 1, "covered_branches": 1, "missing_branches": 1}, "missing_lines": [224], "excluded_lines": [], "executed_branches": [[142, 143]], "missing_branches": [[142, 224]]}}, "classes": {"_TimestampField": {"executed_lines": [], "summary": {"covered_lines": 0, "num_statements": 10, "percent_covered": 0.0, "percent_covered_display": "0", "missing_lines": 10, "excluded_lines": 0, "num_branches": 8, "num_partial_branches": 0, "covered_branches": 0, "missing_branches": 8}, "missing_lines": [31, 32, 34, 35, 37, 40, 41, 43, 44, 46], "excluded_lines": [], "executed_branches": [], "missing_branches": [[31, 32], [31, 34], [34, 35], [34, 37], [40, 41], [40, 43], [43, 44], [43, 46]]}, "_IsoField": {"executed_lines": [], "summary": {"covered_lines": 0, "num_statements": 10, "percent_covered": 0.0, "percent_covered_display": "0", "missing_lines": 10, "excluded_lines": 0, "num_branches": 8, "num_partial_branches": 0, "covered_branches": 0, "missing_branches": 8}, "missing_lines": [51, 52, 54, 55, 57, 60, 61, 63, 64, 66], "excluded_lines": [], "executed_branches": [], "missing_branches": [[51, 52], [51, 54], [54, 55], [54, 57], [60, 61], [60, 63], [63, 64], [63, 66]]}, "_UnionField": {"executed_lines": [], "summary": {"covered_lines": 0, "num_statements": 29, "percent_covered": 0.0, "percent_covered_display": "0", "missing_lines": 29, "excluded_lines": 0, "num_branches": 20, "num_partial_branches": 0, "covered_branches": 0, "missing_branches": 20}, "missing_lines": [71, 72, 73, 74, 77, 78, 79, 80, 81, 82, 83, 84, 85, 86, 87, 89, 94, 97, 98, 99, 100, 101, 102, 103, 104, 105, 106, 108, 113], "excluded_lines": [], "executed_branches": [], "missing_branches": [[77, 78], [77, 79], [79, 80], [79, 89], [80, 81], [80, 86], [81, 82], [81, 85], [86, 79], [86, 87], [98, 99], [98, 104], [100, 101], [100, 104], [101, 100], [101, 102], [104, 105], [104, 108], [105, 104], [105, 106]]}, "SchemaF": {"executed_lines": [152, 153], "summary": {"covered_lines": 2, "num_statements": 14, "percent_covered": 14.285714285714286, "percent_covered_display": "14", "missing_lines": 12, "excluded_lines": 0, "num_branches": 0, "num_partial_branches": 0, "covered_branches": 0, "missing_branches": 0}, "missing_lines": [159, 163, 167, 172, 176, 180, 188, 194, 199, 208, 214, 219], "excluded_lines": [], "executed_branches": [], "missing_branches": []}, "": {"executed_lines": [3, 4, 5, 6, 8, 9, 10, 11, 12, 14, 16, 17, 18, 20, 22, 29, 30, 39, 49, 50, 59, 69, 70, 76, 96, 116, 136, 137, 138, 139, 140, 142, 143, 144, 146, 155, 156, 161, 162, 165, 169, 170, 174, 175, 178, 182, 183, 190, 191, 196, 201, 202, 210, 211, 216, 222, 227, 278, 318], "summary": {"covered_lines": 58, "num_statements": 130, "percent_covered": 33.52272727272727, "percent_covered_display": "34", "missing_lines": 72, "excluded_lines": 0, "num_branches": 46, "num_partial_branches": 1, "covered_branches": 1, "missing_branches": 45}, "missing_lines": [224, 228, 229, 230, 231, 233, 235, 236, 237, 240, 242, 249, 251, 252, 255, 256, 258, 259, 261, 262, 264, 265, 267, 268, 270, 273, 275, 279, 280, 283, 284, 285, 286, 287, 289, 290, 291, 292, 293, 294, 295, 297, 298, 300, 301, 302, 303, 305, 307, 308, 310, 312, 313, 315, 322, 332, 333, 334, 336, 337, 338, 340, 342, 343, 349, 350, 351, 355, 357, 359, 360, 369], "excluded_lines": [], "executed_branches": [[142, 143]], "missing_branches": [[142, 224], [230, 231], [230, 233], [235, 236], [235, 251], [236, 237], [236, 242], [252, -252], [252, 255], [255, 256], [255, 258], [258, 259], [258, 261], [261, 262], [261, 264], [264, 265], [264, 270], [265, -265], [265, 267], [283, 284], [283, 315], [286, 287], [286, 289], [292, 293], [292, 294], [294, 295], [294, 297], [297, 298], [297, 300], [300, 301], [300, 307], [303, 305], [303, 307], [307, 308], [307, 310], [312, 283], [312, 313], [322, -322], [322, 332], [337, 338], [337, 340], [349, 350], [349, 355], [350, 351], [350, 357]]}}}, "dataclasses_json/undefined.py": {"executed_lines": [1, 2, 3, 4, 5, 6, 7, 9, 11, 13, 14, 17, 18, 19, 20, 26, 27, 33, 34, 40, 41, 42, 44, 45, 50, 51, 52, 54, 56, 59, 60, 65, 66, 76, 79, 80, 86, 87, 88, 91, 93, 94, 121, 122, 130, 131, 133, 134, 135, 137, 169, 170, 193, 194, 203, 204, 205, 209, 210, 243, 244, 245, 247, 248, 249, 259, 260, 264, 265, 266, 269, 270, 273], "summary": {"covered_lines": 68, "num_statements": 143, "percent_covered": 43.50282485875706, "percent_covered_display": "44", "missing_lines": 75, "excluded_lines": 0, "num_branches": 34, "num_partial_branches": 1, "covered_branches": 9, "missing_branches": 25}, "missing_lines": [24, 31, 38, 67, 70, 71, 73, 95, 96, 98, 99, 100, 103, 105, 107, 108, 110, 112, 113, 114, 116, 118, 140, 142, 143, 145, 148, 149, 150, 151, 152, 154, 155, 156, 158, 162, 164, 166, 167, 176, 179, 182, 183, 184, 185, 189, 191, 195, 197, 198, 199, 201, 207, 211, 212, 214, 215, 216, 219, 221, 223, 224, 226, 228, 231, 233, 234, 235, 236, 237, 239, 241, 251, 252, 256], "excluded_lines": [], "executed_branches": [[51, -51], [51, 51], [51, 52], [52, -52], [52, 52], [52, 54], [54, -54], [54, 54], [54, 56], [245, -245], [245, 245], [245, 247], [248, 249]], "missing_branches": [[70, 71], [70, 73], [140, 142], [140, 164], [148, 149], [148, 150], [150, 151], [150, 152], [152, 154], [152, 158], [155, 156], [155, 166], [183, 184], [183, 185], [185, 189], [185, 191], [198, 199], [198, 201], [221, 223], [221, 224], [231, -231], [231, 233], [248, 251], [251, 252], [251, 256]], "functions": {"_UndefinedParameterAction.handle_from_dict": {"executed_lines": [], "summary": {"covered_lines": 0, "num_statements": 1, "percent_covered": 0.0, "percent_covered_display": "0", "missing_lines": 1, "excluded_lines": 0, "num_branches": 0, "num_partial_branches": 0, "covered_branches": 0, "missing_branches": 0}, "missing_lines": [24], "excluded_lines": [], "executed_branches": [], "missing_branches": []}, "_UndefinedParameterAction.handle_to_dict": {"executed_lines": [], "summary": {"covered_lines": 0, "num_statements": 1, "percent_covered": 0.0, "percent_covered_display": "0", "missing_lines": 1, "excluded_lines": 0, "num_branches": 0, "num_partial_branches": 0, "covered_branches": 0, "missing_branches": 0}, "missing_lines": [31], "excluded_lines": [], "executed_branches": [], "missing_branches": []}, "_UndefinedParameterAction.handle_dump": {"executed_lines": [], "summary": {"covered_lines": 0, "num_statements": 1, "percent_covered": 0.0, "percent_covered_display": "0", "missing_lines": 1, "excluded_lines": 0, "num_branches": 0, "num_partial_branches": 0, "covered_branches": 0, "missing_branches": 0}, "missing_lines": [38], "excluded_lines": [], "executed_branches": [], "missing_branches": []}, "_UndefinedParameterAction.create_init": {"executed_lines": [42], "summary": {"covered_lines": 1, "num_statements": 1, "percent_covered": 100.0, "percent_covered_display": "100", "missing_lines": 0, "excluded_lines": 0, "num_branches": 0, "num_partial_branches": 0, "covered_branches": 0, "missing_branches": 0}, "missing_lines": [], "excluded_lines": [], "executed_branches": [], "missing_branches": []}, "_UndefinedParameterAction._separate_defined_undefined_kvs": {"executed_lines": [50, 51, 52, 54, 56], "summary": {"covered_lines": 5, "num_statements": 5, "percent_covered": 100.0, "percent_covered_display": "100", "missing_lines": 0, "excluded_lines": 0, "num_branches": 6, "num_partial_branches": 0, "covered_branches": 6, "missing_branches": 0}, "missing_lines": [], "excluded_lines": [], "executed_branches": [[51, -51], [51, 51], [51, 52], [52, -52], [52, 52], [52, 54], [54, -54], [54, 54], [54, 56]], "missing_branches": []}, "_RaiseUndefinedParameters.handle_from_dict": {"executed_lines": [], "summary": {"covered_lines": 0, "num_statements": 4, "percent_covered": 0.0, "percent_covered_display": "0", "missing_lines": 4, "excluded_lines": 0, "num_branches": 2, "num_partial_branches": 0, "covered_branches": 0, "missing_branches": 2}, "missing_lines": [67, 70, 71, 73], "excluded_lines": [], "executed_branches": [], "missing_branches": [[70, 71], [70, 73]]}, "_IgnoreUndefinedParameters.handle_from_dict": {"executed_lines": [88, 91], "summary": {"covered_lines": 2, "num_statements": 2, "percent_covered": 100.0, "percent_covered_display": "100", "missing_lines": 0, "excluded_lines": 0, "num_branches": 0, "num_partial_branches": 0, "covered_branches": 0, "missing_branches": 0}, "missing_lines": [], "excluded_lines": [], "executed_branches": [], "missing_branches": []}, "_IgnoreUndefinedParameters.create_init": {"executed_lines": [], "summary": {"covered_lines": 0, "num_statements": 5, "percent_covered": 0.0, "percent_covered_display": "0", "missing_lines": 5, "excluded_lines": 0, "num_branches": 0, "num_partial_branches": 0, "covered_branches": 0, "missing_branches": 0}, "missing_lines": [95, 96, 98, 99, 118], "excluded_lines": [], "executed_branches": [], "missing_branches": []}, "_IgnoreUndefinedParameters.create_init._ignore_init": {"executed_lines": [], "summary": {"covered_lines": 0, "num_statements": 10, "percent_covered": 0.0, "percent_covered_display": "0", "missing_lines": 10, "excluded_lines": 0, "num_branches": 0, "num_partial_branches": 0, "covered_branches": 0, "missing_branches": 0}, "missing_lines": [100, 103, 105, 107, 108, 110, 112, 113, 114, 116], "excluded_lines": [], "executed_branches": [], "missing_branches": []}, "_CatchAllUndefinedParameters.handle_from_dict": {"executed_lines": [135, 137], "summary": {"covered_lines": 2, "num_statements": 19, "percent_covered": 6.896551724137931, "percent_covered_display": "7", "missing_lines": 17, "excluded_lines": 0, "num_branches": 10, "num_partial_branches": 0, "covered_branches": 0, "missing_branches": 10}, "missing_lines": [140, 142, 143, 145, 148, 149, 150, 151, 152, 154, 155, 156, 158, 162, 164, 166, 167], "excluded_lines": [], "executed_branches": [], "missing_branches": [[140, 142], [140, 164], [148, 149], [148, 150], [150, 151], [150, 152], [152, 154], [152, 158], [155, 156], [155, 166]]}, "_CatchAllUndefinedParameters._get_default": {"executed_lines": [], "summary": {"covered_lines": 0, "num_statements": 8, "percent_covered": 0.0, "percent_covered_display": "0", "missing_lines": 8, "excluded_lines": 0, "num_branches": 4, "num_partial_branches": 0, "covered_branches": 0, "missing_branches": 4}, "missing_lines": [176, 179, 182, 183, 184, 185, 189, 191], "excluded_lines": [], "executed_branches": [], "missing_branches": [[183, 184], [183, 185], [185, 189], [185, 191]]}, "_CatchAllUndefinedParameters.handle_to_dict": {"executed_lines": [], "summary": {"covered_lines": 0, "num_statements": 5, "percent_covered": 0.0, "percent_covered_display": "0", "missing_lines": 5, "excluded_lines": 0, "num_branches": 2, "num_partial_branches": 0, "covered_branches": 0, "missing_branches": 2}, "missing_lines": [195, 197, 198, 199, 201], "excluded_lines": [], "executed_branches": [], "missing_branches": [[198, 199], [198, 201]]}, "_CatchAllUndefinedParameters.handle_dump": {"executed_lines": [205], "summary": {"covered_lines": 1, "num_statements": 2, "percent_covered": 50.0, "percent_covered_display": "50", "missing_lines": 1, "excluded_lines": 0, "num_branches": 0, "num_partial_branches": 0, "covered_branches": 0, "missing_branches": 0}, "missing_lines": [207], "excluded_lines": [], "executed_branches": [], "missing_branches": []}, "_CatchAllUndefinedParameters.create_init": {"executed_lines": [], "summary": {"covered_lines": 0, "num_statements": 5, "percent_covered": 0.0, "percent_covered_display": "0", "missing_lines": 5, "excluded_lines": 0, "num_branches": 0, "num_partial_branches": 0, "covered_branches": 0, "missing_branches": 0}, "missing_lines": [211, 212, 214, 215, 241], "excluded_lines": [], "executed_branches": [], "missing_branches": []}, "_CatchAllUndefinedParameters.create_init._catch_all_init": {"executed_lines": [], "summary": {"covered_lines": 0, "num_statements": 14, "percent_covered": 0.0, "percent_covered_display": "0", "missing_lines": 14, "excluded_lines": 0, "num_branches": 4, "num_partial_branches": 0, "covered_branches": 0, "missing_branches": 4}, "missing_lines": [216, 219, 221, 223, 224, 226, 228, 231, 233, 234, 235, 236, 237, 239], "excluded_lines": [], "executed_branches": [], "missing_branches": [[221, 223], [221, 224], [231, -231], [231, 233]]}, "_CatchAllUndefinedParameters._get_catch_all_field": {"executed_lines": [245, 247, 248, 249], "summary": {"covered_lines": 4, "num_statements": 7, "percent_covered": 53.84615384615385, "percent_covered_display": "54", "missing_lines": 3, "excluded_lines": 0, "num_branches": 6, "num_partial_branches": 1, "covered_branches": 3, "missing_branches": 3}, "missing_lines": [251, 252, 256], "excluded_lines": [], "executed_branches": [[245, -245], [245, 245], [245, 247], [248, 249]], "missing_branches": [[248, 251], [251, 252], [251, 256]]}, "": {"executed_lines": [1, 2, 3, 4, 5, 6, 7, 9, 11, 13, 14, 17, 18, 19, 20, 26, 27, 33, 34, 40, 41, 44, 45, 59, 60, 65, 66, 76, 79, 80, 86, 87, 93, 94, 121, 122, 130, 131, 133, 134, 169, 170, 193, 194, 203, 204, 209, 210, 243, 244, 259, 260, 264, 265, 266, 269, 270, 273], "summary": {"covered_lines": 53, "num_statements": 53, "percent_covered": 100.0, "percent_covered_display": "100", "missing_lines": 0, "excluded_lines": 0, "num_branches": 0, "num_partial_branches": 0, "covered_branches": 0, "missing_branches": 0}, "missing_lines": [], "excluded_lines": [], "executed_branches": [], "missing_branches": []}}, "classes": {"_UndefinedParameterAction": {"executed_lines": [42, 50, 51, 52, 54, 56], "summary": {"covered_lines": 6, "num_statements": 9, "percent_covered": 80.0, "percent_covered_display": "80", "missing_lines": 3, "excluded_lines": 0, "num_branches": 6, "num_partial_branches": 0, "covered_branches": 6, "missing_branches": 0}, "missing_lines": [24, 31, 38], "excluded_lines": [], "executed_branches": [[51, -51], [51, 51], [51, 52], [52, -52], [52, 52], [52, 54], [54, -54], [54, 54], [54, 56]], "missing_branches": []}, "_RaiseUndefinedParameters": {"executed_lines": [], "summary": {"covered_lines": 0, "num_statements": 4, "percent_covered": 0.0, "percent_covered_display": "0", "missing_lines": 4, "excluded_lines": 0, "num_branches": 2, "num_partial_branches": 0, "covered_branches": 0, "missing_branches": 2}, "missing_lines": [67, 70, 71, 73], "excluded_lines": [], "executed_branches": [], "missing_branches": [[70, 71], [70, 73]]}, "_IgnoreUndefinedParameters": {"executed_lines": [88, 91], "summary": {"covered_lines": 2, "num_statements": 17, "percent_covered": 11.764705882352942, "percent_covered_display": "12", "missing_lines": 15, "excluded_lines": 0, "num_branches": 0, "num_partial_branches": 0, "covered_branches": 0, "missing_branches": 0}, "missing_lines": [95, 96, 98, 99, 100, 103, 105, 107, 108, 110, 112, 113, 114, 116, 118], "excluded_lines": [], "executed_branches": [], "missing_branches": []}, "_CatchAllUndefinedParameters": {"executed_lines": [135, 137, 205, 245, 247, 248, 249], "summary": {"covered_lines": 7, "num_statements": 60, "percent_covered": 11.627906976744185, "percent_covered_display": "12", "missing_lines": 53, "excluded_lines": 0, "num_branches": 26, "num_partial_branches": 1, "covered_branches": 3, "missing_branches": 23}, "missing_lines": [140, 142, 143, 145, 148, 149, 150, 151, 152, 154, 155, 156, 158, 162, 164, 166, 167, 176, 179, 182, 183, 184, 185, 189, 191, 195, 197, 198, 199, 201, 207, 211, 212, 214, 215, 216, 219, 221, 223, 224, 226, 228, 231, 233, 234, 235, 236, 237, 239, 241, 251, 252, 256], "excluded_lines": [], "executed_branches": [[245, -245], [245, 245], [245, 247], [248, 249]], "missing_branches": [[140, 142], [140, 164], [148, 149], [148, 150], [150, 151], [150, 152], [152, 154], [152, 158], [155, 156], [155, 166], [183, 184], [183, 185], [185, 189], [185, 191], [198, 199], [198, 201], [221, 223], [221, 224], [231, -231], [231, 233], [248, 251], [251, 252], [251, 256]]}, "_CatchAllUndefinedParameters._SentinelNoDefault": {"executed_lines": [], "summary": {"covered_lines": 0, "num_statements": 0, "percent_covered": 100.0, "percent_covered_display": "100", "missing_lines": 0, "excluded_lines": 0, "num_branches": 0, "num_partial_branches": 0, "covered_branches": 0, "missing_branches": 0}, "missing_lines": [], "excluded_lines": [], "executed_branches": [], "missing_branches": []}, "Undefined": {"executed_lines": [], "summary": {"covered_lines": 0, "num_statements": 0, "percent_covered": 100.0, "percent_covered_display": "100", "missing_lines": 0, "excluded_lines": 0, "num_branches": 0, "num_partial_branches": 0, "covered_branches": 0, "missing_branches": 0}, "missing_lines": [], "excluded_lines": [], "executed_branches": [], "missing_branches": []}, "UndefinedParameterError": {"executed_lines": [], "summary": {"covered_lines": 0, "num_statements": 0, "percent_covered": 100.0, "percent_covered_display": "100", "missing_lines": 0, "excluded_lines": 0, "num_branches": 0, "num_partial_branches": 0, "covered_branches": 0, "missing_branches": 0}, "missing_lines": [], "excluded_lines": [], "executed_branches": [], "missing_branches": []}, "": {"executed_lines": [1, 2, 3, 4, 5, 6, 7, 9, 11, 13, 14, 17, 18, 19, 20, 26, 27, 33, 34, 40, 41, 44, 45, 59, 60, 65, 66, 76, 79, 80, 86, 87, 93, 94, 121, 122, 130, 131, 133, 134, 169, 170, 193, 194, 203, 204, 209, 210, 243, 244, 259, 260, 264, 265, 266, 269, 270, 273], "summary": {"covered_lines": 53, "num_statements": 53, "percent_covered": 100.0, "percent_covered_display": "100", "missing_lines": 0, "excluded_lines": 0, "num_branches": 0, "num_partial_branches": 0, "covered_branches": 0, "missing_branches": 0}, "missing_lines": [], "excluded_lines": [], "executed_branches": [], "missing_branches": []}}}, "dataclasses_json/utils.py": {"executed_lines": [1, 2, 3, 4, 7, 29, 32, 33, 34, 35, 43, 44, 47, 48, 49, 50, 51, 53, 56, 57, 58, 62, 65, 66, 67, 68, 69, 74, 86, 87, 90, 91, 96, 100, 101, 104, 109, 115, 116, 117, 118, 120, 121, 129, 134, 135, 136, 137, 156], "summary": {"covered_lines": 49, "num_statements": 96, "percent_covered": 45.76271186440678, "percent_covered_display": "46", "missing_lines": 47, "excluded_lines": 0, "num_branches": 22, "num_partial_branches": 3, "covered_branches": 5, "missing_branches": 17}, "missing_lines": [9, 10, 11, 12, 13, 14, 15, 16, 18, 20, 21, 22, 23, 25, 26, 36, 37, 38, 39, 41, 59, 60, 75, 77, 78, 80, 81, 82, 83, 97, 105, 110, 111, 112, 119, 123, 124, 126, 138, 139, 141, 142, 144, 145, 146, 147, 149], "excluded_lines": [], "executed_branches": [[35, 43], [49, -49], [49, 49], [49, 50], [49, 53], [117, 118], [117, 120], [136, 137]], "missing_branches": [[9, 10], [9, 25], [35, 36], [77, 78], [77, 80], [117, 119], [123, 124], [123, 126], [136, 138], [138, 139], [138, 141], [141, 142], [141, 144], [144, 145], [144, 146], [146, 147], [146, 149]], "functions": {"_get_type_cons": {"executed_lines": [], "summary": {"covered_lines": 0, "num_statements": 15, "percent_covered": 0.0, "percent_covered_display": "0", "missing_lines": 15, "excluded_lines": 0, "num_branches": 2, "num_partial_branches": 0, "covered_branches": 0, "missing_branches": 2}, "missing_lines": [9, 10, 11, 12, 13, 14, 15, 16, 18, 20, 21, 22, 23, 25, 26], "excluded_lines": [], "executed_branches": [], "missing_branches": [[9, 10], [9, 25]]}, "_get_type_origin": {"executed_lines": [32, 33, 34, 35, 43, 44], "summary": {"covered_lines": 6, "num_statements": 11, "percent_covered": 53.84615384615385, "percent_covered_display": "54", "missing_lines": 5, "excluded_lines": 0, "num_branches": 2, "num_partial_branches": 1, "covered_branches": 1, "missing_branches": 1}, "missing_lines": [36, 37, 38, 39, 41], "excluded_lines": [], "executed_branches": [[35, 43]], "missing_branches": [[35, 36]]}, "_hasargs": {"executed_lines": [48, 49, 50, 51, 53], "summary": {"covered_lines": 5, "num_statements": 5, "percent_covered": 100.0, "percent_covered_display": "100", "missing_lines": 0, "excluded_lines": 0, "num_branches": 2, "num_partial_branches": 0, "covered_branches": 2, "missing_branches": 0}, "missing_lines": [], "excluded_lines": [], "executed_branches": [[49, -49], [49, 49], [49, 50], [49, 53]], "missing_branches": []}, "_isinstance_safe": {"executed_lines": [57, 58, 62], "summary": {"covered_lines": 3, "num_statements": 5, "percent_covered": 60.0, "percent_covered_display": "60", "missing_lines": 2, "excluded_lines": 0, "num_branches": 0, "num_partial_branches": 0, "covered_branches": 0, "missing_branches": 0}, "missing_lines": [59, 60], "excluded_lines": [], "executed_branches": [], "missing_branches": []}, "_issubclass_safe": {"executed_lines": [66, 67, 68, 69], "summary": {"covered_lines": 4, "num_statements": 4, "percent_covered": 100.0, "percent_covered_display": "100", "missing_lines": 0, "excluded_lines": 0, "num_branches": 0, "num_partial_branches": 0, "covered_branches": 0, "missing_branches": 0}, "missing_lines": [], "excluded_lines": [], "executed_branches": [], "missing_branches": []}, "_is_new_type_subclass_safe": {"executed_lines": [], "summary": {"covered_lines": 0, "num_statements": 7, "percent_covered": 0.0, "percent_covered_display": "0", "missing_lines": 7, "excluded_lines": 0, "num_branches": 2, "num_partial_branches": 0, "covered_branches": 0, "missing_branches": 2}, "missing_lines": [75, 77, 78, 80, 81, 82, 83], "excluded_lines": [], "executed_branches": [], "missing_branches": [[77, 78], [77, 80]]}, "_is_new_type": {"executed_lines": [87], "summary": {"covered_lines": 1, "num_statements": 1, "percent_covered": 100.0, "percent_covered_display": "100", "missing_lines": 0, "excluded_lines": 0, "num_branches": 0, "num_partial_branches": 0, "covered_branches": 0, "missing_branches": 0}, "missing_lines": [], "excluded_lines": [], "executed_branches": [], "missing_branches": []}, "_is_optional": {"executed_lines": [91], "summary": {"covered_lines": 1, "num_statements": 1, "percent_covered": 100.0, "percent_covered_display": "100", "missing_lines": 0, "excluded_lines": 0, "num_branches": 0, "num_partial_branches": 0, "covered_branches": 0, "missing_branches": 0}, "missing_lines": [], "excluded_lines": [], "executed_branches": [], "missing_branches": []}, "_is_mapping": {"executed_lines": [], "summary": {"covered_lines": 0, "num_statements": 1, "percent_covered": 0.0, "percent_covered_display": "0", "missing_lines": 1, "excluded_lines": 0, "num_branches": 0, "num_partial_branches": 0, "covered_branches": 0, "missing_branches": 0}, "missing_lines": [97], "excluded_lines": [], "executed_branches": [], "missing_branches": []}, "_is_collection": {"executed_lines": [101], "summary": {"covered_lines": 1, "num_statements": 1, "percent_covered": 100.0, "percent_covered_display": "100", "missing_lines": 0, "excluded_lines": 0, "num_branches": 0, "num_partial_branches": 0, "covered_branches": 0, "missing_branches": 0}, "missing_lines": [], "excluded_lines": [], "executed_branches": [], "missing_branches": []}, "_is_nonstr_collection": {"executed_lines": [], "summary": {"covered_lines": 0, "num_statements": 1, "percent_covered": 0.0, "percent_covered_display": "0", "missing_lines": 1, "excluded_lines": 0, "num_branches": 0, "num_partial_branches": 0, "covered_branches": 0, "missing_branches": 0}, "missing_lines": [105], "excluded_lines": [], "executed_branches": [], "missing_branches": []}, "_timestamp_to_dt_aware": {"executed_lines": [], "summary": {"covered_lines": 0, "num_statements": 3, "percent_covered": 0.0, "percent_covered_display": "0", "missing_lines": 3, "excluded_lines": 0, "num_branches": 0, "num_partial_branches": 0, "covered_branches": 0, "missing_branches": 0}, "missing_lines": [110, 111, 112], "excluded_lines": [], "executed_branches": [], "missing_branches": []}, "_undefined_parameter_action_safe": {"executed_lines": [116, 117, 118, 120, 121], "summary": {"covered_lines": 5, "num_statements": 9, "percent_covered": 46.15384615384615, "percent_covered_display": "46", "missing_lines": 4, "excluded_lines": 0, "num_branches": 4, "num_partial_branches": 1, "covered_branches": 1, "missing_branches": 3}, "missing_lines": [119, 123, 124, 126], "excluded_lines": [], "executed_branches": [[117, 118], [117, 120]], "missing_branches": [[117, 119], [123, 124], [123, 126]]}, "_handle_undefined_parameters_safe": {"executed_lines": [134, 135, 136, 137], "summary": {"covered_lines": 4, "num_statements": 13, "percent_covered": 21.73913043478261, "percent_covered_display": "22", "missing_lines": 9, "excluded_lines": 0, "num_branches": 10, "num_partial_branches": 1, "covered_branches": 1, "missing_branches": 9}, "missing_lines": [138, 139, 141, 142, 144, 145, 146, 147, 149], "excluded_lines": [], "executed_branches": [[136, 137]], "missing_branches": [[136, 138], [138, 139], [138, 141], [141, 142], [141, 144], [144, 145], [144, 146], [146, 147], [146, 149]]}, "": {"executed_lines": [1, 2, 3, 4, 7, 29, 47, 56, 65, 74, 86, 90, 96, 100, 104, 109, 115, 129, 156], "summary": {"covered_lines": 19, "num_statements": 19, "percent_covered": 100.0, "percent_covered_display": "100", "missing_lines": 0, "excluded_lines": 0, "num_branches": 0, "num_partial_branches": 0, "covered_branches": 0, "missing_branches": 0}, "missing_lines": [], "excluded_lines": [], "executed_branches": [], "missing_branches": []}}, "classes": {"": {"executed_lines": [1, 2, 3, 4, 7, 29, 32, 33, 34, 35, 43, 44, 47, 48, 49, 50, 51, 53, 56, 57, 58, 62, 65, 66, 67, 68, 69, 74, 86, 87, 90, 91, 96, 100, 101, 104, 109, 115, 116, 117, 118, 120, 121, 129, 134, 135, 136, 137, 156], "summary": {"covered_lines": 49, "num_statements": 96, "percent_covered": 45.76271186440678, "percent_covered_display": "46", "missing_lines": 47, "excluded_lines": 0, "num_branches": 22, "num_partial_branches": 3, "covered_branches": 5, "missing_branches": 17}, "missing_lines": [9, 10, 11, 12, 13, 14, 15, 16, 18, 20, 21, 22, 23, 25, 26, 36, 37, 38, 39, 41, 59, 60, 75, 77, 78, 80, 81, 82, 83, 97, 105, 110, 111, 112, 119, 123, 124, 126, 138, 139, 141, 142, 144, 145, 146, 147, 149], "excluded_lines": [], "executed_branches": [[35, 43], [49, -49], [49, 49], [49, 50], [49, 53], [117, 118], [117, 120], [136, 137]], "missing_branches": [[9, 10], [9, 25], [35, 36], [77, 78], [77, 80], [117, 119], [123, 124], [123, 126], [136, 138], [138, 139], [138, 141], [141, 142], [141, 144], [144, 145], [144, 146], [146, 147], [146, 149]]}}}}, "totals": {"covered_lines": 375, "num_statements": 741, "percent_covered": 44.47646493756004, "percent_covered_display": "44", "missing_lines": 366, "excluded_lines": 0, "num_branches": 300, "num_partial_branches": 38, "covered_branches": 88, "missing_branches": 212}}