{"meta": {"format": 3, "version": "7.6.1", "timestamp": "2026-07-17T03:59:04.961998", "branch_coverage": true, "show_contexts": false}, "files": {"src/black/__init__.py": {"executed_lines": [], "summary": {"covered_lines": 0, "num_statements": 2947, "percent_covered": 0.0, "percent_covered_display": "0", "missing_lines": 2947, "excluded_lines": 0, "num_branches": 1561, "num_partial_branches": 0, "covered_branches": 0, "missing_branches": 1561}, "missing_lines": [1, 2, 3, 4, 5, 6, 7, 8, 9, 10, 11, 12, 13, 14, 15, 16, 17, 18, 19, 20, 21, 22, 23, 45, 46, 48, 49, 50, 51, 52, 53, 56, 57, 58, 59, 60, 62, 64, 65, 67, 68, 69, 70, 72, 76, 77, 78, 79, 80, 81, 82, 83, 84, 85, 86, 87, 88, 89, 90, 91, 92, 93, 95, 96, 99, 103, 107, 111, 115, 116, 119, 120, 121, 123, 124, 127, 128, 129, 131, 132, 138, 139, 140, 143, 144, 145, 146, 147, 148, 150, 151, 154, 155, 157, 158, 160, 163, 164, 165, 166, 169, 170, 171, 172, 173, 174, 175, 176, 178, 179, 182, 185, 187, 188, 189, 190, 191, 194, 195, 196, 197, 198, 201, 239, 240, 241, 242, 243, 244, 245, 247, 248, 249, 254, 255, 261, 265, 268, 269, 272, 274, 275, 276, 279, 284, 285, 286, 289, 297, 298, 299, 300, 302, 303, 304, 305, 309, 310, 315, 320, 321, 322, 326, 327, 328, 329, 331, 332, 335, 343, 346, 347, 348, 356, 367, 375, 381, 390, 399, 404, 409, 414, 426, 438, 446, 455, 464, 465, 473, 487, 488, 509, 510, 511, 514, 515, 522, 523, 524, 525, 526, 527, 528, 539, 547, 548, 556, 560, 561, 562, 563, 566, 578, 579, 580, 581, 582, 583, 584, 585, 586, 587, 588, 589, 592, 593, 594, 596, 597, 598, 599, 601, 602, 603, 604, 615, 616, 617, 618, 619, 620, 622, 624, 625, 627, 628, 629, 630, 632, 634, 635, 638, 644, 645, 646, 647, 650, 658, 659, 660, 661, 662, 664, 665, 666, 667, 668, 669, 670, 673, 674, 677, 678, 679, 680, 681, 682, 685, 690, 691, 692, 694, 695, 696, 697, 702, 704, 705, 717, 718, 719, 722, 738, 739, 740, 741, 742, 743, 744, 745, 747, 748, 749, 750, 753, 754, 755, 763, 764, 765, 766, 767, 769, 770, 771, 772, 773, 774, 775, 776, 777, 779, 782, 785, 786, 787, 788, 789, 790, 793, 806, 807, 809, 810, 811, 812, 813, 814, 815, 817, 818, 819, 820, 821, 822, 823, 824, 826, 827, 829, 830, 836, 837, 838, 840, 843, 845, 846, 847, 848, 849, 850, 851, 852, 853, 854, 855, 856, 859, 869, 870, 874, 880, 881, 882, 884, 887, 896, 897, 898, 899, 900, 901, 903, 904, 907, 910, 911, 912, 913, 914, 915, 916, 917, 918, 919, 920, 921, 924, 931, 932, 934, 935, 936, 938, 939, 940, 941, 944, 974, 975, 976, 977, 978, 980, 981, 982, 988, 989, 990, 991, 996, 997, 998, 999, 1000, 1003, 1004, 1007, 1013, 1014, 1015, 1016, 1018, 1019, 1020, 1021, 1024, 1025, 1027, 1038, 1040, 1048, 1050, 1052, 1055, 1057, 1060, 1063, 1065, 1066, 1068, 1069, 1070, 1071, 1072, 1074, 1075, 1076, 1077, 1078, 1079, 1080, 1081, 1083, 1085, 1086, 1087, 1090, 1092, 1093, 1096, 1099, 1109, 1110, 1112, 1117, 1118, 1119, 1121, 1123, 1125, 1126, 1127, 1130, 1131, 1132, 1134, 1135, 1136, 1137, 1138, 1139, 1140, 1141, 1143, 1144, 1146, 1147, 1148, 1151, 1152, 1154, 1155, 1160, 1161, 1162, 1163, 1166, 1167, 1177, 1178, 1179, 1180, 1188, 1204, 1205, 1206, 1213, 1220, 1237, 1253, 1254, 1255, 1256, 1257, 1258, 1259, 1275, 1278, 1279, 1282, 1283, 1284, 1285, 1286, 1287, 1288, 1290, 1305, 1306, 1308, 1309, 1310, 1311, 1312, 1313, 1314, 1315, 1316, 1317, 1318, 1319, 1320, 1322, 1323, 1324, 1325, 1326, 1327, 1328, 1329, 1330, 1331, 1332, 1334, 1336, 1338, 1344, 1346, 1351, 1352, 1354, 1355, 1357, 1363, 1364, 1365, 1366, 1368, 1370, 1372, 1378, 1379, 1380, 1382, 1384, 1390, 1391, 1392, 1393, 1395, 1397, 1399, 1404, 1405, 1406, 1408, 1410, 1412, 1415, 1416, 1419, 1420, 1422, 1423, 1424, 1425, 1427, 1437, 1438, 1439, 1441, 1442, 1443, 1446, 1449, 1450, 1451, 1452, 1453, 1454, 1456, 1462, 1463, 1464, 1466, 1467, 1471, 1473, 1474, 1476, 1478, 1479, 1481, 1483, 1484, 1486, 1488, 1489, 1491, 1497, 1498, 1500, 1504, 1505, 1507, 1508, 1509, 1510, 1512, 1513, 1514, 1515, 1516, 1523, 1524, 1529, 1539, 1540, 1542, 1548, 1550, 1551, 1552, 1554, 1556, 1557, 1558, 1559, 1560, 1561, 1568, 1569, 1570, 1571, 1578, 1579, 1580, 1581, 1582, 1586, 1588, 1590, 1592, 1593, 1594, 1609, 1610, 1614, 1618, 1619, 1620, 1621, 1623, 1625, 1626, 1628, 1633, 1638, 1640, 1641, 1643, 1644, 1646, 1647, 1649, 1651, 1653, 1657, 1658, 1660, 1661, 1663, 1664, 1665, 1666, 1668, 1669, 1679, 1680, 1681, 1682, 1684, 1685, 1686, 1688, 1690, 1692, 1694, 1695, 1696, 1700, 1702, 1703, 1704, 1706, 1708, 1709, 1710, 1712, 1713, 1714, 1718, 1719, 1725, 1727, 1728, 1730, 1731, 1732, 1733, 1734, 1735, 1736, 1737, 1739, 1741, 1743, 1746, 1747, 1756, 1757, 1758, 1759, 1761, 1767, 1768, 1775, 1776, 1777, 1779, 1780, 1781, 1782, 1783, 1785, 1786, 1787, 1788, 1790, 1791, 1792, 1793, 1794, 1795, 1797, 1798, 1799, 1801, 1807, 1809, 1814, 1816, 1818, 1821, 1822, 1823, 1825, 1827, 1828, 1830, 1833, 1835, 1840, 1842, 1843, 1844, 1845, 1846, 1848, 1850, 1851, 1853, 1855, 1857, 1858, 1859, 1860, 1863, 1864, 1871, 1872, 1873, 1874, 1876, 1884, 1885, 1886, 1888, 1889, 1890, 1892, 1894, 1895, 1896, 1897, 1899, 1900, 1902, 1903, 1907, 1909, 1910, 1912, 1913, 1914, 1915, 1916, 1917, 1918, 1919, 1920, 1922, 1925, 1926, 1928, 1933, 1937, 1940, 1942, 1956, 1957, 1958, 1959, 1961, 1963, 1965, 1966, 1968, 1970, 1972, 1973, 1974, 1975, 1977, 1978, 1979, 1982, 1983, 1984, 1986, 1988, 1990, 1991, 1992, 1994, 1995, 1997, 1998, 1999, 2001, 2003, 2004, 2005, 2007, 2009, 2011, 2013, 2014, 2016, 2017, 2018, 2019, 2021, 2026, 2027, 2032, 2033, 2034, 2035, 2036, 2038, 2039, 2042, 2043, 2044, 2045, 2046, 2047, 2048, 2049, 2050, 2051, 2052, 2053, 2055, 2057, 2059, 2060, 2061, 2062, 2065, 2066, 2067, 2070, 2071, 2072, 2073, 2074, 2075, 2076, 2077, 2078, 2079, 2082, 2083, 2084, 2085, 2086, 2087, 2090, 2096, 2097, 2098, 2099, 2100, 2101, 2102, 2103, 2105, 2106, 2108, 2109, 2114, 2116, 2117, 2118, 2119, 2120, 2122, 2123, 2124, 2126, 2127, 2129, 2131, 2132, 2133, 2139, 2141, 2145, 2147, 2148, 2149, 2151, 2152, 2153, 2155, 2160, 2162, 2171, 2173, 2174, 2176, 2178, 2179, 2181, 2183, 2184, 2186, 2188, 2189, 2191, 2192, 2193, 2195, 2198, 2200, 2201, 2203, 2205, 2206, 2207, 2208, 2210, 2212, 2213, 2215, 2216, 2217, 2218, 2219, 2221, 2222, 2224, 2225, 2227, 2229, 2230, 2232, 2233, 2234, 2235, 2237, 2238, 2240, 2242, 2244, 2245, 2246, 2248, 2249, 2250, 2252, 2253, 2254, 2256, 2257, 2259, 2261, 2262, 2263, 2264, 2266, 2268, 2269, 2271, 2272, 2274, 2276, 2278, 2279, 2281, 2283, 2284, 2285, 2286, 2288, 2289, 2290, 2294, 2296, 2297, 2299, 2300, 2302, 2303, 2304, 2305, 2307, 2308, 2309, 2311, 2312, 2314, 2315, 2317, 2320, 2322, 2323, 2324, 2325, 2326, 2328, 2329, 2331, 2332, 2334, 2335, 2338, 2343, 2344, 2345, 2346, 2347, 2348, 2349, 2350, 2351, 2354, 2356, 2357, 2358, 2359, 2362, 2367, 2368, 2369, 2370, 2371, 2372, 2374, 2375, 2377, 2378, 2380, 2381, 2383, 2384, 2387, 2395, 2396, 2398, 2401, 2409, 2412, 2414, 2420, 2422, 2427, 2429, 2430, 2432, 2437, 2439, 2440, 2442, 2448, 2452, 2454, 2459, 2461, 2462, 2464, 2465, 2467, 2477, 2479, 2489, 2491, 2492, 2494, 2497, 2498, 2501, 2520, 2521, 2524, 2525, 2536, 2537, 2538, 2539, 2542, 2543, 2545, 2546, 2547, 2549, 2550, 2551, 2552, 2553, 2554, 2555, 2556, 2557, 2561, 2562, 2563, 2565, 2566, 2568, 2569, 2570, 2575, 2576, 2579, 2587, 2588, 2589, 2591, 2592, 2593, 2594, 2595, 2598, 2607, 2608, 2609, 2611, 2613, 2615, 2617, 2618, 2619, 2620, 2623, 2633, 2634, 2636, 2637, 2638, 2641, 2648, 2649, 2656, 2657, 2658, 2664, 2668, 2669, 2670, 2680, 2688, 2689, 2691, 2693, 2697, 2698, 2699, 2700, 2702, 2703, 2706, 2709, 2710, 2737, 2738, 2739, 2741, 2742, 2751, 2752, 2770, 2781, 2782, 2784, 2786, 2787, 2788, 2793, 2795, 2796, 2797, 2798, 2801, 2802, 2805, 2806, 2827, 2828, 2831, 2838, 2839, 2841, 2842, 2848, 2850, 2858, 2859, 2861, 2874, 2876, 2877, 2879, 2881, 2886, 2887, 2890, 2913, 2914, 2916, 2918, 2919, 2924, 2926, 2927, 2929, 2931, 2932, 2933, 2936, 2937, 2939, 2940, 2941, 2943, 2944, 2945, 2946, 2951, 2952, 2954, 2956, 2958, 2959, 2972, 2974, 2975, 2980, 2985, 2986, 2987, 2989, 2990, 2992, 2994, 3005, 3007, 3009, 3010, 3011, 3015, 3021, 3023, 3025, 3037, 3039, 3040, 3041, 3044, 3048, 3051, 3055, 3056, 3057, 3062, 3063, 3074, 3075, 3076, 3077, 3078, 3079, 3081, 3082, 3086, 3088, 3090, 3092, 3093, 3095, 3096, 3098, 3100, 3101, 3102, 3105, 3106, 3107, 3108, 3112, 3113, 3114, 3116, 3118, 3119, 3122, 3123, 3124, 3125, 3127, 3128, 3129, 3130, 3132, 3134, 3135, 3137, 3138, 3155, 3156, 3157, 3158, 3159, 3163, 3164, 3165, 3167, 3168, 3170, 3171, 3172, 3173, 3175, 3177, 3178, 3179, 3180, 3182, 3183, 3187, 3188, 3192, 3193, 3195, 3198, 3217, 3218, 3220, 3222, 3224, 3225, 3228, 3233, 3238, 3241, 3243, 3246, 3247, 3252, 3254, 3255, 3278, 3281, 3288, 3294, 3296, 3298, 3300, 3301, 3303, 3304, 3306, 3307, 3308, 3312, 3313, 3314, 3316, 3317, 3318, 3319, 3321, 3325, 3327, 3330, 3352, 3353, 3363, 3364, 3365, 3366, 3368, 3369, 3370, 3371, 3373, 3375, 3386, 3388, 3390, 3391, 3392, 3396, 3400, 3405, 3408, 3413, 3414, 3416, 3418, 3433, 3435, 3448, 3450, 3451, 3452, 3458, 3460, 3461, 3463, 3465, 3467, 3469, 3475, 3478, 3479, 3481, 3482, 3483, 3485, 3487, 3489, 3491, 3492, 3494, 3499, 3501, 3506, 3509, 3511, 3512, 3513, 3514, 3516, 3519, 3521, 3522, 3525, 3562, 3564, 3574, 3575, 3577, 3579, 3582, 3583, 3586, 3587, 3590, 3591, 3593, 3596, 3597, 3600, 3601, 3604, 3605, 3608, 3609, 3611, 3613, 3614, 3616, 3618, 3619, 3621, 3627, 3631, 3632, 3634, 3635, 3637, 3645, 3646, 3647, 3648, 3650, 3654, 3660, 3661, 3662, 3663, 3664, 3668, 3670, 3672, 3673, 3674, 3678, 3681, 3684, 3691, 3693, 3699, 3700, 3702, 3704, 3705, 3706, 3708, 3709, 3712, 3713, 3714, 3719, 3720, 3721, 3722, 3723, 3724, 3727, 3729, 3732, 3733, 3742, 3747, 3748, 3751, 3752, 3753, 3756, 3757, 3758, 3759, 3761, 3762, 3764, 3766, 3767, 3769, 3770, 3775, 3777, 3778, 3781, 3785, 3786, 3787, 3788, 3789, 3792, 3796, 3797, 3798, 3802, 3803, 3805, 3806, 3807, 3810, 3811, 3812, 3814, 3838, 3840, 3841, 3843, 3845, 3854, 3855, 3856, 3857, 3859, 3861, 3863, 3869, 3870, 3872, 3873, 3874, 3876, 3878, 3884, 3885, 3889, 3892, 3893, 3894, 3896, 3902, 3903, 3904, 3906, 3907, 3909, 3911, 3912, 3913, 3915, 3928, 3930, 3931, 3933, 3934, 3935, 3936, 3938, 3940, 3943, 3992, 3993, 3995, 3996, 3997, 3998, 3999, 4000, 4002, 4003, 4005, 4007, 4008, 4010, 4012, 4017, 4019, 4021, 4022, 4034, 4037, 4039, 4041, 4042, 4044, 4046, 4047, 4059, 4064, 4066, 4068, 4069, 4071, 4073, 4074, 4086, 4087, 4089, 4091, 4092, 4095, 4096, 4099, 4100, 4103, 4104, 4106, 4108, 4109, 4121, 4125, 4127, 4129, 4130, 4133, 4134, 4137, 4138, 4142, 4147, 4150, 4151, 4153, 4155, 4156, 4167, 4168, 4170, 4172, 4173, 4176, 4177, 4180, 4181, 4184, 4185, 4188, 4189, 4191, 4193, 4194, 4196, 4197, 4199, 4200, 4201, 4202, 4204, 4205, 4206, 4209, 4210, 4215, 4216, 4217, 4218, 4219, 4221, 4223, 4224, 4225, 4227, 4228, 4233, 4234, 4235, 4237, 4242, 4243, 4248, 4249, 4250, 4252, 4253, 4254, 4255, 4256, 4258, 4259, 4262, 4264, 4266, 4269, 4270, 4272, 4273, 4274, 4276, 4277, 4281, 4282, 4283, 4284, 4286, 4289, 4319, 4322, 4323, 4324, 4325, 4326, 4327, 4328, 4329, 4332, 4357, 4358, 4359, 4361, 4372, 4374, 4375, 4376, 4377, 4379, 4393, 4394, 4396, 4397, 4398, 4400, 4404, 4405, 4406, 4407, 4408, 4413, 4414, 4418, 4419, 4423, 4425, 4426, 4428, 4431, 4436, 4437, 4440, 4447, 4448, 4449, 4451, 4454, 4500, 4501, 4503, 4506, 4507, 4509, 4510, 4512, 4515, 4520, 4521, 4524, 4531, 4532, 4534, 4537, 4538, 4541, 4542, 4545, 4546, 4549, 4565, 4571, 4573, 4576, 4581, 4584, 4597, 4598, 4599, 4600, 4602, 4603, 4606, 4614, 4615, 4616, 4618, 4619, 4620, 4623, 4631, 4633, 4634, 4635, 4636, 4637, 4639, 4642, 4658, 4659, 4660, 4661, 4663, 4665, 4668, 4672, 4677, 4684, 4685, 4686, 4687, 4688, 4689, 4690, 4695, 4696, 4697, 4698, 4699, 4700, 4701, 4702, 4704, 4705, 4706, 4707, 4708, 4709, 4710, 4713, 4727, 4728, 4729, 4730, 4731, 4732, 4733, 4734, 4735, 4736, 4737, 4738, 4739, 4740, 4741, 4742, 4743, 4747, 4749, 4750, 4751, 4752, 4753, 4754, 4755, 4756, 4772, 4773, 4774, 4775, 4777, 4778, 4782, 4786, 4787, 4794, 4795, 4796, 4797, 4798, 4801, 4815, 4816, 4817, 4818, 4820, 4821, 4827, 4835, 4836, 4837, 4838, 4839, 4841, 4844, 4850, 4851, 4852, 4853, 4855, 4856, 4857, 4858, 4861, 4862, 4863, 4864, 4865, 4866, 4867, 4870, 4876, 4877, 4878, 4879, 4880, 4882, 4885, 4886, 4892, 4893, 4894, 4895, 4897, 4898, 4899, 4900, 4901, 4903, 4904, 4905, 4907, 4908, 4909, 4911, 4914, 4915, 4916, 4917, 4919, 4920, 4922, 4923, 4925, 4926, 4928, 4929, 4930, 4931, 4934, 4935, 4939, 4940, 4941, 4943, 4944, 4945, 4951, 4952, 4953, 4956, 4957, 4961, 4962, 4964, 4966, 4969, 4970, 4971, 4972, 4974, 4975, 4977, 4978, 4980, 4981, 4983, 4984, 4987, 4989, 4990, 4991, 4992, 5001, 5004, 5005, 5006, 5009, 5015, 5016, 5017, 5018, 5019, 5020, 5021, 5022, 5024, 5027, 5034, 5035, 5036, 5037, 5038, 5039, 5040, 5043, 5051, 5052, 5053, 5055, 5056, 5057, 5058, 5059, 5060, 5062, 5063, 5064, 5065, 5066, 5068, 5069, 5070, 5071, 5072, 5073, 5074, 5077, 5080, 5083, 5084, 5086, 5087, 5088, 5089, 5090, 5091, 5100, 5101, 5103, 5105, 5107, 5108, 5109, 5110, 5111, 5113, 5114, 5116, 5119, 5125, 5126, 5128, 5129, 5131, 5132, 5133, 5134, 5135, 5136, 5137, 5138, 5139, 5140, 5141, 5142, 5143, 5144, 5145, 5147, 5148, 5149, 5151, 5152, 5155, 5157, 5158, 5160, 5161, 5164, 5173, 5174, 5176, 5177, 5178, 5181, 5182, 5185, 5190, 5192, 5193, 5194, 5196, 5197, 5198, 5199, 5200, 5201, 5204, 5206, 5207, 5208, 5210, 5211, 5212, 5214, 5215, 5217, 5220, 5222, 5223, 5224, 5227, 5232, 5233, 5234, 5235, 5239, 5240, 5241, 5242, 5244, 5245, 5246, 5248, 5249, 5250, 5251, 5252, 5255, 5258, 5259, 5260, 5261, 5262, 5263, 5264, 5265, 5266, 5274, 5276, 5278, 5281, 5286, 5287, 5288, 5289, 5292, 5293, 5294, 5295, 5296, 5298, 5299, 5302, 5306, 5307, 5308, 5309, 5310, 5311, 5312, 5315, 5317, 5318, 5324, 5325, 5327, 5330, 5332, 5333, 5334, 5335, 5338, 5346, 5353, 5355, 5356, 5357, 5358, 5360, 5361, 5362, 5364, 5367, 5369, 5371, 5374, 5378, 5379, 5381, 5382, 5392, 5394, 5402, 5406, 5407, 5409, 5410, 5411, 5413, 5416, 5424, 5425, 5426, 5427, 5428, 5429, 5430, 5431, 5434, 5436, 5437, 5438, 5439, 5441, 5443, 5450, 5452, 5453, 5456, 5458, 5459, 5461, 5462, 5464, 5465, 5467, 5468, 5470, 5471, 5472, 5474, 5477, 5485, 5486, 5488, 5489, 5492, 5493, 5495, 5497, 5500, 5502, 5505, 5507, 5513, 5515, 5518, 5520, 5521, 5523, 5524, 5526, 5527, 5534, 5540, 5541, 5543, 5544, 5545, 5546, 5548, 5549, 5550, 5551, 5553, 5554, 5555, 5556, 5558, 5559, 5562, 5568, 5569, 5570, 5571, 5574, 5577, 5578, 5583, 5584, 5585, 5586, 5587, 5588, 5589, 5590, 5591, 5592, 5594, 5601, 5603, 5604, 5606, 5607, 5608, 5609, 5612, 5614, 5615, 5616, 5617, 5618, 5620, 5621, 5622, 5623, 5627, 5628, 5630, 5633, 5642, 5643, 5644, 5645, 5646, 5647, 5649, 5650, 5651, 5653, 5654, 5655, 5657, 5658, 5660, 5665, 5666, 5668, 5670, 5671, 5672, 5674, 5675, 5676, 5677, 5679, 5682, 5684, 5685, 5690, 5701, 5702, 5703, 5705, 5706, 5707, 5708, 5709, 5710, 5711, 5712, 5714, 5715, 5716, 5718, 5719, 5720, 5721, 5722, 5723, 5733, 5735, 5736, 5737, 5738, 5742, 5743, 5745, 5746, 5747, 5748, 5749, 5751, 5759, 5761, 5762, 5763, 5766, 5768, 5770, 5771, 5772, 5773, 5774, 5776, 5777, 5778, 5779, 5780, 5782, 5783, 5786, 5788, 5789, 5790, 5792, 5793, 5795, 5800, 5802, 5804, 5805, 5806, 5807, 5809, 5811, 5813, 5816, 5817, 5819, 5820, 5821, 5822, 5823, 5824, 5827, 5834, 5835, 5836, 5837, 5838, 5840, 5841, 5842, 5843, 5845, 5847, 5850, 5866, 5867, 5868, 5869, 5870, 5873, 5874, 5875, 5878, 5879, 5880, 5882, 5883, 5884, 5885, 5887, 5890, 5891, 5892, 5894, 5895, 5905, 5906, 5907, 5908, 5911, 5912, 5921, 5922, 5924, 5928, 5932, 5937, 5938, 5939, 5941, 5942, 5944, 5945, 5947, 5950, 5951, 5954, 5955, 5956, 5957, 5958, 5959, 5960, 5962, 5964, 5965, 5966, 5967, 5968, 5970, 5971, 5972, 5974, 5975, 5976, 5978, 5980, 5981, 5983, 5984, 5985, 5987, 5988, 5998, 5999, 6001, 6002, 6004, 6006, 6011, 6012, 6013, 6014, 6016, 6017, 6018, 6019, 6020, 6021, 6022, 6025, 6026, 6027, 6028, 6029, 6030, 6033, 6036, 6037, 6038, 6040, 6041, 6042, 6043, 6044, 6046, 6047, 6048, 6049, 6050, 6052, 6055, 6059, 6060, 6062, 6063, 6065, 6066, 6068, 6071, 6076, 6078, 6080, 6082, 6083, 6084, 6085, 6086, 6088, 6089, 6090, 6091, 6093, 6095, 6096, 6099, 6104, 6105, 6107, 6108, 6110, 6111, 6117, 6122, 6124, 6125, 6127, 6130, 6132, 6133, 6134, 6135, 6140, 6141, 6142, 6143, 6144, 6150, 6151, 6152, 6153, 6154, 6161, 6163, 6164, 6165, 6170, 6177, 6178, 6180, 6183, 6184, 6185, 6186, 6187, 6190, 6191, 6196, 6199, 6201, 6203, 6204, 6205, 6210, 6212, 6213, 6214, 6217, 6219, 6220, 6221, 6223, 6225, 6226, 6227, 6229, 6230, 6231, 6238, 6239, 6240, 6243, 6249, 6252, 6257, 6258, 6259, 6260, 6263, 6265, 6266, 6267, 6268, 6271, 6278, 6282, 6283, 6284, 6285, 6287, 6288, 6290, 6293, 6298, 6299, 6300, 6307, 6314, 6315, 6316, 6318, 6319, 6320, 6321, 6322, 6323, 6324, 6325, 6327, 6328, 6329, 6330, 6331, 6332, 6334, 6335, 6337, 6338, 6340, 6343, 6354, 6355, 6357, 6359, 6360, 6362, 6364, 6366, 6368, 6372, 6373, 6374, 6375, 6376, 6382, 6383, 6384, 6385, 6386, 6387, 6389, 6391, 6402, 6404, 6406, 6409, 6411, 6413, 6415, 6416, 6418, 6421, 6423, 6424, 6425, 6426, 6427, 6428, 6429, 6430, 6431, 6432, 6434, 6436, 6440, 6441, 6443, 6446, 6448, 6449, 6450, 6451, 6452, 6453, 6454, 6456, 6458, 6460, 6463, 6465, 6466, 6467, 6468, 6469, 6470, 6471, 6473, 6474, 6476, 6477, 6479, 6481, 6484, 6492, 6493, 6494, 6495, 6496, 6497, 6499, 6501, 6510, 6512, 6513, 6514, 6515, 6518, 6521, 6522, 6525, 6526, 6529, 6534, 6535, 6536, 6538, 6539, 6540, 6541, 6542, 6544, 6547, 6549, 6550, 6553, 6559, 6560, 6561, 6562, 6563, 6565, 6566, 6569, 6571, 6572, 6573, 6574, 6575, 6576, 6577, 6578, 6579, 6582, 6593, 6594, 6595, 6596, 6597, 6599, 6600, 6601, 6604, 6605, 6606, 6607, 6610, 6611, 6614, 6616, 6619, 6622, 6625, 6627, 6630, 6632, 6633, 6636, 6638, 6639, 6640, 6641, 6642, 6644, 6645, 6646, 6647, 6648, 6649, 6650, 6652, 6653, 6656, 6657], "excluded_lines": [], "executed_branches": [], "missing_branches": [[64, 65], [64, 67], [154, 155], [154, 157], [157, 158], [157, 160], [239, 240], [239, 241], [248, 249], [248, 254], [249, -249], [249, 255], [269, -269], [269, -268], [286, -286], [286, -279], [297, 298], [297, 302], [299, 300], [299, 302], [309, 310], [309, 315], [315, -315], [315, 320], [321, 322], [321, 326], [327, 328], [327, 329], [343, -343], [343, -335], [356, -356], [356, 367], [510, 511], [510, 514], [522, 523], [522, 524], [524, 525], [524, 527], [547, 548], [547, 556], [560, 561], [560, 563], [601, 602], [601, 635], [603, 604], [603, 615], [615, 616], [615, 617], [617, 618], [617, 634], [619, 620], [619, 622], [624, 625], [624, 627], [628, 629], [628, 632], [644, -638], [644, 645], [645, -638], [645, 646], [660, 661], [660, 664], [661, 662], [661, 678], [665, 666], [665, 670], [668, 669], [668, 670], [670, 673], [670, 674], [674, 677], [674, 678], [680, 681], [680, 682], [692, 694], [692, 695], [718, -685], [718, 719], [739, 740], [739, 744], [742, 743], [742, 744], [744, 745], [744, 747], [750, 753], [750, 755], [755, -755], [755, 763], [770, 771], [770, 787], [772, 770], [772, 773], [774, 775], [774, 776], [776, 777], [776, 779], [782, 785], [782, 786], [787, 788], [787, 789], [789, -722], [789, 790], [806, 807], [806, 809], [810, 811], [810, 812], [817, 818], [817, 820], [818, 819], [818, 840], [820, 821], [820, 840], [826, 827], [826, 829], [829, 830], [829, 840], [846, 847], [846, 856], [847, 848], [847, 849], [849, 850], [849, 851], [851, 852], [851, 853], [853, 854], [853, 855], [880, -880], [880, 884], [910, 911], [910, 912], [912, 913], [912, 921], [917, 918], [917, 920], [931, 932], [931, 934], [935, 936], [935, 938], [938, 939], [938, 941], [977, 978], [977, 980], [991, -991], [991, 996], [996, 997], [996, 1004], [1000, 996], [1000, 1003], [1015, 1016], [1015, 1018], [1020, -1007], [1020, 1021], [1025, 1027], [1025, 1038], [1038, -1038], [1038, 1040], [1038, 1048], [1050, 1052], [1050, 1055], [1055, 1057], [1055, 1060], [1065, 1066], [1065, 1068], [1068, 1069], [1068, 1083], [1085, 1086], [1085, 1087], [1109, 1110], [1109, 1112], [1118, 1119], [1118, 1121], [1125, -1123], [1125, 1126], [1126, -1123], [1126, 1127], [1130, 1131], [1130, 1132], [1136, 1137], [1136, 1146], [1140, 1141], [1140, 1143], [1148, 1151], [1148, 1152], [1161, 1162], [1161, 1163], [1278, 1279], [1278, 1280], [1305, 1306], [1305, 1308], [1310, 1311], [1310, 1316], [1314, 1315], [1314, 1316], [1317, 1318], [1317, 1325], [1319, 1320], [1319, 1322], [1323, 1324], [1323, 1325], [1325, 1326], [1325, 1330], [1328, 1329], [1328, 1330], [1344, -1344], [1344, -1338], [1351, 1352], [1351, 1354], [1355, -1355], [1355, -1346], [1363, 1364], [1363, 1368], [1372, 1378], [1372, 1382], [1390, 1391], [1390, 1395], [1399, 1404], [1399, 1408], [1415, 1416], [1415, 1417], [1438, 1439], [1438, 1441], [1441, 1442], [1441, 1443], [1443, 1446], [1443, 1449], [1449, 1450], [1449, 1453], [1451, 1452], [1451, 1453], [1453, -1427], [1453, 1454], [1462, 1463], [1462, 1471], [1463, 1464], [1463, 1466], [1466, 1467], [1466, 1471], [1500, -1500], [1500, -1497], [1550, 1551], [1550, 1554], [1551, 1550], [1551, 1552], [1561, 1568], [1561, 1578], [1579, 1580], [1579, 1590], [1580, 1579], [1580, 1581], [1581, 1582], [1581, 1588], [1582, 1586], [1582, 1588], [1593, 1594], [1593, 1609], [1609, -1609], [1609, 1610], [1610, -1610], [1610, 1614], [1614, 1618], [1614, 1623], [1618, 1619], [1618, 1623], [1619, 1618], [1619, 1620], [1620, 1619], [1620, 1621], [1626, -1626], [1626, -1625], [1633, 1638], [1633, 1640], [1640, 1641], [1640, 1643], [1643, 1644], [1643, 1646], [1646, 1647], [1646, 1649], [1653, 1657], [1653, 1660], [1660, 1661], [1660, 1663], [1663, 1664], [1663, 1668], [1669, 1679], [1669, 1685], [1679, 1680], [1679, 1684], [1703, 1704], [1703, 1706], [1708, 1709], [1708, 1714], [1709, 1710], [1709, 1712], [1712, 1713], [1712, 1714], [1714, -1714], [1714, -1700], [1727, 1728], [1727, 1730], [1734, 1735], [1734, 1736], [1736, 1737], [1736, 1739], [1746, 1747], [1746, 1748], [1781, 1782], [1781, 1783], [1783, 1785], [1783, 1790], [1792, 1793], [1792, 1798], [1794, 1795], [1794, 1797], [1798, 1799], [1798, 1801], [1801, 1807], [1801, 1809], [1809, 1814], [1809, 1816], [1821, 1822], [1821, 1823], [1823, 1825], [1823, 1827], [1827, 1828], [1827, 1830], [1830, 1833], [1830, 1835], [1835, 1840], [1835, 1842], [1842, 1843], [1842, 1857], [1843, 1844], [1843, 1845], [1845, 1846], [1845, 1851], [1846, 1848], [1846, 1850], [1851, 1853], [1851, 1855], [1858, 1859], [1858, 1860], [1863, 1864], [1863, 1865], [1884, 1885], [1884, 1888], [1894, 1895], [1894, 1920], [1896, 1897], [1896, 1912], [1897, 1899], [1897, 1900], [1900, 1902], [1900, 1907], [1913, 1914], [1913, 1916], [1916, 1917], [1916, 1918], [1918, 1919], [1918, 1920], [1957, -1942], [1957, 1958], [1958, 1959], [1958, 1961], [1965, 1966], [1965, 1968], [1973, 1974], [1973, 1982], [1974, 1975], [1974, 1977], [1982, 1983], [1982, 1984], [1991, 1992], [1991, 1997], [1994, 1991], [1994, 1995], [1998, -1986], [1998, 1999], [2003, -2001], [2003, 2004], [2017, 2018], [2017, 2019], [2027, 2032], [2027, 2036], [2039, 2042], [2039, 2055], [2047, 2048], [2047, 2052], [2048, 2049], [2048, 2050], [2050, 2051], [2050, 2052], [2102, 2103], [2102, 2105], [2105, 2106], [2105, 2108], [2109, 2114], [2109, 2116], [2117, 2118], [2117, 2173], [2119, 2120], [2119, 2122], [2122, 2123], [2122, 2131], [2123, 2124], [2123, 2126], [2126, 2127], [2126, 2129], [2131, 2132], [2131, 2147], [2132, 2133], [2132, 2176], [2133, 2139], [2133, 2141], [2141, 2145], [2141, 2176], [2147, 2148], [2147, 2151], [2148, 2149], [2148, 2176], [2151, 2152], [2151, 2155], [2152, 2153], [2152, 2176], [2155, 2160], [2155, 2162], [2162, 2171], [2162, 2176], [2173, 2174], [2173, 2176], [2176, 2178], [2176, 2181], [2178, 2179], [2178, 2317], [2181, 2183], [2181, 2186], [2183, 2184], [2183, 2317], [2186, 2188], [2186, 2203], [2188, 2189], [2188, 2191], [2191, 2192], [2191, 2195], [2192, 2193], [2192, 2317], [2195, 2198], [2195, 2200], [2200, 2201], [2200, 2317], [2203, 2205], [2203, 2210], [2205, 2206], [2205, 2317], [2207, 2208], [2207, 2317], [2210, 2212], [2210, 2227], [2212, 2213], [2212, 2215], [2215, 2216], [2215, 2224], [2216, 2217], [2216, 2221], [2218, 2219], [2218, 2317], [2221, 2222], [2221, 2317], [2224, 2225], [2224, 2317], [2227, 2229], [2227, 2240], [2229, 2230], [2229, 2232], [2232, 2233], [2232, 2237], [2234, 2235], [2234, 2317], [2237, 2238], [2237, 2317], [2240, 2242], [2240, 2244], [2244, 2245], [2244, 2252], [2245, 2246], [2245, 2248], [2249, 2250], [2249, 2317], [2252, 2253], [2252, 2259], [2253, 2254], [2253, 2256], [2256, 2257], [2256, 2317], [2259, 2261], [2259, 2271], [2261, 2262], [2261, 2268], [2263, 2264], [2263, 2266], [2268, 2269], [2268, 2317], [2271, 2272], [2271, 2276], [2272, 2274], [2272, 2317], [2276, 2278], [2276, 2281], [2278, 2279], [2278, 2317], [2281, 2283], [2281, 2302], [2283, 2284], [2283, 2299], [2285, 2286], [2285, 2288], [2290, 2294], [2290, 2296], [2296, 2297], [2296, 2317], [2299, 2300], [2299, 2317], [2302, 2303], [2302, 2314], [2303, 2304], [2303, 2307], [2304, 2305], [2304, 2317], [2307, 2308], [2307, 2317], [2308, 2309], [2308, 2311], [2311, 2312], [2311, 2317], [2314, 2315], [2314, 2317], [2322, 2323], [2322, 2335], [2324, 2325], [2324, 2334], [2325, 2326], [2325, 2328], [2343, 2344], [2343, 2345], [2345, 2346], [2345, 2347], [2347, 2348], [2347, 2349], [2349, 2350], [2349, 2351], [2357, 2358], [2357, 2359], [2369, 2370], [2369, 2384], [2371, 2372], [2371, 2374], [2374, 2375], [2374, 2377], [2377, 2378], [2377, 2380], [2380, 2381], [2380, 2383], [2395, 2396], [2395, 2398], [2409, 2412], [2409, 2414], [2414, 2420], [2414, 2422], [2422, 2427], [2422, 2429], [2429, 2430], [2429, 2432], [2432, 2437], [2432, 2439], [2439, 2440], [2439, 2442], [2442, 2448], [2442, 2454], [2448, 2452], [2448, 2454], [2454, 2459], [2454, 2461], [2461, 2462], [2461, 2464], [2464, 2465], [2464, 2467], [2467, 2477], [2467, 2479], [2479, 2489], [2479, 2491], [2491, 2492], [2491, 2494], [2520, -2501], [2520, 2521], [2524, 2525], [2524, 2526], [2546, 2547], [2546, 2549], [2552, 2553], [2552, 2576], [2555, 2556], [2555, 2557], [2557, 2561], [2557, 2565], [2561, 2562], [2561, 2563], [2565, 2566], [2565, 2568], [2588, 2589], [2588, 2591], [2591, 2592], [2591, 2593], [2593, 2594], [2593, 2595], [2607, 2608], [2607, 2611], [2623, 2633], [2623, 2637], [2633, 2634], [2633, 2636], [2637, 2638], [2637, 2641], [2648, 2649], [2648, 2664], [2656, 2648], [2656, 2657], [2668, 2669], [2668, 2688], [2669, 2670], [2669, 2680], [2688, 2689], [2688, 2691], [2693, 2697], [2693, 2706], [2709, 2710], [2709, 2711], [2781, -2781], [2781, 2782], [2781, 2784], [2786, 2787], [2786, 2793], [2795, -2770], [2795, 2796], [2796, 2797], [2796, 2801], [2805, 2806], [2805, 2807], [2918, 2919], [2918, 2929], [2919, 2924], [2919, 2926], [2926, 2918], [2926, 2927], [2936, 2937], [2936, 2939], [2940, 2941], [2940, 2943], [2943, 2944], [2943, 2956], [2975, 2980], [2975, 2985], [3010, 3011], [3010, 3015], [3057, 3062], [3057, 3074], [3078, 3079], [3078, 3100], [3086, 3088], [3086, 3090], [3101, 3102], [3101, 3105], [3106, 3107], [3106, 3116], [3118, 3119], [3118, 3122], [3123, 3124], [3123, 3134], [3124, 3125], [3124, 3127], [3127, 3128], [3127, 3132], [3128, 3129], [3128, 3130], [3158, 3159], [3158, 3182], [3159, 3163], [3159, 3167], [3163, 3164], [3163, 3165], [3167, 3168], [3167, 3170], [3172, 3173], [3172, 3175], [3177, 3158], [3177, 3178], [3179, 3158], [3179, 3180], [3182, 3183], [3182, 3187], [3187, 3188], [3187, 3192], [3192, 3193], [3192, 3195], [3222, 3224], [3222, 3298], [3224, 3225], [3224, 3228], [3228, 3233], [3228, 3238], [3238, 3241], [3238, 3243], [3252, 3254], [3252, 3281], [3255, -3255], [3255, 3278], [3255, 3281], [3281, 3222], [3281, 3288], [3288, 3294], [3288, 3296], [3306, 3307], [3306, 3312], [3307, 3306], [3307, 3308], [3365, 3366], [3365, 3368], [3370, 3371], [3370, 3373], [3391, 3392], [3391, 3396], [3396, -3396], [3396, 3400], [3396, 3405], [3405, 3408], [3405, 3413], [3413, 3414], [3413, 3416], [3450, 3451], [3450, 3481], [3452, 3458], [3452, 3460], [3461, 3463], [3461, 3465], [3465, 3467], [3465, 3469], [3469, 3475], [3469, 3481], [3478, 3479], [3478, 3481], [3481, 3482], [3481, 3511], [3483, 3485], [3483, 3487], [3487, 3489], [3487, 3491], [3491, 3492], [3491, 3511], [3494, 3499], [3494, 3511], [3501, 3506], [3501, 3509], [3512, 3513], [3512, 3521], [3513, 3514], [3513, 3519], [3582, 3583], [3582, 3586], [3586, 3587], [3586, 3590], [3590, 3591], [3590, 3593], [3600, 3601], [3600, 3604], [3604, 3605], [3604, 3608], [3608, 3609], [3608, 3611], [3645, -3637], [3645, 3646], [3673, 3674], [3673, 3681], [3684, -3684], [3684, 3691], [3699, 3700], [3699, 3702], [3705, 3706], [3705, 3764], [3706, 3708], [3706, 3712], [3714, 3719], [3714, 3729], [3719, 3720], [3719, 3727], [3733, 3742], [3733, 3751], [3766, 3767], [3766, 3769], [3781, 3785], [3781, 3810], [3786, 3787], [3786, 3792], [3788, 3786], [3788, 3789], [3792, 3796], [3792, 3802], [3854, 3855], [3854, 3859], [3856, 3857], [3856, 3859], [3869, 3870], [3869, 3872], [3872, 3873], [3872, 3876], [3873, 3872], [3873, 3874], [3893, 3894], [3893, 3896], [3896, 3902], [3896, 3909], [3903, 3904], [3903, 3906], [3906, 3907], [3906, 3909], [3912, -3911], [3912, 3913], [3930, 3931], [3930, 3940], [4002, 4003], [4002, 4019], [4005, 4007], [4005, 4017], [4008, 4010], [4008, 4017], [4010, 4012], [4010, 4017], [4034, 4037], [4034, 4044], [4041, 4042], [4041, 4044], [4059, 4064], [4059, 4071], [4068, 4069], [4068, 4071], [4086, 4087], [4086, 4106], [4089, 4091], [4089, 4106], [4091, 4089], [4091, 4092], [4095, 4089], [4095, 4096], [4103, 4089], [4103, 4104], [4121, 4125], [4121, 4153], [4127, 4129], [4127, 4153], [4129, 4127], [4129, 4130], [4133, 4127], [4133, 4134], [4142, 4147], [4142, 4150], [4150, 4127], [4150, 4151], [4167, 4168], [4167, 4191], [4170, 4172], [4170, 4191], [4172, 4170], [4172, 4173], [4176, 4170], [4176, 4177], [4184, 4185], [4184, 4188], [4188, 4170], [4188, 4189], [4201, 4202], [4201, 4204], [4205, 4206], [4205, 4209], [4216, 4217], [4216, 4221], [4224, 4225], [4224, 4227], [4233, 4234], [4233, 4237], [4234, 4233], [4234, 4235], [4253, 4254], [4253, 4266], [4255, 4256], [4255, 4258], [4258, 4259], [4258, 4264], [4273, 4274], [4273, 4276], [4281, 4282], [4281, 4286], [4375, 4376], [4375, 4377], [4393, 4394], [4393, 4396], [4397, 4398], [4397, 4400], [4404, 4405], [4404, 4413], [4405, 4406], [4405, 4428], [4407, 4408], [4407, 4428], [4413, 4414], [4413, 4418], [4418, 4419], [4418, 4423], [4425, 4426], [4425, 4428], [4447, 4448], [4447, 4451], [4448, 4447], [4448, 4449], [4531, 4532], [4531, 4534], [4597, -4584], [4597, 4598], [4602, 4597], [4602, 4603], [4615, 4616], [4615, 4618], [4619, -4606], [4619, 4620], [4635, 4636], [4635, 4639], [4660, 4661], [4660, 4663], [4689, 4690], [4689, 4701], [4690, 4695], [4690, 4696], [4697, 4689], [4697, 4698], [4698, 4689], [4698, 4699], [4701, 4702], [4701, 4704], [4708, -4677], [4708, 4709], [4709, 4708], [4709, 4710], [4733, 4734], [4733, 4743], [4734, 4735], [4734, 4737], [4735, 4736], [4735, 4737], [4738, 4733], [4738, 4739], [4739, 4733], [4739, 4740], [4743, 4747], [4743, 4749], [4756, 4772], [4756, 4794], [4778, 4782], [4778, 4786], [4786, 4787], [4786, 4794], [4796, -4713], [4796, 4797], [4797, 4796], [4797, 4798], [4816, -4801], [4816, 4817], [4817, 4818], [4817, 4820], [4820, -4801], [4820, 4821], [4836, 4837], [4836, 4861], [4839, 4841], [4839, 4861], [4844, -4844], [4844, 4850], [4850, 4851], [4850, 4861], [4851, 4852], [4851, 4861], [4852, 4853], [4852, 4855], [4855, 4856], [4855, 4858], [4861, 4862], [4861, 4865], [4863, 4861], [4863, 4864], [4865, 4866], [4865, 4867], [4878, -4876], [4878, 4879], [4903, 4904], [4903, 4907], [4904, 4905], [4904, 4907], [4922, 4923], [4922, 4944], [4925, 4926], [4925, 4928], [4929, 4930], [4929, 4939], [4930, 4931], [4930, 4934], [4934, 4935], [4934, 4939], [4940, 4922], [4940, 4941], [4944, -4885], [4944, 4945], [4945, 4951], [4945, 4953], [4961, 4962], [4961, 4964], [4977, 4978], [4977, 4983], [4980, 4977], [4980, 4981], [4983, -4956], [4983, 4984], [5015, 5016], [5015, 5024], [5017, 5018], [5017, 5024], [5019, 5020], [5019, 5021], [5038, 5039], [5038, 5040], [5052, 5053], [5052, 5055], [5055, 5056], [5055, 5058], [5058, 5059], [5058, 5062], [5065, 5066], [5065, 5068], [5073, 5074], [5073, 5083], [5074, 5077], [5074, 5080], [5084, 5086], [5084, 5088], [5090, 5091], [5090, 5105], [5100, 5101], [5100, 5105], [5101, 5100], [5101, 5103], [5105, 5107], [5105, 5108], [5110, 5111], [5110, 5113], [5113, 5114], [5113, 5116], [5126, 5128], [5126, 5129], [5129, 5131], [5129, 5133], [5133, 5134], [5133, 5143], [5136, 5137], [5136, 5139], [5139, 5140], [5139, 5141], [5143, 5144], [5143, 5151], [5147, 5148], [5147, 5149], [5157, 5158], [5157, 5160], [5173, 5174], [5173, 5177], [5174, 5173], [5174, 5176], [5178, -5164], [5178, 5181], [5181, 5182], [5181, 5185], [5185, 5190], [5185, 5192], [5192, 5193], [5192, 5217], [5193, 5194], [5193, 5196], [5196, 5197], [5196, 5199], [5197, 5198], [5197, 5217], [5199, 5200], [5199, 5201], [5201, 5204], [5201, 5214], [5204, 5206], [5204, 5208], [5208, 5210], [5208, 5212], [5214, 5215], [5214, 5217], [5223, -5220], [5223, 5224], [5232, 5233], [5232, 5278], [5234, 5232], [5234, 5235], [5235, 5239], [5235, 5276], [5239, 5240], [5239, 5244], [5241, 5242], [5241, 5244], [5245, 5246], [5245, 5248], [5252, -5252], [5252, 5255], [5255, 5258], [5255, 5259], [5260, 5261], [5260, 5264], [5262, 5260], [5262, 5263], [5287, -5281], [5287, 5288], [5288, 5289], [5288, 5292], [5292, 5293], [5292, 5298], [5293, 5287], [5293, 5294], [5294, 5295], [5294, 5296], [5307, 5308], [5307, 5312], [5308, 5309], [5308, 5310], [5310, 5307], [5310, 5311], [5317, 5318], [5317, 5327], [5318, 5317], [5318, 5324], [5324, 5317], [5324, 5325], [5332, 5333], [5332, 5335], [5333, 5332], [5333, 5334], [5346, 5353], [5346, 5355], [5357, 5358], [5357, 5371], [5364, 5367], [5364, 5369], [5378, 5379], [5378, 5381], [5406, 5407], [5406, 5409], [5410, 5411], [5410, 5413], [5436, 5437], [5436, 5443], [5438, 5439], [5438, 5441], [5458, 5459], [5458, 5461], [5461, 5462], [5461, 5464], [5464, 5465], [5464, 5467], [5467, 5468], [5467, 5470], [5471, 5472], [5471, 5474], [5485, 5486], [5485, 5488], [5489, 5492], [5489, 5497], [5492, 5493], [5492, 5495], [5507, 5513], [5507, 5515], [5520, 5521], [5520, 5523], [5523, 5524], [5523, 5526], [5527, -5527], [5527, -5518], [5540, 5541], [5540, 5543], [5545, 5546], [5545, 5548], [5549, 5550], [5549, 5555], [5550, 5551], [5550, 5553], [5553, 5549], [5553, 5554], [5568, 5569], [5568, 5570], [5570, -5562], [5570, 5571], [5577, 5578], [5577, 5583], [5587, 5588], [5587, 5590], [5603, 5604], [5603, 5606], [5607, 5608], [5607, 5612], [5608, 5607], [5608, 5609], [5616, 5617], [5616, 5630], [5617, 5618], [5617, 5620], [5621, 5616], [5621, 5622], [5623, 5616], [5623, 5627], [5643, 5644], [5643, 5679], [5644, 5645], [5644, 5649], [5646, 5643], [5646, 5647], [5649, 5650], [5649, 5653], [5650, 5643], [5650, 5651], [5653, 5654], [5653, 5657], [5654, 5643], [5654, 5655], [5657, 5658], [5657, 5660], [5660, 5643], [5660, 5665], [5665, 5666], [5665, 5668], [5670, 5643], [5670, 5671], [5671, 5672], [5671, 5674], [5674, 5670], [5674, 5675], [5675, 5670], [5675, 5676], [5676, 5675], [5676, 5677], [5685, -5685], [5685, -5682], [5702, 5703], [5702, 5705], [5709, -5690], [5709, 5710], [5711, 5712], [5711, 5714], [5715, 5716], [5715, 5718], [5718, 5719], [5718, 5736], [5719, 5720], [5719, 5721], [5721, 5709], [5721, 5722], [5723, 5733], [5723, 5735], [5736, 5709], [5736, 5737], [5738, 5742], [5738, 5745], [5745, 5746], [5745, 5751], [5751, 5759], [5751, 5761], [5761, 5709], [5761, 5762], [5771, -5770], [5771, 5772], [5772, 5773], [5772, 5776], [5773, 5771], [5773, 5774], [5776, 5777], [5776, 5782], [5782, 5783], [5782, 5786], [5788, 5789], [5788, 5813], [5789, 5790], [5789, 5792], [5793, 5795], [5793, 5804], [5795, 5800], [5795, 5802], [5804, 5805], [5804, 5811], [5806, 5807], [5806, 5809], [5821, 5822], [5821, 5824], [5822, 5823], [5822, 5824], [5836, 5837], [5836, 5840], [5841, 5842], [5841, 5845], [5867, -5850], [5867, 5868], [5869, 5870], [5869, 5873], [5873, 5874], [5873, 5878], [5879, 5880], [5879, 5882], [5883, 5884], [5883, 5887], [5890, 5891], [5890, 5894], [5894, 5895], [5894, 5905], [5905, 5867], [5905, 5906], [5907, 5867], [5907, 5908], [5921, 5922], [5921, 5924], [5924, -5924], [5924, 5928], [5928, -5928], [5928, 5932], [5932, -5932], [5932, 5937], [5937, 5938], [5937, 5947], [5938, 5939], [5938, 5941], [5941, 5942], [5941, 5944], [5944, 5937], [5944, 5945], [5950, 5951], [5950, 5952], [5964, 5965], [5964, 5970], [5966, 5967], [5966, 5968], [5970, 5971], [5970, 5976], [5971, 5972], [5971, 5974], [5984, -5983], [5984, 5985], [5998, 5999], [5998, 6001], [6001, 6002], [6001, 6004], [6011, 6012], [6011, 6016], [6020, 6021], [6020, 6025], [6025, 6026], [6025, 6028], [6028, 6029], [6028, 6033], [6038, 6040], [6038, 6046], [6040, 6041], [6040, 6052], [6046, 6047], [6046, 6052], [6059, 6060], [6059, 6062], [6062, 6063], [6062, 6065], [6065, 6066], [6065, 6068], [6080, 6082], [6080, 6127], [6083, 6084], [6083, 6085], [6085, 6086], [6085, 6088], [6095, 6096], [6095, 6110], [6096, 6080], [6096, 6099], [6099, 6104], [6099, 6107], [6104, 6096], [6104, 6105], [6107, 6096], [6107, 6108], [6110, 6111], [6110, 6117], [6117, 6122], [6117, 6124], [6152, -6130], [6152, 6153], [6164, -6161], [6164, 6165], [6180, 6183], [6180, 6187], [6183, 6180], [6183, 6184], [6185, 6183], [6185, 6186], [6203, -6203], [6203, 6204], [6204, -6204], [6204, 6205], [6213, -6210], [6213, 6214], [6220, 6221], [6220, 6223], [6225, -6225], [6225, 6226], [6226, 6227], [6226, 6229], [6229, 6230], [6229, 6231], [6257, 6258], [6257, 6259], [6266, -6263], [6266, 6267], [6282, -6271], [6282, 6283], [6284, 6285], [6284, 6287], [6287, 6288], [6287, 6290], [6298, 6299], [6298, 6300], [6315, 6316], [6315, 6318], [6318, 6319], [6318, 6340], [6322, 6323], [6322, 6340], [6323, 6324], [6323, 6328], [6324, 6325], [6324, 6327], [6328, 6329], [6328, 6330], [6330, 6331], [6330, 6334], [6331, 6332], [6331, 6337], [6334, 6335], [6334, 6337], [6337, 6322], [6337, 6338], [6355, 6357], [6355, 6359], [6360, 6362], [6360, 6364], [6364, 6366], [6364, 6368], [6374, 6375], [6374, 6382], [6375, 6376], [6375, 6382], [6384, 6385], [6384, 6391], [6391, 6402], [6391, 6418], [6402, 6404], [6402, 6406], [6406, 6409], [6406, 6411], [6411, 6413], [6411, 6415], [6415, 6416], [6415, 6418], [6426, 6427], [6426, 6440], [6427, 6428], [6427, 6429], [6429, 6426], [6429, 6430], [6431, 6432], [6431, 6434], [6434, 6426], [6434, 6436], [6440, 6441], [6440, 6443], [6450, 6451], [6450, 6460], [6452, 6453], [6452, 6456], [6453, 6450], [6453, 6454], [6456, 6450], [6456, 6458], [6467, 6468], [6467, 6481], [6468, 6469], [6468, 6473], [6469, 6470], [6469, 6471], [6473, 6474], [6473, 6476], [6476, 6477], [6476, 6479], [6492, 6493], [6492, 6494], [6495, 6496], [6495, 6501], [6496, 6497], [6496, 6499], [6501, -6501], [6501, 6510], [6501, 6512], [6518, -6518], [6518, 6521], [6518, 6522], [6535, 6536], [6535, 6538], [6538, -6529], [6538, 6539], [6538, 6544], [6560, 6561], [6560, 6566], [6562, 6563], [6562, 6565], [6574, -6574], [6574, 6575], [6575, 6576], [6575, 6577], [6599, -6582], [6599, 6600], [6600, 6599], [6600, 6601], [6601, -6601], [6601, 6599], [6611, 6614], [6611, 6616], [6616, 6619], [6616, 6622], [6622, 6625], [6622, 6627], [6632, 6633], [6632, 6636], [6639, 6640], [6639, 6644], [6641, 6639], [6641, 6642], [6645, 6646], [6645, 6653], [6647, 6648], [6647, 6653], [6649, 6650], [6649, 6652], [6656, -1], [6656, 6657]], "functions": {"Ok.__init__": {"executed_lines": [], "summary": {"covered_lines": 0, "num_statements": 1, "percent_covered": 0.0, "percent_covered_display": "0", "missing_lines": 1, "excluded_lines": 0, "num_branches": 0, "num_partial_branches": 0, "covered_branches": 0, "missing_branches": 0}, "missing_lines": [121], "excluded_lines": [], "executed_branches": [], "missing_branches": []}, "Ok.ok": {"executed_lines": [], "summary": {"covered_lines": 0, "num_statements": 1, "percent_covered": 0.0, "percent_covered_display": "0", "missing_lines": 1, "excluded_lines": 0, "num_branches": 0, "num_partial_branches": 0, "covered_branches": 0, "missing_branches": 0}, "missing_lines": [124], "excluded_lines": [], "executed_branches": [], "missing_branches": []}, "Err.__init__": {"executed_lines": [], "summary": {"covered_lines": 0, "num_statements": 1, "percent_covered": 0.0, "percent_covered_display": "0", "missing_lines": 1, "excluded_lines": 0, "num_branches": 0, "num_partial_branches": 0, "covered_branches": 0, "missing_branches": 0}, "missing_lines": [129], "excluded_lines": [], "executed_branches": [], "missing_branches": []}, "Err.err": {"executed_lines": [], "summary": {"covered_lines": 0, "num_statements": 1, "percent_covered": 0.0, "percent_covered_display": "0", "missing_lines": 1, "excluded_lines": 0, "num_branches": 0, "num_partial_branches": 0, "covered_branches": 0, "missing_branches": 0}, "missing_lines": [132], "excluded_lines": [], "executed_branches": [], "missing_branches": []}, "WriteBack.from_configuration": {"executed_lines": [], "summary": {"covered_lines": 0, "num_statements": 5, "percent_covered": 0.0, "percent_covered_display": "0", "missing_lines": 5, "excluded_lines": 0, "num_branches": 4, "num_partial_branches": 0, "covered_branches": 0, "missing_branches": 4}, "missing_lines": [154, 155, 157, 158, 160], "excluded_lines": [], "executed_branches": [], "missing_branches": [[154, 155], [154, 157], [157, 158], [157, 160]]}, "TargetVersion.is_python2": {"executed_lines": [], "summary": {"covered_lines": 0, "num_statements": 1, "percent_covered": 0.0, "percent_covered_display": "0", "missing_lines": 1, "excluded_lines": 0, "num_branches": 0, "num_partial_branches": 0, "covered_branches": 0, "missing_branches": 0}, "missing_lines": [179], "excluded_lines": [], "executed_branches": [], "missing_branches": []}, "Mode.get_cache_key": {"executed_lines": [], "summary": {"covered_lines": 0, "num_statements": 5, "percent_covered": 0.0, "percent_covered_display": "0", "missing_lines": 5, "excluded_lines": 0, "num_branches": 4, "num_partial_branches": 0, "covered_branches": 0, "missing_branches": 4}, "missing_lines": [248, 249, 254, 255, 261], "excluded_lines": [], "executed_branches": [], "missing_branches": [[248, 249], [248, 254], [249, -249], [249, 255]]}, "supports_feature": {"executed_lines": [], "summary": {"covered_lines": 0, "num_statements": 1, "percent_covered": 0.0, "percent_covered_display": "0", "missing_lines": 1, "excluded_lines": 0, "num_branches": 2, "num_partial_branches": 0, "covered_branches": 0, "missing_branches": 2}, "missing_lines": [269], "excluded_lines": [], "executed_branches": [], "missing_branches": [[269, -269], [269, -268]]}, "find_pyproject_toml": {"executed_lines": [], "summary": {"covered_lines": 0, "num_statements": 3, "percent_covered": 0.0, "percent_covered_display": "0", "missing_lines": 3, "excluded_lines": 0, "num_branches": 0, "num_partial_branches": 0, "covered_branches": 0, "missing_branches": 0}, "missing_lines": [274, 275, 276], "excluded_lines": [], "executed_branches": [], "missing_branches": []}, "parse_pyproject_toml": {"executed_lines": [], "summary": {"covered_lines": 0, "num_statements": 3, "percent_covered": 0.0, "percent_covered_display": "0", "missing_lines": 3, "excluded_lines": 0, "num_branches": 2, "num_partial_branches": 0, "covered_branches": 0, "missing_branches": 2}, "missing_lines": [284, 285, 286], "excluded_lines": [], "executed_branches": [], "missing_branches": [[286, -286], [286, -279]]}, "read_pyproject_toml": {"executed_lines": [], "summary": {"covered_lines": 0, "num_statements": 20, "percent_covered": 0.0, "percent_covered_display": "0", "missing_lines": 20, "excluded_lines": 0, "num_branches": 12, "num_partial_branches": 0, "covered_branches": 0, "missing_branches": 12}, "missing_lines": [297, 298, 299, 300, 302, 303, 304, 305, 309, 310, 315, 320, 321, 322, 326, 327, 328, 329, 331, 332], "excluded_lines": [], "executed_branches": [], "missing_branches": [[297, 298], [297, 302], [299, 300], [299, 302], [309, 310], [309, 315], [315, -315], [315, 320], [321, 322], [321, 326], [327, 328], [327, 329]]}, "target_version_option_callback": {"executed_lines": [], "summary": {"covered_lines": 0, "num_statements": 1, "percent_covered": 0.0, "percent_covered_display": "0", "missing_lines": 1, "excluded_lines": 0, "num_branches": 2, "num_partial_branches": 0, "covered_branches": 0, "missing_branches": 2}, "missing_lines": [343], "excluded_lines": [], "executed_branches": [], "missing_branches": [[343, -343], [343, -335]]}, "main": {"executed_lines": [], "summary": {"covered_lines": 0, "num_statements": 20, "percent_covered": 0.0, "percent_covered_display": "0", "missing_lines": 20, "excluded_lines": 0, "num_branches": 10, "num_partial_branches": 0, "covered_branches": 0, "missing_branches": 10}, "missing_lines": [509, 510, 511, 514, 515, 522, 523, 524, 525, 526, 527, 528, 539, 547, 548, 556, 560, 561, 562, 563], "excluded_lines": [], "executed_branches": [], "missing_branches": [[510, 511], [510, 514], [522, 523], [522, 524], [524, 525], [524, 527], [547, 548], [547, 556], [560, 561], [560, 563]]}, "get_sources": {"executed_lines": [], "summary": {"covered_lines": 0, "num_statements": 39, "percent_covered": 0.0, "percent_covered_display": "0", "missing_lines": 39, "excluded_lines": 0, "num_branches": 14, "num_partial_branches": 0, "covered_branches": 0, "missing_branches": 14}, "missing_lines": [578, 579, 580, 581, 582, 583, 584, 585, 586, 587, 588, 589, 592, 593, 594, 596, 597, 598, 599, 601, 602, 603, 604, 615, 616, 617, 618, 619, 620, 622, 624, 625, 627, 628, 629, 630, 632, 634, 635], "excluded_lines": [], "executed_branches": [], "missing_branches": [[601, 602], [601, 635], [603, 604], [603, 615], [615, 616], [615, 617], [617, 618], [617, 634], [619, 620], [619, 622], [624, 625], [624, 627], [628, 629], [628, 632]]}, "path_empty": {"executed_lines": [], "summary": {"covered_lines": 0, "num_statements": 4, "percent_covered": 0.0, "percent_covered_display": "0", "missing_lines": 4, "excluded_lines": 0, "num_branches": 4, "num_partial_branches": 0, "covered_branches": 0, "missing_branches": 4}, "missing_lines": [644, 645, 646, 647], "excluded_lines": [], "executed_branches": [], "missing_branches": [[644, -638], [644, 645], [645, -638], [645, 646]]}, "reformat_one": {"executed_lines": [], "summary": {"covered_lines": 0, "num_statements": 20, "percent_covered": 0.0, "percent_covered_display": "0", "missing_lines": 20, "excluded_lines": 0, "num_branches": 14, "num_partial_branches": 0, "covered_branches": 0, "missing_branches": 14}, "missing_lines": [658, 659, 660, 661, 662, 664, 665, 666, 667, 668, 669, 670, 673, 674, 677, 678, 679, 680, 681, 682], "excluded_lines": [], "executed_branches": [], "missing_branches": [[660, 661], [660, 664], [661, 662], [661, 678], [665, 666], [665, 670], [668, 669], [668, 670], [670, 673], [670, 674], [674, 677], [674, 678], [680, 681], [680, 682]]}, "reformat_many": {"executed_lines": [], "summary": {"covered_lines": 0, "num_statements": 13, "percent_covered": 0.0, "percent_covered_display": "0", "missing_lines": 13, "excluded_lines": 0, "num_branches": 4, "num_partial_branches": 0, "covered_branches": 0, "missing_branches": 4}, "missing_lines": [690, 691, 692, 694, 695, 696, 697, 702, 704, 705, 717, 718, 719], "excluded_lines": [], "executed_branches": [], "missing_branches": [[692, 694], [692, 695], [718, -685], [718, 719]]}, "schedule_formatting": {"executed_lines": [], "summary": {"covered_lines": 0, "num_statements": 37, "percent_covered": 0.0, "percent_covered_display": "0", "missing_lines": 37, "excluded_lines": 0, "num_branches": 24, "num_partial_branches": 0, "covered_branches": 0, "missing_branches": 24}, "missing_lines": [738, 739, 740, 741, 742, 743, 744, 745, 747, 748, 749, 750, 753, 754, 755, 763, 764, 765, 766, 767, 769, 770, 771, 772, 773, 774, 775, 776, 777, 779, 782, 785, 786, 787, 788, 789, 790], "excluded_lines": [], "executed_branches": [], "missing_branches": [[739, 740], [739, 744], [742, 743], [742, 744], [744, 745], [744, 747], [750, 753], [750, 755], [755, -755], [755, 763], [770, 771], [770, 787], [772, 770], [772, 773], [774, 775], [774, 776], [776, 777], [776, 779], [782, 785], [782, 786], [787, 788], [787, 789], [789, -722], [789, 790]]}, "format_file_in_place": {"executed_lines": [], "summary": {"covered_lines": 0, "num_statements": 25, "percent_covered": 0.0, "percent_covered_display": "0", "missing_lines": 25, "excluded_lines": 0, "num_branches": 14, "num_partial_branches": 0, "covered_branches": 0, "missing_branches": 14}, "missing_lines": [806, 807, 809, 810, 811, 812, 813, 814, 815, 817, 818, 819, 820, 821, 822, 823, 824, 826, 827, 829, 830, 836, 837, 838, 840], "excluded_lines": [], "executed_branches": [], "missing_branches": [[806, 807], [806, 809], [810, 811], [810, 812], [817, 818], [817, 820], [818, 819], [818, 840], [820, 821], [820, 840], [826, 827], [826, 829], [829, 830], [829, 840]]}, "color_diff": {"executed_lines": [], "summary": {"covered_lines": 0, "num_statements": 12, "percent_covered": 0.0, "percent_covered_display": "0", "missing_lines": 12, "excluded_lines": 0, "num_branches": 10, "num_partial_branches": 0, "covered_branches": 0, "missing_branches": 10}, "missing_lines": [845, 846, 847, 848, 849, 850, 851, 852, 853, 854, 855, 856], "excluded_lines": [], "executed_branches": [], "missing_branches": [[846, 847], [846, 856], [847, 848], [847, 849], [849, 850], [849, 851], [851, 852], [851, 853], [853, 854], [853, 855]]}, "wrap_stream_for_windows": {"executed_lines": [], "summary": {"covered_lines": 0, "num_statements": 7, "percent_covered": 0.0, "percent_covered_display": "0", "missing_lines": 7, "excluded_lines": 0, "num_branches": 2, "num_partial_branches": 0, "covered_branches": 0, "missing_branches": 2}, "missing_lines": [869, 870, 874, 880, 881, 882, 884], "excluded_lines": [], "executed_branches": [], "missing_branches": [[880, -880], [880, 884]]}, "format_stdin_to_stdout": {"executed_lines": [], "summary": {"covered_lines": 0, "num_statements": 21, "percent_covered": 0.0, "percent_covered_display": "0", "missing_lines": 21, "excluded_lines": 0, "num_branches": 6, "num_partial_branches": 0, "covered_branches": 0, "missing_branches": 6}, "missing_lines": [896, 897, 898, 899, 900, 901, 903, 904, 907, 910, 911, 912, 913, 914, 915, 916, 917, 918, 919, 920, 921], "excluded_lines": [], "executed_branches": [], "missing_branches": [[910, 911], [910, 912], [912, 913], [912, 921], [917, 918], [917, 920]]}, "format_file_contents": {"executed_lines": [], "summary": {"covered_lines": 0, "num_statements": 9, "percent_covered": 0.0, "percent_covered_display": "0", "missing_lines": 9, "excluded_lines": 0, "num_branches": 6, "num_partial_branches": 0, "covered_branches": 0, "missing_branches": 6}, "missing_lines": [931, 932, 934, 935, 936, 938, 939, 940, 941], "excluded_lines": [], "executed_branches": [], "missing_branches": [[931, 932], [931, 934], [935, 936], [935, 938], [938, 939], [938, 941]]}, "format_str": {"executed_lines": [], "summary": {"covered_lines": 0, "num_statements": 19, "percent_covered": 0.0, "percent_covered_display": "0", "missing_lines": 19, "excluded_lines": 0, "num_branches": 8, "num_partial_branches": 0, "covered_branches": 0, "missing_branches": 8}, "missing_lines": [974, 975, 976, 977, 978, 980, 981, 982, 988, 989, 990, 991, 996, 997, 998, 999, 1000, 1003, 1004], "excluded_lines": [], "executed_branches": [], "missing_branches": [[977, 978], [977, 980], [991, -991], [991, 996], [996, 997], [996, 1004], [1000, 996], [1000, 1003]]}, "decode_bytes": {"executed_lines": [], "summary": {"covered_lines": 0, "num_statements": 8, "percent_covered": 0.0, "percent_covered_display": "0", "missing_lines": 8, "excluded_lines": 0, "num_branches": 4, "num_partial_branches": 0, "covered_branches": 0, "missing_branches": 4}, "missing_lines": [1013, 1014, 1015, 1016, 1018, 1019, 1020, 1021], "excluded_lines": [], "executed_branches": [], "missing_branches": [[1015, 1016], [1015, 1018], [1020, -1007], [1020, 1021]]}, "get_grammars": {"executed_lines": [], "summary": {"covered_lines": 0, "num_statements": 10, "percent_covered": 0.0, "percent_covered_display": "0", "missing_lines": 10, "excluded_lines": 0, "num_branches": 9, "num_partial_branches": 0, "covered_branches": 0, "missing_branches": 9}, "missing_lines": [1025, 1027, 1038, 1040, 1048, 1050, 1052, 1055, 1057, 1060], "excluded_lines": [], "executed_branches": [], "missing_branches": [[1025, 1027], [1025, 1038], [1038, -1038], [1038, 1040], [1038, 1048], [1050, 1052], [1050, 1055], [1055, 1057], [1055, 1060]]}, "lib2to3_parse": {"executed_lines": [], "summary": {"covered_lines": 0, "num_statements": 19, "percent_covered": 0.0, "percent_covered_display": "0", "missing_lines": 19, "excluded_lines": 0, "num_branches": 6, "num_partial_branches": 0, "covered_branches": 0, "missing_branches": 6}, "missing_lines": [1065, 1066, 1068, 1069, 1070, 1071, 1072, 1074, 1075, 1076, 1077, 1078, 1079, 1080, 1081, 1083, 1085, 1086, 1087], "excluded_lines": [], "executed_branches": [], "missing_branches": [[1065, 1066], [1065, 1068], [1068, 1069], [1068, 1083], [1085, 1086], [1085, 1087]]}, "lib2to3_unparse": {"executed_lines": [], "summary": {"covered_lines": 0, "num_statements": 2, "percent_covered": 0.0, "percent_covered_display": "0", "missing_lines": 2, "excluded_lines": 0, "num_branches": 0, "num_partial_branches": 0, "covered_branches": 0, "missing_branches": 0}, "missing_lines": [1092, 1093], "excluded_lines": [], "executed_branches": [], "missing_branches": []}, "Visitor.visit": {"executed_lines": [], "summary": {"covered_lines": 0, "num_statements": 7, "percent_covered": 0.0, "percent_covered_display": "0", "missing_lines": 7, "excluded_lines": 0, "num_branches": 4, "num_partial_branches": 0, "covered_branches": 0, "missing_branches": 4}, "missing_lines": [1109, 1110, 1112, 1117, 1118, 1119, 1121], "excluded_lines": [], "executed_branches": [], "missing_branches": [[1109, 1110], [1109, 1112], [1118, 1119], [1118, 1121]]}, "Visitor.visit_default": {"executed_lines": [], "summary": {"covered_lines": 0, "num_statements": 3, "percent_covered": 0.0, "percent_covered_display": "0", "missing_lines": 3, "excluded_lines": 0, "num_branches": 4, "num_partial_branches": 0, "covered_branches": 0, "missing_branches": 4}, "missing_lines": [1125, 1126, 1127], "excluded_lines": [], "executed_branches": [], "missing_branches": [[1125, -1123], [1125, 1126], [1126, -1123], [1126, 1127]]}, "DebugVisitor.visit_default": {"executed_lines": [], "summary": {"covered_lines": 0, "num_statements": 14, "percent_covered": 0.0, "percent_covered_display": "0", "missing_lines": 14, "excluded_lines": 0, "num_branches": 6, "num_partial_branches": 0, "covered_branches": 0, "missing_branches": 6}, "missing_lines": [1135, 1136, 1137, 1138, 1139, 1140, 1141, 1143, 1144, 1146, 1147, 1148, 1151, 1152], "excluded_lines": [], "executed_branches": [], "missing_branches": [[1136, 1137], [1136, 1146], [1140, 1141], [1140, 1143], [1148, 1151], [1148, 1152]]}, "DebugVisitor.show": {"executed_lines": [], "summary": {"covered_lines": 0, "num_statements": 4, "percent_covered": 0.0, "percent_covered_display": "0", "missing_lines": 4, "excluded_lines": 0, "num_branches": 2, "num_partial_branches": 0, "covered_branches": 0, "missing_branches": 2}, "missing_lines": [1160, 1161, 1162, 1163], "excluded_lines": [], "executed_branches": [], "missing_branches": [[1161, 1162], [1161, 1163]]}, "BracketTracker.mark": {"executed_lines": [], "summary": {"covered_lines": 0, "num_statements": 26, "percent_covered": 0.0, "percent_covered_display": "0", "missing_lines": 26, "excluded_lines": 0, "num_branches": 16, "num_partial_branches": 0, "covered_branches": 0, "missing_branches": 16}, "missing_lines": [1305, 1306, 1308, 1309, 1310, 1311, 1312, 1313, 1314, 1315, 1316, 1317, 1318, 1319, 1320, 1322, 1323, 1324, 1325, 1326, 1327, 1328, 1329, 1330, 1331, 1332], "excluded_lines": [], "executed_branches": [], "missing_branches": [[1305, 1306], [1305, 1308], [1310, 1311], [1310, 1316], [1314, 1315], [1314, 1316], [1317, 1318], [1317, 1325], [1319, 1320], [1319, 1322], [1323, 1324], [1323, 1325], [1325, 1326], [1325, 1330], [1328, 1329], [1328, 1330]]}, "BracketTracker.any_open_brackets": {"executed_lines": [], "summary": {"covered_lines": 0, "num_statements": 1, "percent_covered": 0.0, "percent_covered_display": "0", "missing_lines": 1, "excluded_lines": 0, "num_branches": 0, "num_partial_branches": 0, "covered_branches": 0, "missing_branches": 0}, "missing_lines": [1336], "excluded_lines": [], "executed_branches": [], "missing_branches": []}, "BracketTracker.max_delimiter_priority": {"executed_lines": [], "summary": {"covered_lines": 0, "num_statements": 1, "percent_covered": 0.0, "percent_covered_display": "0", "missing_lines": 1, "excluded_lines": 0, "num_branches": 2, "num_partial_branches": 0, "covered_branches": 0, "missing_branches": 2}, "missing_lines": [1344], "excluded_lines": [], "executed_branches": [], "missing_branches": [[1344, -1344], [1344, -1338]]}, "BracketTracker.delimiter_count_with_priority": {"executed_lines": [], "summary": {"covered_lines": 0, "num_statements": 4, "percent_covered": 0.0, "percent_covered_display": "0", "missing_lines": 4, "excluded_lines": 0, "num_branches": 4, "num_partial_branches": 0, "covered_branches": 0, "missing_branches": 4}, "missing_lines": [1351, 1352, 1354, 1355], "excluded_lines": [], "executed_branches": [], "missing_branches": [[1351, 1352], [1351, 1354], [1355, -1355], [1355, -1346]]}, "BracketTracker.maybe_increment_for_loop_variable": {"executed_lines": [], "summary": {"covered_lines": 0, "num_statements": 5, "percent_covered": 0.0, "percent_covered_display": "0", "missing_lines": 5, "excluded_lines": 0, "num_branches": 2, "num_partial_branches": 0, "covered_branches": 0, "missing_branches": 2}, "missing_lines": [1363, 1364, 1365, 1366, 1368], "excluded_lines": [], "executed_branches": [], "missing_branches": [[1363, 1364], [1363, 1368]]}, "BracketTracker.maybe_decrement_after_for_loop_variable": {"executed_lines": [], "summary": {"covered_lines": 0, "num_statements": 5, "percent_covered": 0.0, "percent_covered_display": "0", "missing_lines": 5, "excluded_lines": 0, "num_branches": 2, "num_partial_branches": 0, "covered_branches": 0, "missing_branches": 2}, "missing_lines": [1372, 1378, 1379, 1380, 1382], "excluded_lines": [], "executed_branches": [], "missing_branches": [[1372, 1378], [1372, 1382]]}, "BracketTracker.maybe_increment_lambda_arguments": {"executed_lines": [], "summary": {"covered_lines": 0, "num_statements": 5, "percent_covered": 0.0, "percent_covered_display": "0", "missing_lines": 5, "excluded_lines": 0, "num_branches": 2, "num_partial_branches": 0, "covered_branches": 0, "missing_branches": 2}, "missing_lines": [1390, 1391, 1392, 1393, 1395], "excluded_lines": [], "executed_branches": [], "missing_branches": [[1390, 1391], [1390, 1395]]}, "BracketTracker.maybe_decrement_after_lambda_arguments": {"executed_lines": [], "summary": {"covered_lines": 0, "num_statements": 5, "percent_covered": 0.0, "percent_covered_display": "0", "missing_lines": 5, "excluded_lines": 0, "num_branches": 2, "num_partial_branches": 0, "covered_branches": 0, "missing_branches": 2}, "missing_lines": [1399, 1404, 1405, 1406, 1408], "excluded_lines": [], "executed_branches": [], "missing_branches": [[1399, 1404], [1399, 1408]]}, "BracketTracker.get_open_lsqb": {"executed_lines": [], "summary": {"covered_lines": 0, "num_statements": 1, "percent_covered": 0.0, "percent_covered_display": "0", "missing_lines": 1, "excluded_lines": 0, "num_branches": 0, "num_partial_branches": 0, "covered_branches": 0, "missing_branches": 0}, "missing_lines": [1412], "excluded_lines": [], "executed_branches": [], "missing_branches": []}, "Line.append": {"executed_lines": [], "summary": {"covered_lines": 0, "num_statements": 13, "percent_covered": 0.0, "percent_covered_display": "0", "missing_lines": 13, "excluded_lines": 0, "num_branches": 12, "num_partial_branches": 0, "covered_branches": 0, "missing_branches": 12}, "missing_lines": [1437, 1438, 1439, 1441, 1442, 1443, 1446, 1449, 1450, 1451, 1452, 1453, 1454], "excluded_lines": [], "executed_branches": [], "missing_branches": [[1438, 1439], [1438, 1441], [1441, 1442], [1441, 1443], [1443, 1446], [1443, 1449], [1449, 1450], [1449, 1453], [1451, 1452], [1451, 1453], [1453, -1427], [1453, 1454]]}, "Line.append_safe": {"executed_lines": [], "summary": {"covered_lines": 0, "num_statements": 6, "percent_covered": 0.0, "percent_covered_display": "0", "missing_lines": 6, "excluded_lines": 0, "num_branches": 6, "num_partial_branches": 0, "covered_branches": 0, "missing_branches": 6}, "missing_lines": [1462, 1463, 1464, 1466, 1467, 1471], "excluded_lines": [], "executed_branches": [], "missing_branches": [[1462, 1463], [1462, 1471], [1463, 1464], [1463, 1466], [1466, 1467], [1466, 1471]]}, "Line.is_comment": {"executed_lines": [], "summary": {"covered_lines": 0, "num_statements": 1, "percent_covered": 0.0, "percent_covered_display": "0", "missing_lines": 1, "excluded_lines": 0, "num_branches": 0, "num_partial_branches": 0, "covered_branches": 0, "missing_branches": 0}, "missing_lines": [1476], "excluded_lines": [], "executed_branches": [], "missing_branches": []}, "Line.is_decorator": {"executed_lines": [], "summary": {"covered_lines": 0, "num_statements": 1, "percent_covered": 0.0, "percent_covered_display": "0", "missing_lines": 1, "excluded_lines": 0, "num_branches": 0, "num_partial_branches": 0, "covered_branches": 0, "missing_branches": 0}, "missing_lines": [1481], "excluded_lines": [], "executed_branches": [], "missing_branches": []}, "Line.is_import": {"executed_lines": [], "summary": {"covered_lines": 0, "num_statements": 1, "percent_covered": 0.0, "percent_covered_display": "0", "missing_lines": 1, "excluded_lines": 0, "num_branches": 0, "num_partial_branches": 0, "covered_branches": 0, "missing_branches": 0}, "missing_lines": [1486], "excluded_lines": [], "executed_branches": [], "missing_branches": []}, "Line.is_class": {"executed_lines": [], "summary": {"covered_lines": 0, "num_statements": 1, "percent_covered": 0.0, "percent_covered_display": "0", "missing_lines": 1, "excluded_lines": 0, "num_branches": 0, "num_partial_branches": 0, "covered_branches": 0, "missing_branches": 0}, "missing_lines": [1491], "excluded_lines": [], "executed_branches": [], "missing_branches": []}, "Line.is_stub_class": {"executed_lines": [], "summary": {"covered_lines": 0, "num_statements": 1, "percent_covered": 0.0, "percent_covered_display": "0", "missing_lines": 1, "excluded_lines": 0, "num_branches": 2, "num_partial_branches": 0, "covered_branches": 0, "missing_branches": 2}, "missing_lines": [1500], "excluded_lines": [], "executed_branches": [], "missing_branches": [[1500, -1500], [1500, -1497]]}, "Line.is_def": {"executed_lines": [], "summary": {"covered_lines": 0, "num_statements": 9, "percent_covered": 0.0, "percent_covered_display": "0", "missing_lines": 9, "excluded_lines": 0, "num_branches": 0, "num_partial_branches": 0, "covered_branches": 0, "missing_branches": 0}, "missing_lines": [1507, 1508, 1509, 1510, 1512, 1513, 1514, 1515, 1516], "excluded_lines": [], "executed_branches": [], "missing_branches": []}, "Line.is_class_paren_empty": {"executed_lines": [], "summary": {"covered_lines": 0, "num_statements": 1, "percent_covered": 0.0, "percent_covered_display": "0", "missing_lines": 1, "excluded_lines": 0, "num_branches": 0, "num_partial_branches": 0, "covered_branches": 0, "missing_branches": 0}, "missing_lines": [1529], "excluded_lines": [], "executed_branches": [], "missing_branches": []}, "Line.is_triple_quoted_string": {"executed_lines": [], "summary": {"covered_lines": 0, "num_statements": 1, "percent_covered": 0.0, "percent_covered_display": "0", "missing_lines": 1, "excluded_lines": 0, "num_branches": 0, "num_partial_branches": 0, "covered_branches": 0, "missing_branches": 0}, "missing_lines": [1542], "excluded_lines": [], "executed_branches": [], "missing_branches": []}, "Line.contains_standalone_comments": {"executed_lines": [], "summary": {"covered_lines": 0, "num_statements": 4, "percent_covered": 0.0, "percent_covered_display": "0", "missing_lines": 4, "excluded_lines": 0, "num_branches": 4, "num_partial_branches": 0, "covered_branches": 0, "missing_branches": 4}, "missing_lines": [1550, 1551, 1552, 1554], "excluded_lines": [], "executed_branches": [], "missing_branches": [[1550, 1551], [1550, 1554], [1551, 1550], [1551, 1552]]}, "Line.contains_uncollapsable_type_comments": {"executed_lines": [], "summary": {"covered_lines": 0, "num_statements": 17, "percent_covered": 0.0, "percent_covered_display": "0", "missing_lines": 17, "excluded_lines": 0, "num_branches": 10, "num_partial_branches": 0, "covered_branches": 0, "missing_branches": 10}, "missing_lines": [1557, 1558, 1559, 1560, 1561, 1568, 1569, 1570, 1571, 1578, 1579, 1580, 1581, 1582, 1586, 1588, 1590], "excluded_lines": [], "executed_branches": [], "missing_branches": [[1561, 1568], [1561, 1578], [1579, 1580], [1579, 1590], [1580, 1579], [1580, 1581], [1581, 1582], [1581, 1588], [1582, 1586], [1582, 1588]]}, "Line.contains_unsplittable_type_ignore": {"executed_lines": [], "summary": {"covered_lines": 0, "num_statements": 10, "percent_covered": 0.0, "percent_covered_display": "0", "missing_lines": 10, "excluded_lines": 0, "num_branches": 14, "num_partial_branches": 0, "covered_branches": 0, "missing_branches": 14}, "missing_lines": [1593, 1594, 1609, 1610, 1614, 1618, 1619, 1620, 1621, 1623], "excluded_lines": [], "executed_branches": [], "missing_branches": [[1593, 1594], [1593, 1609], [1609, -1609], [1609, 1610], [1610, -1610], [1610, 1614], [1614, 1618], [1614, 1623], [1618, 1619], [1618, 1623], [1619, 1618], [1619, 1620], [1620, 1619], [1620, 1621]]}, "Line.contains_multiline_strings": {"executed_lines": [], "summary": {"covered_lines": 0, "num_statements": 1, "percent_covered": 0.0, "percent_covered_display": "0", "missing_lines": 1, "excluded_lines": 0, "num_branches": 2, "num_partial_branches": 0, "covered_branches": 0, "missing_branches": 2}, "missing_lines": [1626], "excluded_lines": [], "executed_branches": [], "missing_branches": [[1626, -1626], [1626, -1625]]}, "Line.maybe_should_explode": {"executed_lines": [], "summary": {"covered_lines": 0, "num_statements": 9, "percent_covered": 0.0, "percent_covered_display": "0", "missing_lines": 9, "excluded_lines": 0, "num_branches": 8, "num_partial_branches": 0, "covered_branches": 0, "missing_branches": 8}, "missing_lines": [1633, 1638, 1640, 1641, 1643, 1644, 1646, 1647, 1649], "excluded_lines": [], "executed_branches": [], "missing_branches": [[1633, 1638], [1633, 1640], [1640, 1641], [1640, 1643], [1643, 1644], [1643, 1646], [1646, 1647], [1646, 1649]]}, "Line.append_comment": {"executed_lines": [], "summary": {"covered_lines": 0, "num_statements": 18, "percent_covered": 0.0, "percent_covered_display": "0", "missing_lines": 18, "excluded_lines": 0, "num_branches": 10, "num_partial_branches": 0, "covered_branches": 0, "missing_branches": 10}, "missing_lines": [1653, 1657, 1658, 1660, 1661, 1663, 1664, 1665, 1666, 1668, 1669, 1679, 1680, 1681, 1682, 1684, 1685, 1686], "excluded_lines": [], "executed_branches": [], "missing_branches": [[1653, 1657], [1653, 1660], [1660, 1661], [1660, 1663], [1663, 1664], [1663, 1668], [1669, 1679], [1669, 1685], [1679, 1680], [1679, 1684]]}, "Line.comments_after": {"executed_lines": [], "summary": {"covered_lines": 0, "num_statements": 1, "percent_covered": 0.0, "percent_covered_display": "0", "missing_lines": 1, "excluded_lines": 0, "num_branches": 0, "num_partial_branches": 0, "covered_branches": 0, "missing_branches": 0}, "missing_lines": [1690], "excluded_lines": [], "executed_branches": [], "missing_branches": []}, "Line.remove_trailing_comma": {"executed_lines": [], "summary": {"covered_lines": 0, "num_statements": 3, "percent_covered": 0.0, "percent_covered_display": "0", "missing_lines": 3, "excluded_lines": 0, "num_branches": 0, "num_partial_branches": 0, "covered_branches": 0, "missing_branches": 0}, "missing_lines": [1694, 1695, 1696], "excluded_lines": [], "executed_branches": [], "missing_branches": []}, "Line.is_complex_subscript": {"executed_lines": [], "summary": {"covered_lines": 0, "num_statements": 10, "percent_covered": 0.0, "percent_covered_display": "0", "missing_lines": 10, "excluded_lines": 0, "num_branches": 10, "num_partial_branches": 0, "covered_branches": 0, "missing_branches": 10}, "missing_lines": [1702, 1703, 1704, 1706, 1708, 1709, 1710, 1712, 1713, 1714], "excluded_lines": [], "executed_branches": [], "missing_branches": [[1703, 1704], [1703, 1706], [1708, 1709], [1708, 1714], [1709, 1710], [1709, 1712], [1712, 1713], [1712, 1714], [1714, -1714], [1714, -1700]]}, "Line.clone": {"executed_lines": [], "summary": {"covered_lines": 0, "num_statements": 1, "percent_covered": 0.0, "percent_covered_display": "0", "missing_lines": 1, "excluded_lines": 0, "num_branches": 0, "num_partial_branches": 0, "covered_branches": 0, "missing_branches": 0}, "missing_lines": [1719], "excluded_lines": [], "executed_branches": [], "missing_branches": []}, "Line.__str__": {"executed_lines": [], "summary": {"covered_lines": 0, "num_statements": 11, "percent_covered": 0.0, "percent_covered_display": "0", "missing_lines": 11, "excluded_lines": 0, "num_branches": 6, "num_partial_branches": 0, "covered_branches": 0, "missing_branches": 6}, "missing_lines": [1727, 1728, 1730, 1731, 1732, 1733, 1734, 1735, 1736, 1737, 1739], "excluded_lines": [], "executed_branches": [], "missing_branches": [[1727, 1728], [1727, 1730], [1734, 1735], [1734, 1736], [1736, 1737], [1736, 1739]]}, "Line.__bool__": {"executed_lines": [], "summary": {"covered_lines": 0, "num_statements": 1, "percent_covered": 0.0, "percent_covered_display": "0", "missing_lines": 1, "excluded_lines": 0, "num_branches": 0, "num_partial_branches": 0, "covered_branches": 0, "missing_branches": 0}, "missing_lines": [1743], "excluded_lines": [], "executed_branches": [], "missing_branches": []}, "EmptyLineTracker.maybe_empty_lines": {"executed_lines": [], "summary": {"covered_lines": 0, "num_statements": 5, "percent_covered": 0.0, "percent_covered_display": "0", "missing_lines": 5, "excluded_lines": 0, "num_branches": 0, "num_partial_branches": 0, "covered_branches": 0, "missing_branches": 0}, "missing_lines": [1767, 1768, 1775, 1776, 1777], "excluded_lines": [], "executed_branches": [], "missing_branches": []}, "EmptyLineTracker._maybe_empty_lines": {"executed_lines": [], "summary": {"covered_lines": 0, "num_statements": 22, "percent_covered": 0.0, "percent_covered_display": "0", "missing_lines": 22, "excluded_lines": 0, "num_branches": 14, "num_partial_branches": 0, "covered_branches": 0, "missing_branches": 14}, "missing_lines": [1780, 1781, 1782, 1783, 1785, 1786, 1787, 1788, 1790, 1791, 1792, 1793, 1794, 1795, 1797, 1798, 1799, 1801, 1807, 1809, 1814, 1816], "excluded_lines": [], "executed_branches": [], "missing_branches": [[1781, 1782], [1781, 1783], [1783, 1785], [1783, 1790], [1792, 1793], [1792, 1798], [1794, 1795], [1794, 1797], [1798, 1799], [1798, 1801], [1801, 1807], [1801, 1809], [1809, 1814], [1809, 1816]]}, "EmptyLineTracker._maybe_empty_lines_for_class_or_def": {"executed_lines": [], "summary": {"covered_lines": 0, "num_statements": 24, "percent_covered": 0.0, "percent_covered_display": "0", "missing_lines": 24, "excluded_lines": 0, "num_branches": 22, "num_partial_branches": 0, "covered_branches": 0, "missing_branches": 22}, "missing_lines": [1821, 1822, 1823, 1825, 1827, 1828, 1830, 1833, 1835, 1840, 1842, 1843, 1844, 1845, 1846, 1848, 1850, 1851, 1853, 1855, 1857, 1858, 1859, 1860], "excluded_lines": [], "executed_branches": [], "missing_branches": [[1821, 1822], [1821, 1823], [1823, 1825], [1823, 1827], [1827, 1828], [1827, 1830], [1830, 1833], [1830, 1835], [1835, 1840], [1835, 1842], [1842, 1843], [1842, 1857], [1843, 1844], [1843, 1845], [1845, 1846], [1845, 1851], [1846, 1848], [1846, 1850], [1851, 1853], [1851, 1855], [1858, 1859], [1858, 1860]]}, "LineGenerator.line": {"executed_lines": [], "summary": {"covered_lines": 0, "num_statements": 6, "percent_covered": 0.0, "percent_covered_display": "0", "missing_lines": 6, "excluded_lines": 0, "num_branches": 2, "num_partial_branches": 0, "covered_branches": 0, "missing_branches": 2}, "missing_lines": [1884, 1885, 1886, 1888, 1889, 1890], "excluded_lines": [], "executed_branches": [], "missing_branches": [[1884, 1885], [1884, 1888]]}, "LineGenerator.visit_default": {"executed_lines": [], "summary": {"covered_lines": 0, "num_statements": 20, "percent_covered": 0.0, "percent_covered_display": "0", "missing_lines": 20, "excluded_lines": 0, "num_branches": 14, "num_partial_branches": 0, "covered_branches": 0, "missing_branches": 14}, "missing_lines": [1894, 1895, 1896, 1897, 1899, 1900, 1902, 1903, 1907, 1909, 1910, 1912, 1913, 1914, 1915, 1916, 1917, 1918, 1919, 1920], "excluded_lines": [], "executed_branches": [], "missing_branches": [[1894, 1895], [1894, 1920], [1896, 1897], [1896, 1912], [1897, 1899], [1897, 1900], [1900, 1902], [1900, 1907], [1913, 1914], [1913, 1916], [1916, 1917], [1916, 1918], [1918, 1919], [1918, 1920]]}, "LineGenerator.visit_INDENT": {"executed_lines": [], "summary": {"covered_lines": 0, "num_statements": 2, "percent_covered": 0.0, "percent_covered_display": "0", "missing_lines": 2, "excluded_lines": 0, "num_branches": 0, "num_partial_branches": 0, "covered_branches": 0, "missing_branches": 0}, "missing_lines": [1925, 1926], "excluded_lines": [], "executed_branches": [], "missing_branches": []}, "LineGenerator.visit_DEDENT": {"executed_lines": [], "summary": {"covered_lines": 0, "num_statements": 3, "percent_covered": 0.0, "percent_covered_display": "0", "missing_lines": 3, "excluded_lines": 0, "num_branches": 0, "num_partial_branches": 0, "covered_branches": 0, "missing_branches": 0}, "missing_lines": [1933, 1937, 1940], "excluded_lines": [], "executed_branches": [], "missing_branches": []}, "LineGenerator.visit_stmt": {"executed_lines": [], "summary": {"covered_lines": 0, "num_statements": 5, "percent_covered": 0.0, "percent_covered_display": "0", "missing_lines": 5, "excluded_lines": 0, "num_branches": 4, "num_partial_branches": 0, "covered_branches": 0, "missing_branches": 4}, "missing_lines": [1956, 1957, 1958, 1959, 1961], "excluded_lines": [], "executed_branches": [], "missing_branches": [[1957, -1942], [1957, 1958], [1958, 1959], [1958, 1961]]}, "LineGenerator.visit_suite": {"executed_lines": [], "summary": {"covered_lines": 0, "num_statements": 3, "percent_covered": 0.0, "percent_covered_display": "0", "missing_lines": 3, "excluded_lines": 0, "num_branches": 2, "num_partial_branches": 0, "covered_branches": 0, "missing_branches": 2}, "missing_lines": [1965, 1966, 1968], "excluded_lines": [], "executed_branches": [], "missing_branches": [[1965, 1966], [1965, 1968]]}, "LineGenerator.visit_simple_stmt": {"executed_lines": [], "summary": {"covered_lines": 0, "num_statements": 10, "percent_covered": 0.0, "percent_covered_display": "0", "missing_lines": 10, "excluded_lines": 0, "num_branches": 6, "num_partial_branches": 0, "covered_branches": 0, "missing_branches": 6}, "missing_lines": [1972, 1973, 1974, 1975, 1977, 1978, 1979, 1982, 1983, 1984], "excluded_lines": [], "executed_branches": [], "missing_branches": [[1973, 1974], [1973, 1982], [1974, 1975], [1974, 1977], [1982, 1983], [1982, 1984]]}, "LineGenerator.visit_async_stmt": {"executed_lines": [], "summary": {"covered_lines": 0, "num_statements": 9, "percent_covered": 0.0, "percent_covered_display": "0", "missing_lines": 9, "excluded_lines": 0, "num_branches": 6, "num_partial_branches": 0, "covered_branches": 0, "missing_branches": 6}, "missing_lines": [1988, 1990, 1991, 1992, 1994, 1995, 1997, 1998, 1999], "excluded_lines": [], "executed_branches": [], "missing_branches": [[1991, 1992], [1991, 1997], [1994, 1991], [1994, 1995], [1998, -1986], [1998, 1999]]}, "LineGenerator.visit_decorators": {"executed_lines": [], "summary": {"covered_lines": 0, "num_statements": 3, "percent_covered": 0.0, "percent_covered_display": "0", "missing_lines": 3, "excluded_lines": 0, "num_branches": 2, "num_partial_branches": 0, "covered_branches": 0, "missing_branches": 2}, "missing_lines": [2003, 2004, 2005], "excluded_lines": [], "executed_branches": [], "missing_branches": [[2003, -2001], [2003, 2004]]}, "LineGenerator.visit_SEMI": {"executed_lines": [], "summary": {"covered_lines": 0, "num_statements": 1, "percent_covered": 0.0, "percent_covered_display": "0", "missing_lines": 1, "excluded_lines": 0, "num_branches": 0, "num_partial_branches": 0, "covered_branches": 0, "missing_branches": 0}, "missing_lines": [2009], "excluded_lines": [], "executed_branches": [], "missing_branches": []}, "LineGenerator.visit_ENDMARKER": {"executed_lines": [], "summary": {"covered_lines": 0, "num_statements": 2, "percent_covered": 0.0, "percent_covered_display": "0", "missing_lines": 2, "excluded_lines": 0, "num_branches": 0, "num_partial_branches": 0, "covered_branches": 0, "missing_branches": 0}, "missing_lines": [2013, 2014], "excluded_lines": [], "executed_branches": [], "missing_branches": []}, "LineGenerator.visit_STANDALONE_COMMENT": {"executed_lines": [], "summary": {"covered_lines": 0, "num_statements": 3, "percent_covered": 0.0, "percent_covered_display": "0", "missing_lines": 3, "excluded_lines": 0, "num_branches": 2, "num_partial_branches": 0, "covered_branches": 0, "missing_branches": 2}, "missing_lines": [2017, 2018, 2019], "excluded_lines": [], "executed_branches": [], "missing_branches": [[2017, 2018], [2017, 2019]]}, "LineGenerator.visit_factor": {"executed_lines": [], "summary": {"covered_lines": 0, "num_statements": 7, "percent_covered": 0.0, "percent_covered_display": "0", "missing_lines": 7, "excluded_lines": 0, "num_branches": 2, "num_partial_branches": 0, "covered_branches": 0, "missing_branches": 2}, "missing_lines": [2026, 2027, 2032, 2033, 2034, 2035, 2036], "excluded_lines": [], "executed_branches": [], "missing_branches": [[2027, 2032], [2027, 2036]]}, "LineGenerator.visit_STRING": {"executed_lines": [], "summary": {"covered_lines": 0, "num_statements": 14, "percent_covered": 0.0, "percent_covered_display": "0", "missing_lines": 14, "excluded_lines": 0, "num_branches": 8, "num_partial_branches": 0, "covered_branches": 0, "missing_branches": 8}, "missing_lines": [2039, 2042, 2043, 2044, 2045, 2046, 2047, 2048, 2049, 2050, 2051, 2052, 2053, 2055], "excluded_lines": [], "executed_branches": [], "missing_branches": [[2039, 2042], [2039, 2055], [2047, 2048], [2047, 2052], [2048, 2049], [2048, 2050], [2050, 2051], [2050, 2052]]}, "LineGenerator.__post_init__": {"executed_lines": [], "summary": {"covered_lines": 0, "num_statements": 17, "percent_covered": 0.0, "percent_covered_display": "0", "missing_lines": 17, "excluded_lines": 0, "num_branches": 0, "num_partial_branches": 0, "covered_branches": 0, "missing_branches": 0}, "missing_lines": [2059, 2060, 2061, 2062, 2065, 2066, 2067, 2070, 2071, 2072, 2073, 2074, 2075, 2076, 2077, 2078, 2079], "excluded_lines": [], "executed_branches": [], "missing_branches": []}, "whitespace": {"executed_lines": [], "summary": {"covered_lines": 0, "num_statements": 136, "percent_covered": 0.0, "percent_covered_display": "0", "missing_lines": 136, "excluded_lines": 0, "num_branches": 144, "num_partial_branches": 0, "covered_branches": 0, "missing_branches": 144}, "missing_lines": [2096, 2097, 2098, 2099, 2100, 2101, 2102, 2103, 2105, 2106, 2108, 2109, 2114, 2116, 2117, 2118, 2119, 2120, 2122, 2123, 2124, 2126, 2127, 2129, 2131, 2132, 2133, 2139, 2141, 2145, 2147, 2148, 2149, 2151, 2152, 2153, 2155, 2160, 2162, 2171, 2173, 2174, 2176, 2178, 2179, 2181, 2183, 2184, 2186, 2188, 2189, 2191, 2192, 2193, 2195, 2198, 2200, 2201, 2203, 2205, 2206, 2207, 2208, 2210, 2212, 2213, 2215, 2216, 2217, 2218, 2219, 2221, 2222, 2224, 2225, 2227, 2229, 2230, 2232, 2233, 2234, 2235, 2237, 2238, 2240
[...]
1018], [1020, -1007], [1020, 1021], [1025, 1027], [1025, 1038], [1038, -1038], [1038, 1040], [1038, 1048], [1050, 1052], [1050, 1055], [1055, 1057], [1055, 1060], [1065, 1066], [1065, 1068], [1068, 1069], [1068, 1083], [1085, 1086], [1085, 1087], [1130, 1131], [1130, 1132], [1278, 1279], [1278, 1280], [1415, 1416], [1415, 1417], [1746, 1747], [1746, 1748], [1863, 1864], [1863, 1865], [2102, 2103], [2102, 2105], [2105, 2106], [2105, 2108], [2109, 2114], [2109, 2116], [2117, 2118], [2117, 2173], [2119, 2120], [2119, 2122], [2122, 2123], [2122, 2131], [2123, 2124], [2123, 2126], [2126, 2127], [2126, 2129], [2131, 2132], [2131, 2147], [2132, 2133], [2132, 2176], [2133, 2139], [2133, 2141], [2141, 2145], [2141, 2176], [2147, 2148], [2147, 2151], [2148, 2149], [2148, 2176], [2151, 2152], [2151, 2155], [2152, 2153], [2152, 2176], [2155, 2160], [2155, 2162], [2162, 2171], [2162, 2176], [2173, 2174], [2173, 2176], [2176, 2178], [2176, 2181], [2178, 2179], [2178, 2317], [2181, 2183], [2181, 2186], [2183, 2184], [2183, 2317], [2186, 2188], [2186, 2203], [2188, 2189], [2188, 2191], [2191, 2192], [2191, 2195], [2192, 2193], [2192, 2317], [2195, 2198], [2195, 2200], [2200, 2201], [2200, 2317], [2203, 2205], [2203, 2210], [2205, 2206], [2205, 2317], [2207, 2208], [2207, 2317], [2210, 2212], [2210, 2227], [2212, 2213], [2212, 2215], [2215, 2216], [2215, 2224], [2216, 2217], [2216, 2221], [2218, 2219], [2218, 2317], [2221, 2222], [2221, 2317], [2224, 2225], [2224, 2317], [2227, 2229], [2227, 2240], [2229, 2230], [2229, 2232], [2232, 2233], [2232, 2237], [2234, 2235], [2234, 2317], [2237, 2238], [2237, 2317], [2240, 2242], [2240, 2244], [2244, 2245], [2244, 2252], [2245, 2246], [2245, 2248], [2249, 2250], [2249, 2317], [2252, 2253], [2252, 2259], [2253, 2254], [2253, 2256], [2256, 2257], [2256, 2317], [2259, 2261], [2259, 2271], [2261, 2262], [2261, 2268], [2263, 2264], [2263, 2266], [2268, 2269], [2268, 2317], [2271, 2272], [2271, 2276], [2272, 2274], [2272, 2317], [2276, 2278], [2276, 2281], [2278, 2279], [2278, 2317], [2281, 2283], [2281, 2302], [2283, 2284], [2283, 2299], [2285, 2286], [2285, 2288], [2290, 2294], [2290, 2296], [2296, 2297], [2296, 2317], [2299, 2300], [2299, 2317], [2302, 2303], [2302, 2314], [2303, 2304], [2303, 2307], [2304, 2305], [2304, 2317], [2307, 2308], [2307, 2317], [2308, 2309], [2308, 2311], [2311, 2312], [2311, 2317], [2314, 2315], [2314, 2317], [2322, 2323], [2322, 2335], [2324, 2325], [2324, 2334], [2325, 2326], [2325, 2328], [2343, 2344], [2343, 2345], [2345, 2346], [2345, 2347], [2347, 2348], [2347, 2349], [2349, 2350], [2349, 2351], [2357, 2358], [2357, 2359], [2369, 2370], [2369, 2384], [2371, 2372], [2371, 2374], [2374, 2375], [2374, 2377], [2377, 2378], [2377, 2380], [2380, 2381], [2380, 2383], [2395, 2396], [2395, 2398], [2409, 2412], [2409, 2414], [2414, 2420], [2414, 2422], [2422, 2427], [2422, 2429], [2429, 2430], [2429, 2432], [2432, 2437], [2432, 2439], [2439, 2440], [2439, 2442], [2442, 2448], [2442, 2454], [2448, 2452], [2448, 2454], [2454, 2459], [2454, 2461], [2461, 2462], [2461, 2464], [2464, 2465], [2464, 2467], [2467, 2477], [2467, 2479], [2479, 2489], [2479, 2491], [2491, 2492], [2491, 2494], [2520, -2501], [2520, 2521], [2524, 2525], [2524, 2526], [2546, 2547], [2546, 2549], [2552, 2553], [2552, 2576], [2555, 2556], [2555, 2557], [2557, 2561], [2557, 2565], [2561, 2562], [2561, 2563], [2565, 2566], [2565, 2568], [2588, 2589], [2588, 2591], [2591, 2592], [2591, 2593], [2593, 2594], [2593, 2595], [2607, 2608], [2607, 2611], [2623, 2633], [2623, 2637], [2633, 2634], [2633, 2636], [2637, 2638], [2637, 2641], [2648, 2649], [2648, 2664], [2656, 2648], [2656, 2657], [2668, 2669], [2668, 2688], [2669, 2670], [2669, 2680], [2688, 2689], [2688, 2691], [2693, 2697], [2693, 2706], [2709, 2710], [2709, 2711], [2805, 2806], [2805, 2807], [4447, 4448], [4447, 4451], [4448, 4447], [4448, 4449], [4531, 4532], [4531, 4534], [4597, -4584], [4597, 4598], [4602, 4597], [4602, 4603], [4615, 4616], [4615, 4618], [4619, -4606], [4619, 4620], [4635, 4636], [4635, 4639], [4660, 4661], [4660, 4663], [4689, 4690], [4689, 4701], [4690, 4695], [4690, 4696], [4697, 4689], [4697, 4698], [4698, 4689], [4698, 4699], [4701, 4702], [4701, 4704], [4708, -4677], [4708, 4709], [4709, 4708], [4709, 4710], [4733, 4734], [4733, 4743], [4734, 4735], [4734, 4737], [4735, 4736], [4735, 4737], [4738, 4733], [4738, 4739], [4739, 4733], [4739, 4740], [4743, 4747], [4743, 4749], [4756, 4772], [4756, 4794], [4778, 4782], [4778, 4786], [4786, 4787], [4786, 4794], [4796, -4713], [4796, 4797], [4797, 4796], [4797, 4798], [4816, -4801], [4816, 4817], [4817, 4818], [4817, 4820], [4820, -4801], [4820, 4821], [4836, 4837], [4836, 4861], [4839, 4841], [4839, 4861], [4844, -4844], [4844, 4850], [4850, 4851], [4850, 4861], [4851, 4852], [4851, 4861], [4852, 4853], [4852, 4855], [4855, 4856], [4855, 4858], [4861, 4862], [4861, 4865], [4863, 4861], [4863, 4864], [4865, 4866], [4865, 4867], [4878, -4876], [4878, 4879], [4903, 4904], [4903, 4907], [4904, 4905], [4904, 4907], [4922, 4923], [4922, 4944], [4925, 4926], [4925, 4928], [4929, 4930], [4929, 4939], [4930, 4931], [4930, 4934], [4934, 4935], [4934, 4939], [4940, 4922], [4940, 4941], [4944, -4885], [4944, 4945], [4945, 4951], [4945, 4953], [4961, 4962], [4961, 4964], [4977, 4978], [4977, 4983], [4980, 4977], [4980, 4981], [4983, -4956], [4983, 4984], [5015, 5016], [5015, 5024], [5017, 5018], [5017, 5024], [5019, 5020], [5019, 5021], [5038, 5039], [5038, 5040], [5052, 5053], [5052, 5055], [5055, 5056], [5055, 5058], [5058, 5059], [5058, 5062], [5065, 5066], [5065, 5068], [5073, 5074], [5073, 5083], [5074, 5077], [5074, 5080], [5084, 5086], [5084, 5088], [5090, 5091], [5090, 5105], [5100, 5101], [5100, 5105], [5101, 5100], [5101, 5103], [5105, 5107], [5105, 5108], [5110, 5111], [5110, 5113], [5113, 5114], [5113, 5116], [5126, 5128], [5126, 5129], [5129, 5131], [5129, 5133], [5133, 5134], [5133, 5143], [5136, 5137], [5136, 5139], [5139, 5140], [5139, 5141], [5143, 5144], [5143, 5151], [5147, 5148], [5147, 5149], [5157, 5158], [5157, 5160], [5173, 5174], [5173, 5177], [5174, 5173], [5174, 5176], [5178, -5164], [5178, 5181], [5181, 5182], [5181, 5185], [5185, 5190], [5185, 5192], [5192, 5193], [5192, 5217], [5193, 5194], [5193, 5196], [5196, 5197], [5196, 5199], [5197, 5198], [5197, 5217], [5199, 5200], [5199, 5201], [5201, 5204], [5201, 5214], [5204, 5206], [5204, 5208], [5208, 5210], [5208, 5212], [5214, 5215], [5214, 5217], [5223, -5220], [5223, 5224], [5232, 5233], [5232, 5278], [5234, 5232], [5234, 5235], [5235, 5239], [5235, 5276], [5239, 5240], [5239, 5244], [5241, 5242], [5241, 5244], [5245, 5246], [5245, 5248], [5252, -5252], [5252, 5255], [5255, 5258], [5255, 5259], [5260, 5261], [5260, 5264], [5262, 5260], [5262, 5263], [5287, -5281], [5287, 5288], [5288, 5289], [5288, 5292], [5292, 5293], [5292, 5298], [5293, 5287], [5293, 5294], [5294, 5295], [5294, 5296], [5307, 5308], [5307, 5312], [5308, 5309], [5308, 5310], [5310, 5307], [5310, 5311], [5317, 5318], [5317, 5327], [5318, 5317], [5318, 5324], [5324, 5317], [5324, 5325], [5332, 5333], [5332, 5335], [5333, 5332], [5333, 5334], [5346, 5353], [5346, 5355], [5357, 5358], [5357, 5371], [5364, 5367], [5364, 5369], [5378, 5379], [5378, 5381], [5406, 5407], [5406, 5409], [5410, 5411], [5410, 5413], [5436, 5437], [5436, 5443], [5438, 5439], [5438, 5441], [5458, 5459], [5458, 5461], [5461, 5462], [5461, 5464], [5464, 5465], [5464, 5467], [5467, 5468], [5467, 5470], [5471, 5472], [5471, 5474], [5485, 5486], [5485, 5488], [5489, 5492], [5489, 5497], [5492, 5493], [5492, 5495], [5507, 5513], [5507, 5515], [5520, 5521], [5520, 5523], [5523, 5524], [5523, 5526], [5527, -5527], [5527, -5518], [5540, 5541], [5540, 5543], [5545, 5546], [5545, 5548], [5549, 5550], [5549, 5555], [5550, 5551], [5550, 5553], [5553, 5549], [5553, 5554], [5568, 5569], [5568, 5570], [5570, -5562], [5570, 5571], [5577, 5578], [5577, 5583], [5587, 5588], [5587, 5590], [5603, 5604], [5603, 5606], [5607, 5608], [5607, 5612], [5608, 5607], [5608, 5609], [5616, 5617], [5616, 5630], [5617, 5618], [5617, 5620], [5621, 5616], [5621, 5622], [5623, 5616], [5623, 5627], [5643, 5644], [5643, 5679], [5644, 5645], [5644, 5649], [5646, 5643], [5646, 5647], [5649, 5650], [5649, 5653], [5650, 5643], [5650, 5651], [5653, 5654], [5653, 5657], [5654, 5643], [5654, 5655], [5657, 5658], [5657, 5660], [5660, 5643], [5660, 5665], [5665, 5666], [5665, 5668], [5670, 5643], [5670, 5671], [5671, 5672], [5671, 5674], [5674, 5670], [5674, 5675], [5675, 5670], [5675, 5676], [5676, 5675], [5676, 5677], [5685, -5685], [5685, -5682], [5702, 5703], [5702, 5705], [5709, -5690], [5709, 5710], [5711, 5712], [5711, 5714], [5715, 5716], [5715, 5718], [5718, 5719], [5718, 5736], [5719, 5720], [5719, 5721], [5721, 5709], [5721, 5722], [5723, 5733], [5723, 5735], [5736, 5709], [5736, 5737], [5738, 5742], [5738, 5745], [5745, 5746], [5745, 5751], [5751, 5759], [5751, 5761], [5761, 5709], [5761, 5762], [5771, -5770], [5771, 5772], [5772, 5773], [5772, 5776], [5773, 5771], [5773, 5774], [5776, 5777], [5776, 5782], [5782, 5783], [5782, 5786], [5788, 5789], [5788, 5813], [5789, 5790], [5789, 5792], [5793, 5795], [5793, 5804], [5795, 5800], [5795, 5802], [5804, 5805], [5804, 5811], [5806, 5807], [5806, 5809], [5821, 5822], [5821, 5824], [5822, 5823], [5822, 5824], [5836, 5837], [5836, 5840], [5841, 5842], [5841, 5845], [5867, -5850], [5867, 5868], [5869, 5870], [5869, 5873], [5873, 5874], [5873, 5878], [5879, 5880], [5879, 5882], [5883, 5884], [5883, 5887], [5890, 5891], [5890, 5894], [5894, 5895], [5894, 5905], [5905, 5867], [5905, 5906], [5907, 5867], [5907, 5908], [5921, 5922], [5921, 5924], [5924, -5924], [5924, 5928], [5928, -5928], [5928, 5932], [5932, -5932], [5932, 5937], [5937, 5938], [5937, 5947], [5938, 5939], [5938, 5941], [5941, 5942], [5941, 5944], [5944, 5937], [5944, 5945], [5950, 5951], [5950, 5952], [6038, 6040], [6038, 6046], [6040, 6041], [6040, 6052], [6046, 6047], [6046, 6052], [6059, 6060], [6059, 6062], [6062, 6063], [6062, 6065], [6065, 6066], [6065, 6068], [6080, 6082], [6080, 6127], [6083, 6084], [6083, 6085], [6085, 6086], [6085, 6088], [6095, 6096], [6095, 6110], [6096, 6080], [6096, 6099], [6099, 6104], [6099, 6107], [6104, 6096], [6104, 6105], [6107, 6096], [6107, 6108], [6110, 6111], [6110, 6117], [6117, 6122], [6117, 6124], [6152, -6130], [6152, 6153], [6164, -6161], [6164, 6165], [6180, 6183], [6180, 6187], [6183, 6180], [6183, 6184], [6185, 6183], [6185, 6186], [6203, -6203], [6203, 6204], [6204, -6204], [6204, 6205], [6213, -6210], [6213, 6214], [6220, 6221], [6220, 6223], [6225, -6225], [6225, 6226], [6226, 6227], [6226, 6229], [6229, 6230], [6229, 6231], [6257, 6258], [6257, 6259], [6266, -6263], [6266, 6267], [6282, -6271], [6282, 6283], [6284, 6285], [6284, 6287], [6287, 6288], [6287, 6290], [6298, 6299], [6298, 6300], [6315, 6316], [6315, 6318], [6318, 6319], [6318, 6340], [6322, 6323], [6322, 6340], [6323, 6324], [6323, 6328], [6324, 6325], [6324, 6327], [6328, 6329], [6328, 6330], [6330, 6331], [6330, 6334], [6331, 6332], [6331, 6337], [6334, 6335], [6334, 6337], [6337, 6322], [6337, 6338], [6355, 6357], [6355, 6359], [6360, 6362], [6360, 6364], [6364, 6366], [6364, 6368], [6374, 6375], [6374, 6382], [6375, 6376], [6375, 6382], [6384, 6385], [6384, 6391], [6391, 6402], [6391, 6418], [6402, 6404], [6402, 6406], [6406, 6409], [6406, 6411], [6411, 6413], [6411, 6415], [6415, 6416], [6415, 6418], [6426, 6427], [6426, 6440], [6427, 6428], [6427, 6429], [6429, 6426], [6429, 6430], [6431, 6432], [6431, 6434], [6434, 6426], [6434, 6436], [6440, 6441], [6440, 6443], [6450, 6451], [6450, 6460], [6452, 6453], [6452, 6456], [6453, 6450], [6453, 6454], [6456, 6450], [6456, 6458], [6467, 6468], [6467, 6481], [6468, 6469], [6468, 6473], [6469, 6470], [6469, 6471], [6473, 6474], [6473, 6476], [6476, 6477], [6476, 6479], [6492, 6493], [6492, 6494], [6495, 6496], [6495, 6501], [6496, 6497], [6496, 6499], [6501, -6501], [6501, 6510], [6501, 6512], [6518, -6518], [6518, 6521], [6518, 6522], [6535, 6536], [6535, 6538], [6538, -6529], [6538, 6539], [6538, 6544], [6560, 6561], [6560, 6566], [6562, 6563], [6562, 6565], [6574, -6574], [6574, 6575], [6575, 6576], [6575, 6577], [6599, -6582], [6599, 6600], [6600, 6599], [6600, 6601], [6601, -6601], [6601, 6599], [6611, 6614], [6611, 6616], [6616, 6619], [6616, 6622], [6622, 6625], [6622, 6627], [6632, 6633], [6632, 6636], [6639, 6640], [6639, 6644], [6641, 6639], [6641, 6642], [6645, 6646], [6645, 6653], [6647, 6648], [6647, 6653], [6649, 6650], [6649, 6652], [6656, -1], [6656, 6657]]}}}, "src/black/__main__.py": {"executed_lines": [], "summary": {"covered_lines": 0, "num_statements": 2, "percent_covered": 0.0, "percent_covered_display": "0", "missing_lines": 2, "excluded_lines": 0, "num_branches": 0, "num_partial_branches": 0, "covered_branches": 0, "missing_branches": 0}, "missing_lines": [1, 3], "excluded_lines": [], "executed_branches": [], "missing_branches": [], "functions": {"": {"executed_lines": [], "summary": {"covered_lines": 0, "num_statements": 2, "percent_covered": 0.0, "percent_covered_display": "0", "missing_lines": 2, "excluded_lines": 0, "num_branches": 0, "num_partial_branches": 0, "covered_branches": 0, "missing_branches": 0}, "missing_lines": [1, 3], "excluded_lines": [], "executed_branches": [], "missing_branches": []}}, "classes": {"": {"executed_lines": [], "summary": {"covered_lines": 0, "num_statements": 2, "percent_covered": 0.0, "percent_covered_display": "0", "missing_lines": 2, "excluded_lines": 0, "num_branches": 0, "num_partial_branches": 0, "covered_branches": 0, "missing_branches": 0}, "missing_lines": [1, 3], "excluded_lines": [], "executed_branches": [], "missing_branches": []}}}, "src/blackd/__init__.py": {"executed_lines": [], "summary": {"covered_lines": 0, "num_statements": 116, "percent_covered": 0.0, "percent_covered_display": "0", "missing_lines": 116, "excluded_lines": 0, "num_branches": 30, "num_partial_branches": 0, "covered_branches": 0, "missing_branches": 30}, "missing_lines": [1, 2, 3, 4, 5, 6, 7, 9, 10, 11, 12, 14, 17, 20, 21, 22, 23, 24, 25, 27, 37, 40, 41, 44, 45, 48, 49, 50, 51, 52, 53, 54, 55, 58, 59, 60, 62, 63, 64, 73, 76, 77, 78, 79, 80, 83, 84, 87, 88, 90, 91, 92, 93, 94, 95, 100, 101, 103, 106, 107, 108, 109, 115, 116, 117, 118, 120, 121, 126, 127, 128, 129, 130, 131, 132, 137, 143, 144, 145, 146, 147, 148, 149, 152, 153, 154, 156, 157, 158, 159, 160, 161, 163, 164, 165, 166, 167, 168, 169, 170, 171, 172, 177, 178, 179, 180, 181, 182, 183, 184, 187, 188, 189, 190, 193, 194], "excluded_lines": [], "executed_branches": [], "missing_branches": [[79, 80], [79, 83], [90, 91], [90, 100], [107, 108], [107, 109], [127, 128], [127, 137], [143, 144], [143, 145], [145, 146], [145, 147], [153, 154], [153, 156], [157, 158], [157, 184], [158, 159], [158, 160], [160, 161], [160, 163], [167, 168], [167, 169], [169, 170], [169, 177], [171, 172], [171, 178], [179, 180], [179, 181], [193, -1], [193, 194]], "functions": {"main": {"executed_lines": [], "summary": {"covered_lines": 0, "num_statements": 5, "percent_covered": 0.0, "percent_covered_display": "0", "missing_lines": 5, "excluded_lines": 0, "num_branches": 0, "num_partial_branches": 0, "covered_branches": 0, "missing_branches": 0}, "missing_lines": [51, 52, 53, 54, 55], "excluded_lines": [], "executed_branches": [], "missing_branches": []}, "make_app": {"executed_lines": [], "summary": {"covered_lines": 0, "num_statements": 6, "percent_covered": 0.0, "percent_covered_display": "0", "missing_lines": 6, "excluded_lines": 0, "num_branches": 0, "num_partial_branches": 0, "covered_branches": 0, "missing_branches": 0}, "missing_lines": [59, 60, 62, 63, 64, 73], "excluded_lines": [], "executed_branches": [], "missing_branches": []}, "handle": {"executed_lines": [], "summary": {"covered_lines": 0, "num_statements": 42, "percent_covered": 0.0, "percent_covered_display": "0", "missing_lines": 42, "excluded_lines": 0, "num_branches": 12, "num_partial_branches": 0, "covered_branches": 0, "missing_branches": 12}, "missing_lines": [77, 78, 79, 80, 83, 84, 87, 88, 90, 91, 92, 93, 94, 95, 100, 101, 103, 106, 107, 108, 109, 115, 116, 117, 118, 120, 121, 126, 127, 128, 129, 130, 131, 132, 137, 143, 144, 145, 146, 147, 148, 149], "excluded_lines": [], "executed_branches": [], "missing_branches": [[79, 80], [79, 83], [90, 91], [90, 100], [107, 108], [107, 109], [127, 128], [127, 137], [143, 144], [143, 145], [145, 146], [145, 147]]}, "parse_python_variant_header": {"executed_lines": [], "summary": {"covered_lines": 0, "num_statements": 26, "percent_covered": 0.0, "percent_covered_display": "0", "missing_lines": 26, "excluded_lines": 0, "num_branches": 16, "num_partial_branches": 0, "covered_branches": 0, "missing_branches": 16}, "missing_lines": [153, 154, 156, 157, 158, 159, 160, 161, 163, 164, 165, 166, 167, 168, 169, 170, 171, 172, 177, 178, 179, 180, 181, 182, 183, 184], "excluded_lines": [], "executed_branches": [], "missing_branches": [[153, 154], [153, 156], [157, 158], [157, 184], [158, 159], [158, 160], [160, 161], [160, 163], [167, 168], [167, 169], [169, 170], [169, 177], [171, 172], [171, 178], [179, 180], [179, 181]]}, "patched_main": {"executed_lines": [], "summary": {"covered_lines": 0, "num_statements": 3, "percent_covered": 0.0, "percent_covered_display": "0", "missing_lines": 3, "excluded_lines": 0, "num_branches": 0, "num_partial_branches": 0, "covered_branches": 0, "missing_branches": 0}, "missing_lines": [188, 189, 190], "excluded_lines": [], "executed_branches": [], "missing_branches": []}, "": {"executed_lines": [], "summary": {"covered_lines": 0, "num_statements": 34, "percent_covered": 0.0, "percent_covered_display": "0", "missing_lines": 34, "excluded_lines": 0, "num_branches": 2, "num_partial_branches": 0, "covered_branches": 0, "missing_branches": 2}, "missing_lines": [1, 2, 3, 4, 5, 6, 7, 9, 10, 11, 12, 14, 17, 20, 21, 22, 23, 24, 25, 27, 37, 40, 41, 44, 45, 48, 49, 50, 58, 76, 152, 187, 193, 194], "excluded_lines": [], "executed_branches": [], "missing_branches": [[193, -1], [193, 194]]}}, "classes": {"InvalidVariantHeader": {"executed_lines": [], "summary": {"covered_lines": 0, "num_statements": 0, "percent_covered": 100.0, "percent_covered_display": "100", "missing_lines": 0, "excluded_lines": 0, "num_branches": 0, "num_partial_branches": 0, "covered_branches": 0, "missing_branches": 0}, "missing_lines": [], "excluded_lines": [], "executed_branches": [], "missing_branches": []}, "": {"executed_lines": [], "summary": {"covered_lines": 0, "num_statements": 116, "percent_covered": 0.0, "percent_covered_display": "0", "missing_lines": 116, "excluded_lines": 0, "num_branches": 30, "num_partial_branches": 0, "covered_branches": 0, "missing_branches": 30}, "missing_lines": [1, 2, 3, 4, 5, 6, 7, 9, 10, 11, 12, 14, 17, 20, 21, 22, 23, 24, 25, 27, 37, 40, 41, 44, 45, 48, 49, 50, 51, 52, 53, 54, 55, 58, 59, 60, 62, 63, 64, 73, 76, 77, 78, 79, 80, 83, 84, 87, 88, 90, 91, 92, 93, 94, 95, 100, 101, 103, 106, 107, 108, 109, 115, 116, 117, 118, 120, 121, 126, 127, 128, 129, 130, 131, 132, 137, 143, 144, 145, 146, 147, 148, 149, 152, 153, 154, 156, 157, 158, 159, 160, 161, 163, 164, 165, 166, 167, 168, 169, 170, 171, 172, 177, 178, 179, 180, 181, 182, 183, 184, 187, 188, 189, 190, 193, 194], "excluded_lines": [], "executed_branches": [], "missing_branches": [[79, 80], [79, 83], [90, 91], [90, 100], [107, 108], [107, 109], [127, 128], [127, 137], [143, 144], [143, 145], [145, 146], [145, 147], [153, 154], [153, 156], [157, 158], [157, 184], [158, 159], [158, 160], [160, 161], [160, 163], [167, 168], [167, 169], [169, 170], [169, 177], [171, 172], [171, 178], [179, 180], [179, 181], [193, -1], [193, 194]]}}}}, "totals": {"covered_lines": 0, "num_statements": 3065, "percent_covered": 0.0, "percent_covered_display": "0", "missing_lines": 3065, "excluded_lines": 0, "num_branches": 1591, "num_partial_branches": 0, "covered_branches": 0, "missing_branches": 1591}}