{"meta": {"format": 3, "version": "7.6.1", "timestamp": "2026-07-31T21:39:46.376207", "branch_coverage": true, "show_contexts": false}, "files": {"pysnooper/__init__.py": {"executed_lines": [3, 20, 21, 22, 24, 27, 28, 30], "summary": {"covered_lines": 7, "num_statements": 7, "percent_covered": 100.0, "percent_covered_display": "100", "missing_lines": 0, "excluded_lines": 0, "num_branches": 0, "num_partial_branches": 0, "covered_branches": 0, "missing_branches": 0}, "missing_lines": [], "excluded_lines": [], "executed_branches": [], "missing_branches": [], "functions": {"": {"executed_lines": [3, 20, 21, 22, 24, 27, 28, 30], "summary": {"covered_lines": 7, "num_statements": 7, "percent_covered": 100.0, "percent_covered_display": "100", "missing_lines": 0, "excluded_lines": 0, "num_branches": 0, "num_partial_branches": 0, "covered_branches": 0, "missing_branches": 0}, "missing_lines": [], "excluded_lines": [], "executed_branches": [], "missing_branches": []}}, "classes": {"": {"executed_lines": [3, 20, 21, 22, 24, 27, 28, 30], "summary": {"covered_lines": 7, "num_statements": 7, "percent_covered": 100.0, "percent_covered_display": "100", "missing_lines": 0, "excluded_lines": 0, "num_branches": 0, "num_partial_branches": 0, "covered_branches": 0, "missing_branches": 0}, "missing_lines": [], "excluded_lines": [], "executed_branches": [], "missing_branches": []}}}, "pysnooper/pycompat.py": {"executed_lines": [3, 5, 6, 7, 8, 9, 11, 12, 14, 15, 25, 26, 46, 47, 51, 52, 57, 58, 59, 60, 67, 68, 72, 73, 86, 87, 88, 90, 91, 95], "summary": {"covered_lines": 29, "num_statements": 55, "percent_covered": 47.82608695652174, "percent_covered_display": "48", "missing_lines": 26, "excluded_lines": 0, "num_branches": 14, "num_partial_branches": 4, "covered_branches": 4, "missing_branches": 10}, "missing_lines": [17, 21, 22, 28, 31, 32, 34, 36, 37, 38, 48, 49, 53, 54, 62, 63, 64, 69, 70, 75, 76, 77, 78, 79, 82, 83], "excluded_lines": [], "executed_branches": [[14, 15], [25, 26], [57, 58], [72, 73]], "missing_branches": [[14, 17], [25, 28], [49, -49], [49, 51], [54, -54], [54, 57], [57, 62], [72, 75], [77, 78], [77, 79]], "functions": {"timedelta_format": {"executed_lines": [87, 88], "summary": {"covered_lines": 2, "num_statements": 2, "percent_covered": 100.0, "percent_covered_display": "100", "missing_lines": 0, "excluded_lines": 0, "num_branches": 0, "num_partial_branches": 0, "covered_branches": 0, "missing_branches": 0}, "missing_lines": [], "excluded_lines": [], "executed_branches": [], "missing_branches": []}, "timedelta_parse": {"executed_lines": [91, 95], "summary": {"covered_lines": 2, "num_statements": 2, "percent_covered": 100.0, "percent_covered_display": "100", "missing_lines": 0, "excluded_lines": 0, "num_branches": 0, "num_partial_branches": 0, "covered_branches": 0, "missing_branches": 0}, "missing_lines": [], "excluded_lines": [], "executed_branches": [], "missing_branches": []}, "": {"executed_lines": [3, 5, 6, 7, 8, 9, 11, 12, 14, 15, 25, 26, 46, 47, 51, 52, 57, 58, 59, 60, 67, 68, 72, 73, 86, 90], "summary": {"covered_lines": 25, "num_statements": 51, "percent_covered": 44.61538461538461, "percent_covered_display": "45", "missing_lines": 26, "excluded_lines": 0, "num_branches": 14, "num_partial_branches": 4, "covered_branches": 4, "missing_branches": 10}, "missing_lines": [17, 21, 22, 28, 31, 32, 34, 36, 37, 38, 48, 49, 53, 54, 62, 63, 64, 69, 70, 75, 76, 77, 78, 79, 82, 83], "excluded_lines": [], "executed_branches": [[14, 15], [25, 26], [57, 58], [72, 73]], "missing_branches": [[14, 17], [25, 28], [49, -49], [49, 51], [54, -54], [54, 57], [57, 62], [72, 75], [77, 78], [77, 79]]}}, "classes": {"": {"executed_lines": [3, 5, 6, 7, 8, 9, 11, 12, 14, 15, 25, 26, 46, 47, 51, 52, 57, 58, 59, 60, 67, 68, 72, 73, 86, 87, 88, 90, 91, 95], "summary": {"covered_lines": 29, "num_statements": 55, "percent_covered": 47.82608695652174, "percent_covered_display": "48", "missing_lines": 26, "excluded_lines": 0, "num_branches": 14, "num_partial_branches": 4, "covered_branches": 4, "missing_branches": 10}, "missing_lines": [17, 21, 22, 28, 31, 32, 34, 36, 37, 38, 48, 49, 53, 54, 62, 63, 64, 69, 70, 75, 76, 77, 78, 79, 82, 83], "excluded_lines": [], "executed_branches": [[14, 15], [25, 26], [57, 58], [72, 73]], "missing_branches": [[14, 17], [25, 28], [49, -49], [49, 51], [54, -54], [54, 57], [57, 62], [72, 75], [77, 78], [77, 79]]}}}, "pysnooper/tracer.py": {"executed_lines": [4, 5, 6, 7, 8, 9, 10, 11, 12, 13, 14, 16, 17, 18, 22, 25, 26, 27, 30, 33, 34, 36, 38, 41, 42, 46, 49, 50, 51, 52, 53, 54, 55, 56, 57, 58, 60, 61, 68, 69, 70, 81, 82, 83, 86, 94, 95, 96, 99, 100, 103, 106, 107, 108, 111, 112, 113, 116, 117, 118, 119, 120, 124, 125, 126, 127, 129, 131, 132, 133, 136, 137, 138, 139, 141, 142, 144, 145, 148, 149, 151, 152, 206, 209, 211, 218, 219, 220, 221, 222, 223, 224, 225, 226, 227, 228, 230, 231, 232, 233, 234, 235, 237, 246, 247, 250, 251, 253, 254, 255, 257, 258, 260, 261, 262, 263, 265, 266, 280, 282, 284, 287, 289, 290, 291, 293, 294, 296, 297, 298, 299, 300, 302, 305, 306, 307, 309, 315, 316, 320, 321, 322, 323, 324, 330, 331, 333, 334, 335, 337, 339], "summary": {"covered_lines": 150, "num_statements": 279, "percent_covered": 48.86649874055416, "percent_covered_display": "49", "missing_lines": 129, "excluded_lines": 0, "num_branches": 118, "num_partial_branches": 15, "covered_branches": 44, "missing_branches": 74}, "missing_lines": [19, 37, 43, 62, 63, 64, 65, 66, 67, 71, 72, 73, 74, 75, 77, 78, 79, 84, 85, 89, 101, 102, 114, 121, 123, 238, 239, 241, 242, 244, 267, 268, 269, 270, 271, 272, 273, 274, 275, 276, 277, 278, 281, 283, 285, 295, 310, 311, 312, 313, 314, 347, 348, 352, 353, 354, 356, 357, 358, 359, 360, 361, 362, 364, 366, 367, 368, 375, 376, 377, 378, 379, 380, 381, 383, 384, 386, 393, 394, 395, 396, 397, 399, 400, 401, 402, 403, 404, 406, 407, 409, 413, 414, 421, 424, 425, 426, 428, 429, 438, 441, 442, 443, 444, 447, 449, 451, 452, 453, 460, 461, 462, 463, 470, 471, 474, 477, 478, 479, 480, 482, 483, 488, 491, 492, 493, 494, 495, 498], "excluded_lines": [], "executed_branches": [[18, 22], [30, -30], [30, 30], [30, 33], [33, -33], [33, 34], [36, 38], [61, 68], [68, 69], [70, 81], [82, 83], [82, 86], [86, 94], [94, 95], [96, 99], [96, 103], [100, 96], [103, -103], [103, 103], [103, 106], [113, 116], [116, 117], [116, 124], [124, 125], [124, 126], [126, 127], [126, 129], [142, 142], [142, 144], [142, 145], [211, -211], [211, 211], [211, 218], [228, 228], [228, 230], [228, 231], [247, -246], [247, 250], [247, 255], [250, 251], [250, 253], [253, 247], [253, 254], [262, 263], [262, 315], [280, 282], [282, 284], [284, 287], [294, 296], [298, 299], [298, 302]], "missing_branches": [[18, 19], [36, 37], [61, 62], [66, 67], [66, 68], [68, 86], [70, 71], [86, 89], [94, 106], [100, 101], [113, 114], [228, -228], [238, 239], [238, 241], [241, 242], [241, 244], [262, -260], [270, -265], [270, 271], [270, 275], [280, 281], [282, 283], [284, 285], [294, 295], [310, 311], [310, 312], [347, 348], [347, 366], [348, 352], [348, 353], [353, 354], [353, 356], [357, 358], [357, 364], [359, 360], [359, 361], [361, 357], [361, 362], [366, 367], [366, 368], [375, 376], [375, 377], [377, 378], [377, 386], [396, 397], [396, 400], [402, 403], [402, 409], [403, 404], [403, 406], [424, 425], [424, 438], [425, 426], [425, 428], [428, 424], [428, 429], [438, 441], [438, 460], [441, 442], [441, 460], [449, 441], [449, 451], [461, 462], [461, 463], [470, 471], [470, 474], [477, 478], [477, 491], [482, 483], [482, 491], [491, 492], [491, 498], [493, 494], [493, 495]], "functions": {"get_local_reprs": {"executed_lines": [26, 27, 30, 33, 34, 36, 38], "summary": {"covered_lines": 7, "num_statements": 8, "percent_covered": 85.71428571428571, "percent_covered_display": "86", "missing_lines": 1, "excluded_lines": 0, "num_branches": 6, "num_partial_branches": 1, "covered_branches": 5, "missing_branches": 1}, "missing_lines": [37], "excluded_lines": [], "executed_branches": [[30, -30], [30, 30], [30, 33], [33, -33], [33, 34], [36, 38]], "missing_branches": [[36, 37]]}, "UnavailableSource.__getitem__": {"executed_lines": [], "summary": {"covered_lines": 0, "num_statements": 1, "percent_covered": 0.0, "percent_covered_display": "0", "missing_lines": 1, "excluded_lines": 0, "num_branches": 0, "num_partial_branches": 0, "covered_branches": 0, "missing_branches": 0}, "missing_lines": [43], "excluded_lines": [], "executed_branches": [], "missing_branches": []}, "get_path_and_source_from_frame": {"executed_lines": [50, 51, 52, 53, 54, 55, 56, 57, 58, 60, 61, 68, 69, 70, 81, 82, 83, 86, 94, 95, 96, 99, 100, 103, 106, 107, 108], "summary": {"covered_lines": 27, "num_statements": 46, "percent_covered": 59.09090909090909, "percent_covered_display": "59", "missing_lines": 19, "excluded_lines": 0, "num_branches": 20, "num_partial_branches": 6, "covered_branches": 12, "missing_branches": 8}, "missing_lines": [62, 63, 64, 65, 66, 67, 71, 72, 73, 74, 75, 77, 78, 79, 84, 85, 89, 101, 102], "excluded_lines": [], "executed_branches": [[61, 68], [68, 69], [70, 81], [82, 83], [82, 86], [86, 94], [94, 95], [96, 99], [96, 103], [100, 96], [103, -103], [103, 103], [103, 106]], "missing_branches": [[61, 62], [66, 67], [66, 68], [68, 86], [70, 71], [86, 89], [94, 106], [100, 101]]}, "get_write_function": {"executed_lines": [112, 113, 116, 117, 124, 125, 126, 127, 129, 131, 132, 133], "summary": {"covered_lines": 12, "num_statements": 13, "percent_covered": 90.47619047619048, "percent_covered_display": "90", "missing_lines": 1, "excluded_lines": 0, "num_branches": 8, "num_partial_branches": 1, "covered_branches": 7, "missing_branches": 1}, "missing_lines": [114], "excluded_lines": [], "executed_branches": [[113, 116], [116, 117], [116, 124], [124, 125], [124, 126], [126, 127], [126, 129]], "missing_branches": [[113, 114]]}, "get_write_function.write": {"executed_lines": [118, 119, 120], "summary": {"covered_lines": 3, "num_statements": 5, "percent_covered": 60.0, "percent_covered_display": "60", "missing_lines": 2, "excluded_lines": 0, "num_branches": 0, "num_partial_branches": 0, "covered_branches": 0, "missing_branches": 0}, "missing_lines": [121, 123], "excluded_lines": [], "executed_branches": [], "missing_branches": []}, "FileWriter.__init__": {"executed_lines": [138, 139], "summary": {"covered_lines": 2, "num_statements": 2, "percent_covered": 100.0, "percent_covered_display": "100", "missing_lines": 0, "excluded_lines": 0, "num_branches": 0, "num_partial_branches": 0, "covered_branches": 0, "missing_branches": 0}, "missing_lines": [], "excluded_lines": [], "executed_branches": [], "missing_branches": []}, "FileWriter.write": {"executed_lines": [142, 144, 145], "summary": {"covered_lines": 3, "num_statements": 3, "percent_covered": 100.0, "percent_covered_display": "100", "missing_lines": 0, "excluded_lines": 0, "num_branches": 2, "num_partial_branches": 0, "covered_branches": 2, "missing_branches": 0}, "missing_lines": [], "excluded_lines": [], "executed_branches": [[142, 142], [142, 144], [142, 145]], "missing_branches": []}, "Tracer.__init__": {"executed_lines": [209, 211, 218, 219, 220, 221, 222, 223, 224, 225, 226, 227, 228, 230, 231, 232, 233, 234, 235], "summary": {"covered_lines": 19, "num_statements": 19, "percent_covered": 95.83333333333333, "percent_covered_display": "96", "missing_lines": 0, "excluded_lines": 0, "num_branches": 5, "num_partial_branches": 1, "covered_branches": 4, "missing_branches": 1}, "missing_lines": [], "excluded_lines": [], "executed_branches": [[211, -211], [211, 211], [211, 218], [228, 228], [228, 230], [228, 231]], "missing_branches": [[228, -228]]}, "Tracer.__call__": {"executed_lines": [], "summary": {"covered_lines": 0, "num_statements": 5, "percent_covered": 0.0, "percent_covered_display": "0", "missing_lines": 5, "excluded_lines": 0, "num_branches": 4, "num_partial_branches": 0, "covered_branches": 0, "missing_branches": 4}, "missing_lines": [238, 239, 241, 242, 244], "excluded_lines": [], "executed_branches": [], "missing_branches": [[238, 239], [238, 241], [241, 242], [241, 244]]}, "Tracer._wrap_class": {"executed_lines": [247, 250, 251, 253, 254, 255], "summary": {"covered_lines": 6, "num_statements": 6, "percent_covered": 100.0, "percent_covered_display": "100", "missing_lines": 0, "excluded_lines": 0, "num_branches": 6, "num_partial_branches": 0, "covered_branches": 6, "missing_branches": 0}, "missing_lines": [], "excluded_lines": [], "executed_branches": [[247, -246], [247, 250], [247, 255], [250, 251], [250, 253], [253, 247], [253, 254]], "missing_branches": []}, "Tracer._wrap_function": {"executed_lines": [258, 260, 261, 265, 266, 280, 282, 284, 287], "summary": {"covered_lines": 9, "num_statements": 12, "percent_covered": 66.66666666666667, "percent_covered_display": "67", "missing_lines": 3, "excluded_lines": 0, "num_branches": 6, "num_partial_branches": 3, "covered_branches": 3, "missing_branches": 3}, "missing_lines": [281, 283, 285], "excluded_lines": [], "executed_branches": [[280, 282], [282, 284], [284, 287]], "missing_branches": [[280, 281], [282, 283], [284, 285]]}, "Tracer._wrap_function.simple_wrapper": {"executed_lines": [262, 263], "summary": {"covered_lines": 2, "num_statements": 2, "percent_covered": 75.0, "percent_covered_display": "75", "missing_lines": 0, "excluded_lines": 0, "num_branches": 2, "num_partial_branches": 1, "covered_branches": 1, "missing_branches": 1}, "missing_lines": [], "excluded_lines": [], "executed_branches": [[262, 263], [262, 315]], "missing_branches": [[262, -260]]}, "Tracer._wrap_function.generator_wrapper": {"executed_lines": [], "summary": {"covered_lines": 0, "num_statements": 12, "percent_covered": 0.0, "percent_covered_display": "0", "missing_lines": 12, "excluded_lines": 0, "num_branches": 3, "num_partial_branches": 0, "covered_branches": 0, "missing_branches": 3}, "missing_lines": [267, 268, 269, 270, 271, 272, 273, 274, 275, 276, 277, 278], "excluded_lines": [], "executed_branches": [], "missing_branches": [[270, -265], [270, 271], [270, 275]]}, "Tracer.write": {"executed_lines": [290, 291], "summary": {"covered_lines": 2, "num_statements": 2, "percent_covered": 100.0, "percent_covered_display": "100", "missing_lines": 0, "excluded_lines": 0, "num_branches": 0, "num_partial_branches": 0, "covered_branches": 0, "missing_branches": 0}, "missing_lines": [], "excluded_lines": [], "executed_branches": [], "missing_branches": []}, "Tracer.__enter__": {"executed_lines": [294, 296, 297, 298, 299, 300, 302, 305, 306, 307], "summary": {"covered_lines": 10, "num_statements": 11, "percent_covered": 86.66666666666667, "percent_covered_display": "87", "missing_lines": 1, "excluded_lines": 0, "num_branches": 4, "num_partial_branches": 1, "covered_branches": 3, "missing_branches": 1}, "missing_lines": [295], "excluded_lines": [], "executed_branches": [[294, 296], [298, 299], [298, 302]], "missing_branches": [[294, 295]]}, "Tracer.__exit__": {"executed_lines": [315, 316, 320, 321, 322, 323, 324], "summary": {"covered_lines": 7, "num_statements": 12, "percent_covered": 50.0, "percent_covered_display": "50", "missing_lines": 5, "excluded_lines": 0, "num_branches": 2, "num_partial_branches": 0, "covered_branches": 0, "missing_branches": 2}, "missing_lines": [310, 311, 312, 313, 314], "excluded_lines": [], "executed_branches": [], "missing_branches": [[310, 311], [310, 312]]}, "Tracer._is_internal_frame": {"executed_lines": [331], "summary": {"covered_lines": 1, "num_statements": 1, "percent_covered": 100.0, "percent_covered_display": "100", "missing_lines": 0, "excluded_lines": 0, "num_branches": 0, "num_partial_branches": 0, "covered_branches": 0, "missing_branches": 0}, "missing_lines": [], "excluded_lines": [], "executed_branches": [], "missing_branches": []}, "Tracer.set_thread_info_padding": {"executed_lines": [334, 335, 337], "summary": {"covered_lines": 3, "num_statements": 3, "percent_covered": 100.0, "percent_covered_display": "100", "missing_lines": 0, "excluded_lines": 0, "num_branches": 0, "num_partial_branches": 0, "covered_branches": 0, "missing_branches": 0}, "missing_lines": [], "excluded_lines": [], "executed_branches": [], "missing_branches": []}, "Tracer.trace": {"executed_lines": [], "summary": {"covered_lines": 0, "num_statements": 78, "percent_covered": 0.0, "percent_covered_display": "0", "missing_lines": 78, "excluded_lines": 0, "num_branches": 48, "num_partial_branches": 0, "covered_branches": 0, "missing_branches": 48}, "missing_lines": [347, 348, 352, 353, 354, 356, 357, 358, 359, 360, 361, 362, 364, 366, 367, 368, 375, 376, 377, 378, 379, 380, 381, 383, 384, 386, 393, 394, 395, 396, 397, 399, 400, 401, 402, 403, 404, 406, 407, 409, 413, 414, 421, 424, 425, 426, 428, 429, 438, 441, 442, 443, 444, 447, 449, 451, 452, 453, 460, 461, 462, 463, 470, 471, 474, 477, 478, 479, 480, 482, 483, 488, 491, 492, 493, 494, 495, 498], "excluded_lines": [], "executed_branches": [], "missing_branches": [[347, 348], [347, 366], [348, 352], [348, 353], [353, 354], [353, 356], [357, 358], [357, 364], [359, 360], [359, 361], [361, 357], [361, 362], [366, 367], [366, 368], [375, 376], [375, 377], [377, 378], [377, 386], [396, 397], [396, 400], [402, 403], [402, 409], [403, 404], [403, 406], [424, 425], [424, 438], [425, 426], [425, 428], [428, 424], [428, 429], [438, 441], [438, 460], [441, 442], [441, 460], [449, 441], [449, 451], [461, 462], [461, 463], [470, 471], [470, 474], [477, 478], [477, 491], [482, 483], [482, 491], [491, 492], [491, 498], [493, 494], [493, 495]]}, "": {"executed_lines": [4, 5, 6, 7, 8, 9, 10, 11, 12, 13, 14, 16, 17, 18, 22, 25, 41, 42, 46, 49, 111, 136, 137, 141, 148, 149, 151, 152, 206, 237, 246, 257, 289, 293, 309, 330, 333, 339], "summary": {"covered_lines": 37, "num_statements": 38, "percent_covered": 95.0, "percent_covered_display": "95", "missing_lines": 1, "excluded_lines": 0, "num_branches": 2, "num_partial_branches": 1, "covered_branches": 1, "missing_branches": 1}, "missing_lines": [19], "excluded_lines": [], "executed_branches": [[18, 22]], "missing_branches": [[18, 19]]}}, "classes": {"UnavailableSource": {"executed_lines": [], "summary": {"covered_lines": 0, "num_statements": 1, "percent_covered": 0.0, "percent_covered_display": "0", "missing_lines": 1, "excluded_lines": 0, "num_branches": 0, "num_partial_branches": 0, "covered_branches": 0, "missing_branches": 0}, "missing_lines": [43], "excluded_lines": [], "executed_branches": [], "missing_branches": []}, "FileWriter": {"executed_lines": [138, 139, 142, 144, 145], "summary": {"covered_lines": 5, "num_statements": 5, "percent_covered": 100.0, "percent_covered_display": "100", "missing_lines": 0, "excluded_lines": 0, "num_branches": 2, "num_partial_branches": 0, "covered_branches": 2, "missing_branches": 0}, "missing_lines": [], "excluded_lines": [], "executed_branches": [[142, 142], [142, 144], [142, 145]], "missing_branches": []}, "Tracer": {"executed_lines": [209, 211, 218, 219, 220, 221, 222, 223, 224, 225, 226, 227, 228, 230, 231, 232, 233, 234, 235, 247, 250, 251, 253, 254, 255, 258, 260, 261, 262, 263, 265, 266, 280, 282, 284, 287, 290, 291, 294, 296, 297, 298, 299, 300, 302, 305, 306, 307, 315, 316, 320, 321, 322, 323, 324, 331, 334, 335, 337], "summary": {"covered_lines": 59, "num_statements": 163, "percent_covered": 31.275720164609055, "percent_covered_display": "31", "missing_lines": 104, "excluded_lines": 0, "num_branches": 80, "num_partial_branches": 6, "covered_branches": 17, "missing_branches": 63}, "missing_lines": [238, 239, 241, 242, 244, 267, 268, 269, 270, 271, 272, 273, 274, 275, 276, 277, 278, 281, 283, 285, 295, 310, 311, 312, 313, 314, 347, 348, 352, 353, 354, 356, 357, 358, 359, 360, 361, 362, 364, 366, 367, 368, 375, 376, 377, 378, 379, 380, 381, 383, 384, 386, 393, 394, 395, 396, 397, 399, 400, 401, 402, 403, 404, 406, 407, 409, 413, 414, 421, 424, 425, 426, 428, 429, 438, 441, 442, 443, 444, 447, 449, 451, 452, 453, 460, 461, 462, 463, 470, 471, 474, 477, 478, 479, 480, 482, 483, 488, 491, 492, 493, 494, 495, 498], "excluded_lines": [], "executed_branches": [[211, -211], [211, 211], [211, 218], [228, 228], [228, 230], [228, 231], [247, -246], [247, 250], [247, 255], [250, 251], [250, 253], [253, 247], [253, 254], [262, 263], [262, 315], [280, 282], [282, 284], [284, 287], [294, 296], [298, 299], [298, 302]], "missing_branches": [[228, -228], [238, 239], [238, 241], [241, 242], [241, 244], [262, -260], [270, -265], [270, 271], [270, 275], [280, 281], [282, 283], [284, 285], [294, 295], [310, 311], [310, 312], [347, 348], [347, 366], [348, 352], [348, 353], [353, 354], [353, 356], [357, 358], [357, 364], [359, 360], [359, 361], [361, 357], [361, 362], [366, 367], [366, 368], [375, 376], [375, 377], [377, 378], [377, 386], [396, 397], [396, 400], [402, 403], [402, 409], [403, 404], [403, 406], [424, 425], [424, 438], [425, 426], [425, 428], [428, 424], [428, 429], [438, 441], [438, 460], [441, 442], [441, 460], [449, 441], [449, 451], [461, 462], [461, 463], [470, 471], [470, 474], [477, 478], [477, 491], [482, 483], [482, 491], [491, 492], [491, 498], [493, 494], [493, 495]]}, "": {"executed_lines": [4, 5, 6, 7, 8, 9, 10, 11, 12, 13, 14, 16, 17, 18, 22, 25, 26, 27, 30, 33, 34, 36, 38, 41, 42, 46, 49, 50, 51, 52, 53, 54, 55, 56, 57, 58, 60, 61, 68, 69, 70, 81, 82, 83, 86, 94, 95, 96, 99, 100, 103, 106, 107, 108, 111, 112, 113, 116, 117, 118, 119, 120, 124, 125, 126, 127, 129, 131, 132, 133, 136, 137, 141, 148, 149, 151, 152, 206, 237, 246, 257, 289, 293, 309, 330, 333, 339], "summary": {"covered_lines": 86, "num_statements": 110, "percent_covered": 76.02739726027397, "percent_covered_display": "76", "missing_lines": 24, "excluded_lines": 0, "num_branches": 36, "num_partial_branches": 9, "covered_branches": 25, "missing_branches": 11}, "missing_lines": [19, 37, 62, 63, 64, 65, 66, 67, 71, 72, 73, 74, 75, 77, 78, 79, 84, 85, 89, 101, 102, 114, 121, 123], "excluded_lines": [], "executed_branches": [[18, 22], [30, -30], [30, 30], [30, 33], [33, -33], [33, 34], [36, 38], [61, 68], [68, 69], [70, 81], [82, 83], [82, 86], [86, 94], [94, 95], [96, 99], [96, 103], [100, 96], [103, -103], [103, 103], [103, 106], [113, 116], [116, 117], [116, 124], [124, 125], [124, 126], [126, 127], [126, 129]], "missing_branches": [[18, 19], [36, 37], [61, 62], [66, 67], [66, 68], [68, 86], [70, 71], [86, 89], [94, 106], [100, 101], [113, 114]]}}}, "pysnooper/utils.py": {"executed_lines": [4, 5, 7, 8, 10, 11, 12, 13, 14, 15, 16, 17, 19, 20, 23, 24, 25, 28, 29, 30, 31, 36, 44, 50, 51, 52, 53, 54, 55, 56, 59, 62, 64, 67, 68, 69, 70, 71, 72, 73, 74, 76, 78, 81, 82, 83, 85, 86, 87, 90, 91, 93], "summary": {"covered_lines": 52, "num_statements": 58, "percent_covered": 84.88372093023256, "percent_covered_display": "85", "missing_lines": 6, "excluded_lines": 0, "num_branches": 28, "num_partial_branches": 5, "covered_branches": 21, "missing_branches": 7}, "missing_lines": [26, 32, 45, 75, 77, 95], "excluded_lines": [], "executed_branches": [[12, 13], [12, 20], [13, 14], [13, 19], [14, 13], [14, 15], [15, 16], [15, 17], [30, 31], [51, 52], [51, 56], [52, 53], [52, 54], [53, -53], [53, 54], [54, 55], [74, 76], [76, 78], [82, 83], [82, 85], [91, 91], [91, 93]], "missing_branches": [[30, 32], [45, -45], [45, -44], [54, 51], [74, 75], [76, 77], [91, 95]], "functions": {"_check_methods": {"executed_lines": [11, 12, 13, 14, 15, 16, 17, 19, 20], "summary": {"covered_lines": 9, "num_statements": 9, "percent_covered": 100.0, "percent_covered_display": "100", "missing_lines": 0, "excluded_lines": 0, "num_branches": 8, "num_partial_branches": 0, "covered_branches": 8, "missing_branches": 0}, "missing_lines": [], "excluded_lines": [], "executed_branches": [[12, 13], [12, 20], [13, 14], [13, 19], [14, 13], [14, 15], [15, 16], [15, 17]], "missing_branches": []}, "WritableStream.write": {"executed_lines": [], "summary": {"covered_lines": 0, "num_statements": 1, "percent_covered": 0.0, "percent_covered_display": "0", "missing_lines": 1, "excluded_lines": 0, "num_branches": 0, "num_partial_branches": 0, "covered_branches": 0, "missing_branches": 0}, "missing_lines": [26], "excluded_lines": [], "executed_branches": [], "missing_branches": []}, "WritableStream.__subclasshook__": {"executed_lines": [30, 31], "summary": {"covered_lines": 2, "num_statements": 3, "percent_covered": 60.0, "percent_covered_display": "60", "missing_lines": 1, "excluded_lines": 0, "num_branches": 2, "num_partial_branches": 1, "covered_branches": 1, "missing_branches": 1}, "missing_lines": [32], "excluded_lines": [], "executed_branches": [[30, 31]], "missing_branches": [[30, 32]]}, "shitcode": {"executed_lines": [], "summary": {"covered_lines": 0, "num_statements": 1, "percent_covered": 0.0, "percent_covered_display": "0", "missing_lines": 1, "excluded_lines": 0, "num_branches": 2, "num_partial_branches": 0, "covered_branches": 0, "missing_branches": 2}, "missing_lines": [45], "excluded_lines": [], "executed_branches": [], "missing_branches": [[45, -45], [45, -44]]}, "get_repr_function": {"executed_lines": [51, 52, 53, 54, 55, 56], "summary": {"covered_lines": 6, "num_statements": 6, "percent_covered": 92.85714285714286, "percent_covered_display": "93", "missing_lines": 0, "excluded_lines": 0, "num_branches": 8, "num_partial_branches": 1, "covered_branches": 7, "missing_branches": 1}, "missing_lines": [], "excluded_lines": [], "executed_branches": [[51, 52], [51, 56], [52, 53], [52, 54], [53, -53], [53, 54], [54, 55]], "missing_branches": [[54, 51]]}, "normalize_repr": {"executed_lines": [64], "summary": {"covered_lines": 1, "num_statements": 1, "percent_covered": 100.0, "percent_covered_display": "100", "missing_lines": 0, "excluded_lines": 0, "num_branches": 0, "num_partial_branches": 0, "covered_branches": 0, "missing_branches": 0}, "missing_lines": [], "excluded_lines": [], "executed_branches": [], "missing_branches": []}, "get_shortish_repr": {"executed_lines": [68, 69, 70, 71, 72, 73, 74, 76, 78], "summary": {"covered_lines": 9, "num_statements": 11, "percent_covered": 73.33333333333333, "percent_covered_display": "73", "missing_lines": 2, "excluded_lines": 0, "num_branches": 4, "num_partial_branches": 2, "covered_branches": 2, "missing_branches": 2}, "missing_lines": [75, 77], "excluded_lines": [], "executed_branches": [[74, 76], [76, 78]], "missing_branches": [[74, 75], [76, 77]]}, "truncate": {"executed_lines": [82, 83, 85, 86, 87], "summary": {"covered_lines": 5, "num_statements": 5, "percent_covered": 100.0, "percent_covered_display": "100", "missing_lines": 0, "excluded_lines": 0, "num_branches": 2, "num_partial_branches": 0, "covered_branches": 2, "missing_branches": 0}, "missing_lines": [], "excluded_lines": [], "executed_branches": [[82, 83], [82, 85]], "missing_branches": []}, "ensure_tuple": {"executed_lines": [91, 93], "summary": {"covered_lines": 2, "num_statements": 3, "percent_covered": 60.0, "percent_covered_display": "60", "missing_lines": 1, "excluded_lines": 0, "num_branches": 2, "num_partial_branches": 1, "covered_branches": 1, "missing_branches": 1}, "missing_lines": [95], "excluded_lines": [], "executed_branches": [[91, 91], [91, 93]], "missing_branches": [[91, 95]]}, "": {"executed_lines": [4, 5, 7, 8, 10, 23, 24, 25, 28, 29, 36, 44, 50, 59, 62, 67, 81, 90], "summary": {"covered_lines": 18, "num_statements": 18, "percent_covered": 100.0, "percent_covered_display": "100", "missing_lines": 0, "excluded_lines": 0, "num_branches": 0, "num_partial_branches": 0, "covered_branches": 0, "missing_branches": 0}, "missing_lines": [], "excluded_lines": [], "executed_branches": [], "missing_branches": []}}, "classes": {"WritableStream": {"executed_lines": [30, 31], "summary": {"covered_lines": 2, "num_statements": 4, "percent_covered": 50.0, "percent_covered_display": "50", "missing_lines": 2, "excluded_lines": 0, "num_branches": 2, "num_partial_branches": 1, "covered_branches": 1, "missing_branches": 1}, "missing_lines": [26, 32], "excluded_lines": [], "executed_branches": [[30, 31]], "missing_branches": [[30, 32]]}, "": {"executed_lines": [4, 5, 7, 8, 10, 11, 12, 13, 14, 15, 16, 17, 19, 20, 23, 24, 25, 28, 29, 36, 44, 50, 51, 52, 53, 54, 55, 56, 59, 62, 64, 67, 68, 69, 70, 71, 72, 73, 74, 76, 78, 81, 82, 83, 85, 86, 87, 90, 91, 93], "summary": {"covered_lines": 50, "num_statements": 54, "percent_covered": 87.5, "percent_covered_display": "88", "missing_lines": 4, "excluded_lines": 0, "num_branches": 26, "num_partial_branches": 4, "covered_branches": 20, "missing_branches": 6}, "missing_lines": [45, 75, 77, 95], "excluded_lines": [], "executed_branches": [[12, 13], [12, 20], [13, 14], [13, 19], [14, 13], [14, 15], [15, 16], [15, 17], [51, 52], [51, 56], [52, 53], [52, 54], [53, -53], [53, 54], [54, 55], [74, 76], [76, 78], [82, 83], [82, 85], [91, 91], [91, 93]], "missing_branches": [[45, -45], [45, -44], [54, 51], [74, 75], [76, 77], [91, 95]]}}}, "pysnooper/variables.py": {"executed_lines": [1, 2, 3, 4, 7, 9, 10, 13, 14, 15, 17, 20, 21, 22, 23, 24, 25, 28, 30, 37, 38, 41, 42, 45, 48, 53, 54, 55, 56, 57, 58, 59, 60, 63, 67, 69, 70, 71, 72, 73, 74, 76, 79, 80, 82, 86, 87, 93, 96, 100, 101, 104, 107, 111, 112, 114, 117, 124, 125], "summary": {"covered_lines": 59, "num_statements": 92, "percent_covered": 63.46153846153846, "percent_covered_display": "63", "missing_lines": 33, "excluded_lines": 0, "num_branches": 12, "num_partial_branches": 1, "covered_branches": 7, "missing_branches": 5}, "missing_lines": [5, 6, 26, 31, 32, 33, 34, 35, 39, 43, 46, 49, 61, 62, 77, 83, 88, 94, 97, 102, 105, 108, 115, 118, 119, 120, 121, 126, 127, 128, 129, 131, 133], "excluded_lines": [], "executed_branches": [[25, 28], [56, 57], [56, 67], [58, 59], [58, 60], [71, -69], [71, 72], [71, 73]], "missing_branches": [[25, 26], [126, 127], [126, 128], [128, 129], [128, 131]], "functions": {"needs_parentheses": {"executed_lines": [14, 17], "summary": {"covered_lines": 2, "num_statements": 2, "percent_covered": 100.0, "percent_covered_display": "100", "missing_lines": 0, "excluded_lines": 0, "num_branches": 0, "num_partial_branches": 0, "covered_branches": 0, "missing_branches": 0}, "missing_lines": [], "excluded_lines": [], "executed_branches": [], "missing_branches": []}, "needs_parentheses.code": {"executed_lines": [15], "summary": {"covered_lines": 1, "num_statements": 1, "percent_covered": 100.0, "percent_covered_display": "100", "missing_lines": 0, "excluded_lines": 0, "num_branches": 0, "num_partial_branches": 0, "covered_branches": 0, "missing_branches": 0}, "missing_lines": [], "excluded_lines": [], "executed_branches": [], "missing_branches": []}, "BaseVariable.__init__": {"executed_lines": [22, 23, 24, 25, 28], "summary": {"covered_lines": 5, "num_statements": 6, "percent_covered": 75.0, "percent_covered_display": "75", "missing_lines": 1, "excluded_lines": 0, "num_branches": 2, "num_partial_branches": 1, "covered_branches": 1, "missing_branches": 1}, "missing_lines": [26], "excluded_lines": [], "executed_branches": [[25, 28]], "missing_branches": [[25, 26]]}, "BaseVariable.items": {"executed_lines": [], "summary": {"covered_lines": 0, "num_statements": 5, "percent_covered": 0.0, "percent_covered_display": "0", "missing_lines": 5, "excluded_lines": 0, "num_branches": 0, "num_partial_branches": 0, "covered_branches": 0, "missing_branches": 0}, "missing_lines": [31, 32, 33, 34, 35], "excluded_lines": [], "executed_branches": [], "missing_branches": []}, "BaseVariable._items": {"executed_lines": [], "summary": {"covered_lines": 0, "num_statements": 1, "percent_covered": 0.0, "percent_covered_display": "0", "missing_lines": 1, "excluded_lines": 0, "num_branches": 0, "num_partial_branches": 0, "covered_branches": 0, "missing_branches": 0}, "missing_lines": [39], "excluded_lines": [], "executed_branches": [], "missing_branches": []}, "BaseVariable._fingerprint": {"executed_lines": [], "summary": {"covered_lines": 0, "num_statements": 1, "percent_covered": 0.0, "percent_covered_display": "0", "missing_lines": 1, "excluded_lines": 0, "num_branches": 0, "num_partial_branches": 0, "covered_branches": 0, "missing_branches": 0}, "missing_lines": [43], "excluded_lines": [], "executed_branches": [], "missing_branches": []}, "BaseVariable.__hash__": {"executed_lines": [], "summary": {"covered_lines": 0, "num_statements": 1, "percent_covered": 0.0, "percent_covered_display": "0", "missing_lines": 1, "excluded_lines": 0, "num_branches": 0, "num_partial_branches": 0, "covered_branches": 0, "missing_branches": 0}, "missing_lines": [46], "excluded_lines": [], "executed_branches": [], "missing_branches": []}, "BaseVariable.__eq__": {"executed_lines": [], "summary": {"covered_lines": 0, "num_statements": 1, "percent_covered": 0.0, "percent_covered_display": "0", "missing_lines": 1, "excluded_lines": 0, "num_branches": 0, "num_partial_branches": 0, "covered_branches": 0, "missing_branches": 0}, "missing_lines": [49], "excluded_lines": [], "executed_branches": [], "missing_branches": []}, "CommonVariable._items": {"executed_lines": [55, 56, 57, 58, 59, 60, 63, 67], "summary": {"covered_lines": 8, "num_statements": 10, "percent_covered": 85.71428571428571, "percent_covered_display": "86", "missing_lines": 2, "excluded_lines": 0, "num_branches": 4, "num_partial_branches": 0, "covered_branches": 4, "missing_branches": 0}, "missing_lines": [61, 62], "excluded_lines": [], "executed_branches": [[56, 57], [56, 67], [58, 59], [58, 60]], "missing_branches": []}, "CommonVariable._safe_keys": {"executed_lines": [70, 71, 72, 73, 74], "summary": {"covered_lines": 5, "num_statements": 5, "percent_covered": 100.0, "percent_covered_display": "100", "missing_lines": 0, "excluded_lines": 0, "num_branches": 2, "num_partial_branches": 0, "covered_branches": 2, "missing_branches": 0}, "missing_lines": [], "excluded_lines": [], "executed_branches": [[71, -69], [71, 72], [71, 73]], "missing_branches": []}, "CommonVariable._keys": {"executed_lines": [], "summary": {"covered_lines": 0, "num_statements": 1, "percent_covered": 0.0, "percent_covered_display": "0", "missing_lines": 1, "excluded_lines": 0, "num_branches": 0, "num_partial_branches": 0, "covered_branches": 0, "missing_branches": 0}, "missing_lines": [77], "excluded_lines": [], "executed_branches": [], "missing_branches": []}, "CommonVariable._format_key": {"executed_lines": [80], "summary": {"covered_lines": 1, "num_statements": 1, "percent_covered": 100.0, "percent_covered_display": "100", "missing_lines": 0, "excluded_lines": 0, "num_branches": 0, "num_partial_branches": 0, "covered_branches": 0, "missing_branches": 0}, "missing_lines": [], "excluded_lines": [], "executed_branches": [], "missing_branches": []}, "CommonVariable._get_value": {"executed_lines": [], "summary": {"covered_lines": 0, "num_statements": 1, "percent_covered": 0.0, "percent_covered_display": "0", "missing_lines": 1, "excluded_lines": 0, "num_branches": 0, "num_partial_branches": 0, "covered_branches": 0, "missing_branches": 0}, "missing_lines": [83], "excluded_lines": [], "executed_branches": [], "missing_branches": []}, "Attrs._keys": {"executed_lines": [], "summary": {"covered_lines": 0, "num_statements": 1, "percent_covered": 0.0, "percent_covered_display": "0", "missing_lines": 1, "excluded_lines": 0, "num_branches": 0, "num_partial_branches": 0, "covered_branches": 0, "missing_branches": 0}, "missing_lines": [88], "excluded_lines": [], "executed_branches": [], "missing_branches": []}, "Attrs._format_key": {"executed_lines": [], "summary": {"covered_lines": 0, "num_statements": 1, "percent_covered": 0.0, "percent_covered_display": "0", "missing_lines": 1, "excluded_lines": 0, "num_branches": 0, "num_partial_branches": 0, "covered_branches": 0, "missing_branches": 0}, "missing_lines": [94], "excluded_lines": [], "executed_branches": [], "missing_branches": []}, "Attrs._get_value": {"executed_lines": [], "summary": {"covered_lines": 0, "num_statements": 1, "percent_covered": 0.0, "percent_covered_display": "0", "missing_lines": 1, "excluded_lines": 0, "num_branches": 0, "num_partial_branches": 0, "covered_branches": 0, "missing_branches": 0}, "missing_lines": [97], "excluded_lines": [], "executed_branches": [], "missing_branches": []}, "Keys._keys": {"executed_lines": [], "summary": {"covered_lines": 0, "num_statements": 1, "percent_covered": 0.0, "percent_covered_display": "0", "missing_lines": 1, "excluded_lines": 0, "num_branches": 0, "num_partial_branches": 0, "covered_branches": 0, "missing_branches": 0}, "missing_lines": [102], "excluded_lines": [], "executed_branches": [], "missing_branches": []}, "Keys._format_key": {"executed_lines": [], "summary": {"covered_lines": 0, "num_statements": 1, "percent_covered": 0.0, "percent_covered_display": "0", "missing_lines": 1, "excluded_lines": 0, "num_branches": 0, "num_partial_branches": 0, "covered_branches": 0, "missing_branches": 0}, "missing_lines": [105], "excluded_lines": [], "executed_branches": [], "missing_branches": []}, "Keys._get_value": {"executed_lines": [], "summary": {"covered_lines": 0, "num_statements": 1, "percent_covered": 0.0, "percent_covered_display": "0", "missing_lines": 1, "excluded_lines": 0, "num_branches": 0, "num_partial_branches": 0, "covered_branches": 0, "missing_branches": 0}, "missing_lines": [108], "excluded_lines": [], "executed_branches": [], "missing_branches": []}, "Indices._keys": {"executed_lines": [], "summary": {"covered_lines": 0, "num_statements": 1, "percent_covered": 0.0, "percent_covered_display": "0", "missing_lines": 1, "excluded_lines": 0, "num_branches": 0, "num_partial_branches": 0, "covered_branches": 0, "missing_branches": 0}, "missing_lines": [115], "excluded_lines": [], "executed_branches": [], "missing_branches": []}, "Indices.__getitem__": {"executed_lines": [], "summary": {"covered_lines": 0, "num_statements": 4, "percent_covered": 0.0, "percent_covered_display": "0", "missing_lines": 4, "excluded_lines": 0, "num_branches": 0, "num_partial_branches": 0, "covered_branches": 0, "missing_branches": 0}, "missing_lines": [118, 119, 120, 121], "excluded_lines": [], "executed_branches": [], "missing_branches": []}, "Exploding._items": {"executed_lines": [], "summary": {"covered_lines": 0, "num_statements": 6, "percent_covered": 0.0, "percent_covered_display": "0", "missing_lines": 6, "excluded_lines": 0, "num_branches": 4, "num_partial_branches": 0, "covered_branches": 0, "missing_branches": 4}, "missing_lines": [126, 127, 128, 129, 131, 133], "excluded_lines": [], "executed_branches": [], "missing_branches": [[126, 127], [126, 128], [128, 129], [128, 131]]}, "": {"executed_lines": [1, 2, 3, 4, 7, 9, 10, 13, 20, 21, 30, 37, 38, 41, 42, 45, 48, 53, 54, 69, 76, 79, 82, 86, 87, 93, 96, 100, 101, 104, 107, 111, 112, 114, 117, 124, 125], "summary": {"covered_lines": 37, "num_statements": 39, "percent_covered": 94.87179487179488, "percent_covered_display": "95", "missing_lines": 2, "excluded_lines": 0, "num_branches": 0, "num_partial_branches": 0, "covered_branches": 0, "missing_branches": 0}, "missing_lines": [5, 6], "excluded_lines": [], "executed_branches": [], "missing_branches": []}}, "classes": {"BaseVariable": {"executed_lines": [22, 23, 24, 25, 28], "summary": {"covered_lines": 5, "num_statements": 15, "percent_covered": 35.294117647058826, "percent_covered_display": "35", "missing_lines": 10, "excluded_lines": 0, "num_branches": 2, "num_partial_branches": 1, "covered_branches": 1, "missing_branches": 1}, "missing_lines": [26, 31, 32, 33, 34, 35, 39, 43, 46, 49], "excluded_lines": [], "executed_branches": [[25, 28]], "missing_branches": [[25, 26]]}, "CommonVariable": {"executed_lines": [55, 56, 57, 58, 59, 60, 63, 67, 70, 71, 72, 73, 74, 80], "summary": {"covered_lines": 14, "num_statements": 18, "percent_covered": 83.33333333333333, "percent_covered_display": "83", "missing_lines": 4, "excluded_lines": 0, "num_branches": 6, "num_partial_branches": 0, "covered_branches": 6, "missing_branches": 0}, "missing_lines": [61, 62, 77, 83], "excluded_lines": [], "executed_branches": [[56, 57], [56, 67], [58, 59], [58, 60], [71, -69], [71, 72], [71, 73]], "missing_branches": []}, "Attrs": {"executed_lines": [], "summary": {"covered_lines": 0, "num_statements": 3, "percent_covered": 0.0, "percent_covered_display": "0", "missing_lines": 3, "excluded_lines": 0, "num_branches": 0, "num_partial_branches": 0, "covered_branches": 0, "missing_branches": 0}, "missing_lines": [88, 94, 97], "excluded_lines": [], "executed_branches": [], "missing_branches": []}, "Keys": {"executed_lines": [], "summary": {"covered_lines": 0, "num_statements": 3, "percent_covered": 0.0, "percent_covered_display": "0", "missing_lines": 3, "excluded_lines": 0, "num_branches": 0, "num_partial_branches": 0, "covered_branches": 0, "missing_branches": 0}, "missing_lines": [102, 105, 108], "excluded_lines": [], "executed_branches": [], "missing_branches": []}, "Indices": {"executed_lines": [], "summary": {"covered_lines": 0, "num_statements": 5, "percent_covered": 0.0, "percent_covered_display": "0", "missing_lines": 5, "excluded_lines": 0, "num_branches": 0, "num_partial_branches": 0, "covered_branches": 0, "missing_branches": 0}, "missing_lines": [115, 118, 119, 120, 121], "excluded_lines": [], "executed_branches": [], "missing_branches": []}, "Exploding": {"executed_lines": [], "summary": {"covered_lines": 0, "num_statements": 6, "percent_covered": 0.0, "percent_covered_display": "0", "missing_lines": 6, "excluded_lines": 0, "num_branches": 4, "num_partial_branches": 0, "covered_branches": 0, "missing_branches": 4}, "missing_lines": [126, 127, 128, 129, 131, 133], "excluded_lines": [], "executed_branches": [], "missing_branches": [[126, 127], [126, 128], [128, 129], [128, 131]]}, "": {"executed_lines": [1, 2, 3, 4, 7, 9, 10, 13, 14, 15, 17, 20, 21, 30, 37, 38, 41, 42, 45, 48, 53, 54, 69, 76, 79, 82, 86, 87, 93, 96, 100, 101, 104, 107, 111, 112, 114, 117, 124, 125], "summary": {"covered_lines": 40, "num_statements": 42, "percent_covered": 95.23809523809524, "percent_covered_display": "95", "missing_lines": 2, "excluded_lines": 0, "num_branches": 0, "num_partial_branches": 0, "covered_branches": 0, "missing_branches": 0}, "missing_lines": [5, 6], "excluded_lines": [], "executed_branches": [], "missing_branches": []}}}}, "totals": {"covered_lines": 297, "num_statements": 491, "percent_covered": 56.25942684766214, "percent_covered_display": "56", "missing_lines": 194, "excluded_lines": 0, "num_branches": 172, "num_partial_branches": 25, "covered_branches": 76, "missing_branches": 96}}