{"meta": {"format": 3, "version": "7.6.1", "timestamp": "2026-08-02T20:24:21.899243", "branch_coverage": true, "show_contexts": false}, "files": {"pypara/__init__.py": {"executed_lines": [1, 14], "summary": {"covered_lines": 1, "num_statements": 1, "percent_covered": 100.0, "percent_covered_display": "100", "missing_lines": 0, "excluded_lines": 0, "num_branches": 0, "num_partial_branches": 0, "covered_branches": 0, "missing_branches": 0}, "missing_lines": [], "excluded_lines": [], "executed_branches": [], "missing_branches": [], "functions": {"": {"executed_lines": [1, 14], "summary": {"covered_lines": 1, "num_statements": 1, "percent_covered": 100.0, "percent_covered_display": "100", "missing_lines": 0, "excluded_lines": 0, "num_branches": 0, "num_partial_branches": 0, "covered_branches": 0, "missing_branches": 0}, "missing_lines": [], "excluded_lines": [], "executed_branches": [], "missing_branches": []}}, "classes": {"": {"executed_lines": [1, 14], "summary": {"covered_lines": 1, "num_statements": 1, "percent_covered": 100.0, "percent_covered_display": "100", "missing_lines": 0, "excluded_lines": 0, "num_branches": 0, "num_partial_branches": 0, "covered_branches": 0, "missing_branches": 0}, "missing_lines": [], "excluded_lines": [], "executed_branches": [], "missing_branches": []}}}, "pypara/accounting/__init__.py": {"executed_lines": [1], "summary": {"covered_lines": 0, "num_statements": 0, "percent_covered": 100.0, "percent_covered_display": "100", "missing_lines": 0, "excluded_lines": 0, "num_branches": 0, "num_partial_branches": 0, "covered_branches": 0, "missing_branches": 0}, "missing_lines": [], "excluded_lines": [], "executed_branches": [], "missing_branches": [], "functions": {"": {"executed_lines": [1], "summary": {"covered_lines": 0, "num_statements": 0, "percent_covered": 100.0, "percent_covered_display": "100", "missing_lines": 0, "excluded_lines": 0, "num_branches": 0, "num_partial_branches": 0, "covered_branches": 0, "missing_branches": 0}, "missing_lines": [], "excluded_lines": [], "executed_branches": [], "missing_branches": []}}, "classes": {"": {"executed_lines": [1], "summary": {"covered_lines": 0, "num_statements": 0, "percent_covered": 100.0, "percent_covered_display": "100", "missing_lines": 0, "excluded_lines": 0, "num_branches": 0, "num_partial_branches": 0, "covered_branches": 0, "missing_branches": 0}, "missing_lines": [], "excluded_lines": [], "executed_branches": [], "missing_branches": []}}}, "pypara/accounting/accounts.py": {"executed_lines": [1, 70, 78, 79, 80, 81, 82, 85, 88, 89, 94, 97, 100, 103, 106, 108, 125, 126, 127, 131, 132, 133, 139, 140, 141, 147, 148, 149, 155, 156, 157, 163, 164, 165, 172, 173, 174, 179, 182, 185, 188, 190, 191, 199, 200, 201, 206, 209, 212, 214, 215, 221, 222, 229, 230, 231, 235, 236, 237, 242, 245, 248, 251, 254, 256, 271, 277, 278, 284, 285, 291, 292, 298, 307, 316, 325, 370, 379, 380, 394, 395, 399], "summary": {"covered_lines": 74, "num_statements": 117, "percent_covered": 56.375838926174495, "percent_covered_display": "56", "missing_lines": 43, "excluded_lines": 0, "num_branches": 32, "num_partial_branches": 0, "covered_branches": 10, "missing_branches": 22}, "missing_lines": [113, 122, 137, 145, 153, 161, 169, 196, 219, 226, 261, 264, 266, 269, 275, 282, 289, 296, 305, 314, 323, 335, 336, 339, 342, 343, 346, 348, 351, 352, 354, 357, 360, 363, 364, 365, 368, 376, 377, 389, 390, 391, 400], "excluded_lines": [], "executed_branches": [[125, 126], [125, 127], [172, 173], [172, 174], [199, 200], [199, 201], [229, 230], [229, 231], [235, 236], [235, 237]], "missing_branches": [[264, -256], [264, 266], [275, -275], [275, -271], [289, -289], [289, -284], [323, -323], [323, -316], [335, 336], [335, 339], [342, 343], [342, 346], [346, 348], [346, 357], [351, 352], [351, 354], [363, 364], [363, 365], [376, -370], [376, 377], [390, -379], [390, 391]], "functions": {"AccountType.__lt__": {"executed_lines": [], "summary": {"covered_lines": 0, "num_statements": 2, "percent_covered": 0.0, "percent_covered_display": "0", "missing_lines": 2, "excluded_lines": 0, "num_branches": 0, "num_partial_branches": 0, "covered_branches": 0, "missing_branches": 0}, "missing_lines": [113, 122], "excluded_lines": [], "executed_branches": [], "missing_branches": []}, "Account.code": {"executed_lines": [], "summary": {"covered_lines": 0, "num_statements": 1, "percent_covered": 0.0, "percent_covered_display": "0", "missing_lines": 1, "excluded_lines": 0, "num_branches": 0, "num_partial_branches": 0, "covered_branches": 0, "missing_branches": 0}, "missing_lines": [137], "excluded_lines": [], "executed_branches": [], "missing_branches": []}, "Account.name": {"executed_lines": [], "summary": {"covered_lines": 0, "num_statements": 1, "percent_covered": 0.0, "percent_covered_display": "0", "missing_lines": 1, "excluded_lines": 0, "num_branches": 0, "num_partial_branches": 0, "covered_branches": 0, "missing_branches": 0}, "missing_lines": [145], "excluded_lines": [], "executed_branches": [], "missing_branches": []}, "Account.type": {"executed_lines": [], "summary": {"covered_lines": 0, "num_statements": 1, "percent_covered": 0.0, "percent_covered_display": "0", "missing_lines": 1, "excluded_lines": 0, "num_branches": 0, "num_partial_branches": 0, "covered_branches": 0, "missing_branches": 0}, "missing_lines": [153], "excluded_lines": [], "executed_branches": [], "missing_branches": []}, "Account.coa": {"executed_lines": [], "summary": {"covered_lines": 0, "num_statements": 1, "percent_covered": 0.0, "percent_covered_display": "0", "missing_lines": 1, "excluded_lines": 0, "num_branches": 0, "num_partial_branches": 0, "covered_branches": 0, "missing_branches": 0}, "missing_lines": [161], "excluded_lines": [], "executed_branches": [], "missing_branches": []}, "Account.parent": {"executed_lines": [], "summary": {"covered_lines": 0, "num_statements": 1, "percent_covered": 0.0, "percent_covered_display": "0", "missing_lines": 1, "excluded_lines": 0, "num_branches": 0, "num_partial_branches": 0, "covered_branches": 0, "missing_branches": 0}, "missing_lines": [169], "excluded_lines": [], "executed_branches": [], "missing_branches": []}, "RootAccount.parent": {"executed_lines": [], "summary": {"covered_lines": 0, "num_statements": 1, "percent_covered": 0.0, "percent_covered_display": "0", "missing_lines": 1, "excluded_lines": 0, "num_branches": 0, "num_partial_branches": 0, "covered_branches": 0, "missing_branches": 0}, "missing_lines": [196], "excluded_lines": [], "executed_branches": [], "missing_branches": []}, "SubAccount.type": {"executed_lines": [], "summary": {"covered_lines": 0, "num_statements": 1, "percent_covered": 0.0, "percent_covered_display": "0", "missing_lines": 1, "excluded_lines": 0, "num_branches": 0, "num_partial_branches": 0, "covered_branches": 0, "missing_branches": 0}, "missing_lines": [219], "excluded_lines": [], "executed_branches": [], "missing_branches": []}, "SubAccount.coa": {"executed_lines": [], "summary": {"covered_lines": 0, "num_statements": 1, "percent_covered": 0.0, "percent_covered_display": "0", "missing_lines": 1, "excluded_lines": 0, "num_branches": 0, "num_partial_branches": 0, "covered_branches": 0, "missing_branches": 0}, "missing_lines": [226], "excluded_lines": [], "executed_branches": [], "missing_branches": []}, "COA.__post_init__": {"executed_lines": [], "summary": {"covered_lines": 0, "num_statements": 4, "percent_covered": 0.0, "percent_covered_display": "0", "missing_lines": 4, "excluded_lines": 0, "num_branches": 2, "num_partial_branches": 0, "covered_branches": 0, "missing_branches": 2}, "missing_lines": [261, 264, 266, 269], "excluded_lines": [], "executed_branches": [], "missing_branches": [[264, -256], [264, 266]]}, "COA.__iter__": {"executed_lines": [], "summary": {"covered_lines": 0, "num_statements": 1, "percent_covered": 0.0, "percent_covered_display": "0", "missing_lines": 1, "excluded_lines": 0, "num_branches": 2, "num_partial_branches": 0, "covered_branches": 0, "missing_branches": 2}, "missing_lines": [275], "excluded_lines": [], "executed_branches": [], "missing_branches": [[275, -275], [275, -271]]}, "COA.accounts": {"executed_lines": [], "summary": {"covered_lines": 0, "num_statements": 1, "percent_covered": 0.0, "percent_covered_display": "0", "missing_lines": 1, "excluded_lines": 0, "num_branches": 0, "num_partial_branches": 0, "covered_branches": 0, "missing_branches": 0}, "missing_lines": [282], "excluded_lines": [], "executed_branches": [], "missing_branches": []}, "COA.toplevel": {"executed_lines": [], "summary": {"covered_lines": 0, "num_statements": 1, "percent_covered": 0.0, "percent_covered_display": "0", "missing_lines": 1, "excluded_lines": 0, "num_branches": 2, "num_partial_branches": 0, "covered_branches": 0, "missing_branches": 2}, "missing_lines": [289], "excluded_lines": [], "executed_branches": [], "missing_branches": [[289, -289], [289, -284]]}, "COA.structure": {"executed_lines": [], "summary": {"covered_lines": 0, "num_statements": 1, "percent_covered": 0.0, "percent_covered_display": "0", "missing_lines": 1, "excluded_lines": 0, "num_branches": 0, "num_partial_branches": 0, "covered_branches": 0, "missing_branches": 0}, "missing_lines": [296], "excluded_lines": [], "executed_branches": [], "missing_branches": []}, "COA.find": {"executed_lines": [], "summary": {"covered_lines": 0, "num_statements": 1, "percent_covered": 0.0, "percent_covered_display": "0", "missing_lines": 1, "excluded_lines": 0, "num_branches": 0, "num_partial_branches": 0, "covered_branches": 0, "missing_branches": 0}, "missing_lines": [305], "excluded_lines": [], "executed_branches": [], "missing_branches": []}, "COA.subaccounts": {"executed_lines": [], "summary": {"covered_lines": 0, "num_statements": 1, "percent_covered": 0.0, "percent_covered_display": "0", "missing_lines": 1, "excluded_lines": 0, "num_branches": 0, "num_partial_branches": 0, "covered_branches": 0, "missing_branches": 0}, "missing_lines": [314], "excluded_lines": [], "executed_branches": [], "missing_branches": []}, "COA.nodify": {"executed_lines": [], "summary": {"covered_lines": 0, "num_statements": 1, "percent_covered": 0.0, "percent_covered_display": "0", "missing_lines": 1, "excluded_lines": 0, "num_branches": 2, "num_partial_branches": 0, "covered_branches": 0, "missing_branches": 2}, "missing_lines": [323], "excluded_lines": [], "executed_branches": [], "missing_branches": [[323, -323], [323, -316]]}, "COA.add": {"executed_lines": [], "summary": {"covered_lines": 0, "num_statements": 16, "percent_covered": 0.0, "percent_covered_display": "0", "missing_lines": 16, "excluded_lines": 0, "num_branches": 10, "num_partial_branches": 0, "covered_branches": 0, "missing_branches": 10}, "missing_lines": [335, 336, 339, 342, 343, 346, 348, 351, 352, 354, 357, 360, 363, 364, 365, 368], "excluded_lines": [], "executed_branches": [], "missing_branches": [[335, 336], [335, 339], [342, 343], [342, 346], [346, 348], [346, 357], [351, 352], [351, 354], [363, 364], [363, 365]]}, "COA.print": {"executed_lines": [], "summary": {"covered_lines": 0, "num_statements": 2, "percent_covered": 0.0, "percent_covered_display": "0", "missing_lines": 2, "excluded_lines": 0, "num_branches": 2, "num_partial_branches": 0, "covered_branches": 0, "missing_branches": 2}, "missing_lines": [376, 377], "excluded_lines": [], "executed_branches": [], "missing_branches": [[376, -370], [376, 377]]}, "COA._print_node": {"executed_lines": [], "summary": {"covered_lines": 0, "num_statements": 3, "percent_covered": 0.0, "percent_covered_display": "0", "missing_lines": 3, "excluded_lines": 0, "num_branches": 2, "num_partial_branches": 0, "covered_branches": 0, "missing_branches": 2}, "missing_lines": [389, 390, 391], "excluded_lines": [], "executed_branches": [], "missing_branches": [[390, -379], [390, 391]]}, "ReadChartOfAccounts.__call__": {"executed_lines": [], "summary": {"covered_lines": 0, "num_statements": 1, "percent_covered": 0.0, "percent_covered_display": "0", "missing_lines": 1, "excluded_lines": 0, "num_branches": 0, "num_partial_branches": 0, "covered_branches": 0, "missing_branches": 0}, "missing_lines": [400], "excluded_lines": [], "executed_branches": [], "missing_branches": []}, "": {"executed_lines": [1, 70, 78, 79, 80, 81, 82, 85, 88, 89, 94, 97, 100, 103, 106, 108, 125, 126, 127, 131, 132, 133, 139, 140, 141, 147, 148, 149, 155, 156, 157, 163, 164, 165, 172, 173, 174, 179, 182, 185, 188, 190, 191, 199, 200, 201, 206, 209, 212, 214, 215, 221, 222, 229, 230, 231, 235, 236, 237, 242, 245, 248, 251, 254, 256, 271, 277, 278, 284, 285, 291, 292, 298, 307, 316, 325, 370, 379, 380, 394, 395, 399], "summary": {"covered_lines": 74, "num_statements": 74, "percent_covered": 100.0, "percent_covered_display": "100", "missing_lines": 0, "excluded_lines": 0, "num_branches": 10, "num_partial_branches": 0, "covered_branches": 10, "missing_branches": 0}, "missing_lines": [], "excluded_lines": [], "executed_branches": [[125, 126], [125, 127], [172, 173], [172, 174], [199, 200], [199, 201], [229, 230], [229, 231], [235, 236], [235, 237]], "missing_branches": []}}, "classes": {"AccountType": {"executed_lines": [], "summary": {"covered_lines": 0, "num_statements": 2, "percent_covered": 0.0, "percent_covered_display": "0", "missing_lines": 2, "excluded_lines": 0, "num_branches": 0, "num_partial_branches": 0, "covered_branches": 0, "missing_branches": 0}, "missing_lines": [113, 122], "excluded_lines": [], "executed_branches": [], "missing_branches": []}, "Account": {"executed_lines": [], "summary": {"covered_lines": 0, "num_statements": 5, "percent_covered": 0.0, "percent_covered_display": "0", "missing_lines": 5, "excluded_lines": 0, "num_branches": 0, "num_partial_branches": 0, "covered_branches": 0, "missing_branches": 0}, "missing_lines": [137, 145, 153, 161, 169], "excluded_lines": [], "executed_branches": [], "missing_branches": []}, "RootAccount": {"executed_lines": [], "summary": {"covered_lines": 0, "num_statements": 1, "percent_covered": 0.0, "percent_covered_display": "0", "missing_lines": 1, "excluded_lines": 0, "num_branches": 0, "num_partial_branches": 0, "covered_branches": 0, "missing_branches": 0}, "missing_lines": [196], "excluded_lines": [], "executed_branches": [], "missing_branches": []}, "SubAccount": {"executed_lines": [], "summary": {"covered_lines": 0, "num_statements": 2, "percent_covered": 0.0, "percent_covered_display": "0", "missing_lines": 2, "excluded_lines": 0, "num_branches": 0, "num_partial_branches": 0, "covered_branches": 0, "missing_branches": 0}, "missing_lines": [219, 226], "excluded_lines": [], "executed_branches": [], "missing_branches": []}, "COA": {"executed_lines": [], "summary": {"covered_lines": 0, "num_statements": 32, "percent_covered": 0.0, "percent_covered_display": "0", "missing_lines": 32, "excluded_lines": 0, "num_branches": 22, "num_partial_branches": 0, "covered_branches": 0, "missing_branches": 22}, "missing_lines": [261, 264, 266, 269, 275, 282, 289, 296, 305, 314, 323, 335, 336, 339, 342, 343, 346, 348, 351, 352, 354, 357, 360, 363, 364, 365, 368, 376, 377, 389, 390, 391], "excluded_lines": [], "executed_branches": [], "missing_branches": [[264, -256], [264, 266], [275, -275], [275, -271], [289, -289], [289, -284], [323, -323], [323, -316], [335, 336], [335, 339], [342, 343], [342, 346], [346, 348], [346, 357], [351, 352], [351, 354], [363, 364], [363, 365], [376, -370], [376, 377], [390, -379], [390, 391]]}, "COA.Node": {"executed_lines": [], "summary": {"covered_lines": 0, "num_statements": 0, "percent_covered": 100.0, "percent_covered_display": "100", "missing_lines": 0, "excluded_lines": 0, "num_branches": 0, "num_partial_branches": 0, "covered_branches": 0, "missing_branches": 0}, "missing_lines": [], "excluded_lines": [], "executed_branches": [], "missing_branches": []}, "ReadChartOfAccounts": {"executed_lines": [], "summary": {"covered_lines": 0, "num_statements": 1, "percent_covered": 0.0, "percent_covered_display": "0", "missing_lines": 1, "excluded_lines": 0, "num_branches": 0, "num_partial_branches": 0, "covered_branches": 0, "missing_branches": 0}, "missing_lines": [400], "excluded_lines": [], "executed_branches": [], "missing_branches": []}, "": {"executed_lines": [1, 70, 78, 79, 80, 81, 82, 85, 88, 89, 94, 97, 100, 103, 106, 108, 125, 126, 127, 131, 132, 133, 139, 140, 141, 147, 148, 149, 155, 156, 157, 163, 164, 165, 172, 173, 174, 179, 182, 185, 188, 190, 191, 199, 200, 201, 206, 209, 212, 214, 215, 221, 222, 229, 230, 231, 235, 236, 237, 242, 245, 248, 251, 254, 256, 271, 277, 278, 284, 285, 291, 292, 298, 307, 316, 325, 370, 379, 380, 394, 395, 399], "summary": {"covered_lines": 74, "num_statements": 74, "percent_covered": 100.0, "percent_covered_display": "100", "missing_lines": 0, "excluded_lines": 0, "num_branches": 10, "num_partial_branches": 0, "covered_branches": 10, "missing_branches": 0}, "missing_lines": [], "excluded_lines": [], "executed_branches": [[125, 126], [125, 127], [172, 173], [172, 174], [199, 200], [199, 201], [229, 230], [229, 231], [235, 236], [235, 237]], "missing_branches": []}}}, "pypara/accounting/generic.py": {"executed_lines": [1, 5, 7, 8, 10, 13, 14, 15, 20, 23], "summary": {"covered_lines": 8, "num_statements": 8, "percent_covered": 100.0, "percent_covered_display": "100", "missing_lines": 0, "excluded_lines": 0, "num_branches": 2, "num_partial_branches": 0, "covered_branches": 2, "missing_branches": 0}, "missing_lines": [], "excluded_lines": [], "executed_branches": [[13, 14], [13, 15]], "missing_branches": [], "functions": {"": {"executed_lines": [1, 5, 7, 8, 10, 13, 14, 15, 20, 23], "summary": {"covered_lines": 8, "num_statements": 8, "percent_covered": 100.0, "percent_covered_display": "100", "missing_lines": 0, "excluded_lines": 0, "num_branches": 2, "num_partial_branches": 0, "covered_branches": 2, "missing_branches": 0}, "missing_lines": [], "excluded_lines": [], "executed_branches": [[13, 14], [13, 15]], "missing_branches": []}}, "classes": {"Balance": {"executed_lines": [], "summary": {"covered_lines": 0, "num_statements": 0, "percent_covered": 100.0, "percent_covered_display": "100", "missing_lines": 0, "excluded_lines": 0, "num_branches": 0, "num_partial_branches": 0, "covered_branches": 0, "missing_branches": 0}, "missing_lines": [], "excluded_lines": [], "executed_branches": [], "missing_branches": []}, "": {"executed_lines": [1, 5, 7, 8, 10, 13, 14, 15, 20, 23], "summary": {"covered_lines": 8, "num_statements": 8, "percent_covered": 100.0, "percent_covered_display": "100", "missing_lines": 0, "excluded_lines": 0, "num_branches": 2, "num_partial_branches": 0, "covered_branches": 2, "missing_branches": 0}, "missing_lines": [], "excluded_lines": [], "executed_branches": [[13, 14], [13, 15]], "missing_branches": []}}}, "pypara/accounting/journaling.py": {"executed_lines": [1, 5, 12, 13, 14, 15, 17, 18, 19, 20, 23, 26, 27, 32, 35, 38, 40, 41, 54, 60, 61, 62, 67, 70, 73, 76, 79, 81, 82, 88, 89, 96, 97, 98, 103, 106, 109, 112, 115, 117, 118, 124, 125, 131, 132, 138, 139, 145, 160, 174, 175, 179], "summary": {"covered_lines": 47, "num_statements": 62, "percent_covered": 63.75, "percent_covered_display": "64", "missing_lines": 15, "excluded_lines": 0, "num_branches": 18, "num_partial_branches": 0, "covered_branches": 4, "missing_branches": 14}, "missing_lines": [49, 50, 86, 93, 122, 129, 136, 143, 156, 157, 158, 167, 168, 171, 180], "excluded_lines": [], "executed_branches": [[60, 61], [60, 62], [96, 97], [96, 98]], "missing_branches": [[122, -122], [122, -117], [129, -129], [129, -124], [136, -136], [136, -131], [143, -143], [143, -138], [156, 157], [156, 158], [167, -167], [167, 168], [168, -168], [168, 171]], "functions": {"Direction.of": {"executed_lines": [], "summary": {"covered_lines": 0, "num_statements": 2, "percent_covered": 0.0, "percent_covered_display": "0", "missing_lines": 2, "excluded_lines": 0, "num_branches": 0, "num_partial_branches": 0, "covered_branches": 0, "missing_branches": 0}, "missing_lines": [49, 50], "excluded_lines": [], "executed_branches": [], "missing_branches": []}, "Posting.is_debit": {"executed_lines": [], "summary": {"covered_lines": 0, "num_statements": 1, "percent_covered": 0.0, "percent_covered_display": "0", "missing_lines": 1, "excluded_lines": 0, "num_branches": 0, "num_partial_branches": 0, "covered_branches": 0, "missing_branches": 0}, "missing_lines": [86], "excluded_lines": [], "executed_branches": [], "missing_branches": []}, "Posting.is_credit": {"executed_lines": [], "summary": {"covered_lines": 0, "num_statements": 1, "percent_covered": 0.0, "percent_covered_display": "0", "missing_lines": 1, "excluded_lines": 0, "num_branches": 0, "num_partial_branches": 0, "covered_branches": 0, "missing_branches": 0}, "missing_lines": [93], "excluded_lines": [], "executed_branches": [], "missing_branches": []}, "JournalEntry.increments": {"executed_lines": [], "summary": {"covered_lines": 0, "num_statements": 1, "percent_covered": 0.0, "percent_covered_display": "0", "missing_lines": 1, "excluded_lines": 0, "num_branches": 2, "num_partial_branches": 0, "covered_branches": 0, "missing_branches": 2}, "missing_lines": [122], "excluded_lines": [], "executed_branches": [], "missing_branches": [[122, -122], [122, -117]]}, "JournalEntry.decrements": {"executed_lines": [], "summary": {"covered_lines": 0, "num_statements": 1, "percent_covered": 0.0, "percent_covered_display": "0", "missing_lines": 1, "excluded_lines": 0, "num_branches": 2, "num_partial_branches": 0, "covered_branches": 0, "missing_branches": 2}, "missing_lines": [129], "excluded_lines": [], "executed_branches": [], "missing_branches": [[129, -129], [129, -124]]}, "JournalEntry.debits": {"executed_lines": [], "summary": {"covered_lines": 0, "num_statements": 1, "percent_covered": 0.0, "percent_covered_display": "0", "missing_lines": 1, "excluded_lines": 0, "num_branches": 2, "num_partial_branches": 0, "covered_branches": 0, "missing_branches": 2}, "missing_lines": [136], "excluded_lines": [], "executed_branches": [], "missing_branches": [[136, -136], [136, -131]]}, "JournalEntry.credits": {"executed_lines": [], "summary": {"covered_lines": 0, "num_statements": 1, "percent_covered": 0.0, "percent_covered_display": "0", "missing_lines": 1, "excluded_lines": 0, "num_branches": 2, "num_partial_branches": 0, "covered_branches": 0, "missing_branches": 2}, "missing_lines": [143], "excluded_lines": [], "executed_branches": [], "missing_branches": [[143, -143], [143, -138]]}, "JournalEntry.post": {"executed_lines": [], "summary": {"covered_lines": 0, "num_statements": 3, "percent_covered": 0.0, "percent_covered_display": "0", "missing_lines": 3, "excluded_lines": 0, "num_branches": 2, "num_partial_branches": 0, "covered_branches": 0, "missing_branches": 2}, "missing_lines": [156, 157, 158], "excluded_lines": [], "executed_branches": [], "missing_branches": [[156, 157], [156, 158]]}, "JournalEntry.validate": {"executed_lines": [], "summary": {"covered_lines": 0, "num_statements": 3, "percent_covered": 0.0, "percent_covered_display": "0", "missing_lines": 3, "excluded_lines": 0, "num_branches": 4, "num_partial_branches": 0, "covered_branches": 0, "missing_branches": 4}, "missing_lines": [167, 168, 171], "excluded_lines": [], "executed_branches": [], "missing_branches": [[167, -167], [167, 168], [168, -168], [168, 171]]}, "ReadJournalEntries.__call__": {"executed_lines": [], "summary": {"covered_lines": 0, "num_statements": 1, "percent_covered": 0.0, "percent_covered_display": "0", "missing_lines": 1, "excluded_lines": 0, "num_branches": 0, "num_partial_branches": 0, "covered_branches": 0, "missing_branches": 0}, "missing_lines": [180], "excluded_lines": [], "executed_branches": [], "missing_branches": []}, "": {"executed_lines": [1, 5, 12, 13, 14, 15, 17, 18, 19, 20, 23, 26, 27, 32, 35, 38, 40, 41, 54, 60, 61, 62, 67, 70, 73, 76, 79, 81, 82, 88, 89, 96, 97, 98, 103, 106, 109, 112, 115, 117, 118, 124, 125, 131, 132, 138, 139, 145, 160, 174, 175, 179], "summary": {"covered_lines": 47, "num_statements": 47, "percent_covered": 100.0, "percent_covered_display": "100", "missing_lines": 0, "excluded_lines": 0, "num_branches": 4, "num_partial_branches": 0, "covered_branches": 4, "missing_branches": 0}, "missing_lines": [], "excluded_lines": [], "executed_branches": [[60, 61], [60, 62], [96, 97], [96, 98]], "missing_branches": []}}, "classes": {"Direction": {"executed_lines": [], "summary": {"covered_lines": 0, "num_statements": 2, "percent_covered": 0.0, "percent_covered_display": "0", "missing_lines": 2, "excluded_lines": 0, "num_branches": 0, "num_partial_branches": 0, "covered_branches": 0, "missing_branches": 0}, "missing_lines": [49, 50], "excluded_lines": [], "executed_branches": [], "missing_branches": []}, "Posting": {"executed_lines": [], "summary": {"covered_lines": 0, "num_statements": 2, "percent_covered": 0.0, "percent_covered_display": "0", "missing_lines": 2, "excluded_lines": 0, "num_branches": 0, "num_partial_branches": 0, "covered_branches": 0, "missing_branches": 0}, "missing_lines": [86, 93], "excluded_lines": [], "executed_branches": [], "missing_branches": []}, "JournalEntry": {"executed_lines": [], "summary": {"covered_lines": 0, "num_statements": 10, "percent_covered": 0.0, "percent_covered_display": "0", "missing_lines": 10, "excluded_lines": 0, "num_branches": 14, "num_partial_branches": 0, "covered_branches": 0, "missing_branches": 14}, "missing_lines": [122, 129, 136, 143, 156, 157, 158, 167, 168, 171], "excluded_lines": [], "executed_branches": [], "missing_branches": [[122, -122], [122, -117], [129, -129], [129, -124], [136, -136], [136, -131], [143, -143], [143, -138], [156, 157], [156, 158], [167, -167], [167, 168], [168, -168], [168, 171]]}, "ReadJournalEntries": {"executed_lines": [], "summary": {"covered_lines": 0, "num_statements": 1, "percent_covered": 0.0, "percent_covered_display": "0", "missing_lines": 1, "excluded_lines": 0, "num_branches": 0, "num_partial_branches": 0, "covered_branches": 0, "missing_branches": 0}, "missing_lines": [180], "excluded_lines": [], "executed_branches": [], "missing_branches": []}, "": {"executed_lines": [1, 5, 12, 13, 14, 15, 17, 18, 19, 20, 23, 26, 27, 32, 35, 38, 40, 41, 54, 60, 61, 62, 67, 70, 73, 76, 79, 81, 82, 88, 89, 96, 97, 98, 103, 106, 109, 112, 115, 117, 118, 124, 125, 131, 132, 138, 139, 145, 160, 174, 175, 179], "summary": {"covered_lines": 47, "num_statements": 47, "percent_covered": 100.0, "percent_covered_display": "100", "missing_lines": 0, "excluded_lines": 0, "num_branches": 4, "num_partial_branches": 0, "covered_branches": 4, "missing_branches": 0}, "missing_lines": [], "excluded_lines": [], "executed_branches": [[60, 61], [60, 62], [96, 97], [96, 98]], "missing_branches": []}}}, "pypara/accounting/ledger.py": {"executed_lines": [1, 5, 16, 17, 18, 19, 21, 22, 23, 24, 25, 28, 32, 35, 36, 37, 42, 45, 48, 50, 51, 57, 58, 64, 65, 71, 72, 78, 79, 85, 86, 92, 93, 99, 100, 107, 108, 109, 114, 117, 120, 122, 123, 132, 149, 150, 151, 156, 159, 162, 189, 190, 194, 198, 199, 203, 207], "summary": {"covered_lines": 51, "num_statements": 79, "percent_covered": 60.638297872340424, "percent_covered_display": "61", "missing_lines": 28, "excluded_lines": 0, "num_branches": 15, "num_partial_branches": 0, "covered_branches": 6, "missing_branches": 9}, "missing_lines": [55, 62, 69, 76, 83, 90, 97, 104, 127, 128, 129, 130, 140, 143, 146, 174, 177, 179, 180, 183, 186, 195, 204, 220, 228, 231, 234, 237], "excluded_lines": [], "executed_branches": [[35, 36], [35, 37], [107, 108], [107, 109], [149, 150], [149, 151]], "missing_branches": [[76, -76], [76, -71], [174, -174], [174, 177], [177, -177], [177, 179], [177, 186], [179, 180], [179, 183]], "functions": {"LedgerEntry.date": {"executed_lines": [], "summary": {"covered_lines": 0, "num_statements": 1, "percent_covered": 0.0, "percent_covered_display": "0", "missing_lines": 1, "excluded_lines": 0, "num_branches": 0, "num_partial_branches": 0, "covered_branches": 0, "missing_branches": 0}, "missing_lines": [55], "excluded_lines": [], "executed_branches": [], "missing_branches": []}, "LedgerEntry.description": {"executed_lines": [], "summary": {"covered_lines": 0, "num_statements": 1, "percent_covered": 0.0, "percent_covered_display": "0", "missing_lines": 1, "excluded_lines": 0, "num_branches": 0, "num_partial_branches": 0, "covered_branches": 0, "missing_branches": 0}, "missing_lines": [62], "excluded_lines": [], "executed_branches": [], "missing_branches": []}, "LedgerEntry.amount": {"executed_lines": [], "summary": {"covered_lines": 0, "num_statements": 1, "percent_covered": 0.0, "percent_covered_display": "0", "missing_lines": 1, "excluded_lines": 0, "num_branches": 0, "num_partial_branches": 0, "covered_branches": 0, "missing_branches": 0}, "missing_lines": [69], "excluded_lines": [], "executed_branches": [], "missing_branches": []}, "LedgerEntry.cntraccts": {"executed_lines": [], "summary": {"covered_lines": 0, "num_statements": 1, "percent_covered": 0.0, "percent_covered_display": "0", "missing_lines": 1, "excluded_lines": 0, "num_branches": 2, "num_partial_branches": 0, "covered_branches": 0, "missing_branches": 2}, "missing_lines": [76], "excluded_lines": [], "executed_branches": [], "missing_branches": [[76, -76], [76, -71]]}, "LedgerEntry.is_debit": {"executed_lines": [], "summary": {"covered_lines": 0, "num_statements": 1, "percent_covered": 0.0, "percent_covered_display": "0", "missing_lines": 1, "excluded_lines": 0, "num_branches": 0, "num_partial_branches": 0, "covered_branches": 0, "missing_branches": 0}, "missing_lines": [83], "excluded_lines": [], "executed_branches": [], "missing_branches": []}, "LedgerEntry.is_credit": {"executed_lines": [], "summary": {"covered_lines": 0, "num_statements": 1, "percent_covered": 0.0, "percent_covered_display": "0", "missing_lines": 1, "excluded_lines": 0, "num_branches": 0, "num_partial_branches": 0, "covered_branches": 0, "missing_branches": 0}, "missing_lines": [90], "excluded_lines": [], "executed_branches": [], "missing_branches": []}, "LedgerEntry.debit": {"executed_lines": [], "summary": {"covered_lines": 0, "num_statements": 1, "percent_covered": 0.0, "percent_covered_display": "0", "missing_lines": 1, "excluded_lines": 0, "num_branches": 0, "num_partial_branches": 0, "covered_branches": 0, "missing_branches": 0}, "missing_lines": [97], "excluded_lines": [], "executed_branches": [], "missing_branches": []}, "LedgerEntry.credit": {"executed_lines": [], "summary": {"covered_lines": 0, "num_statements": 1, "percent_covered": 0.0, "percent_covered_display": "0", "missing_lines": 1, "excluded_lines": 0, "num_branches": 0, "num_partial_branches": 0, "covered_branches": 0, "missing_branches": 0}, "missing_lines": [104], "excluded_lines": [], "executed_branches": [], "missing_branches": []}, "Ledger._last_balance": {"executed_lines": [], "summary": {"covered_lines": 0, "num_statements": 4, "percent_covered": 0.0, "percent_covered_display": "0", "missing_lines": 4, "excluded_lines": 0, "num_branches": 0, "num_partial_branches": 0, "covered_branches": 0, "missing_branches": 0}, "missing_lines": [127, 128, 129, 130], "excluded_lines": [], "executed_branches": [], "missing_branches": []}, "Ledger.add": {"executed_lines": [], "summary": {"covered_lines": 0, "num_statements": 3, "percent_covered": 0.0, "percent_covered_display": "0", "missing_lines": 3, "excluded_lines": 0, "num_branches": 0, "num_partial_branches": 0, "covered_branches": 0, "missing_branches": 0}, "missing_lines": [140, 143, 146], "excluded_lines": [], "executed_branches": [], "missing_branches": []}, "build_general_ledger": {"executed_lines": [], "summary": {"covered_lines": 0, "num_statements": 6, "percent_covered": 0.0, "percent_covered_display": "0", "missing_lines": 6, "excluded_lines": 0, "num_branches": 7, "num_partial_branches": 0, "covered_branches": 0, "missing_branches": 7}, "missing_lines": [174, 177, 179, 180, 183, 186], "excluded_lines": [], "executed_branches": [], "missing_branches": [[174, -174], [174, 177], [177, -177], [177, 179], [177, 186], [179, 180], [179, 183]]}, "ReadInitialBalances.__call__": {"executed_lines": [], "summary": {"covered_lines": 0, "num_statements": 1, "percent_covered": 0.0, "percent_covered_display": "0", "missing_lines": 1, "excluded_lines": 0, "num_branches": 0, "num_partial_branches": 0, "covered_branches": 0, "missing_branches": 0}, "missing_lines": [195], "excluded_lines": [], "executed_branches": [], "missing_branches": []}, "GeneralLedgerProgram.__call__": {"executed_lines": [], "summary": {"covered_lines": 0, "num_statements": 1, "percent_covered": 0.0, "percent_covered_display": "0", "missing_lines": 1, "excluded_lines": 0, "num_branches": 0, "num_partial_branches": 0, "covered_branches": 0, "missing_branches": 0}, "missing_lines": [204], "excluded_lines": [], "executed_branches": [], "missing_branches": []}, "compile_general_ledger_program": {"executed_lines": [], "summary": {"covered_lines": 0, "num_statements": 2, "percent_covered": 0.0, "percent_covered_display": "0", "missing_lines": 2, "excluded_lines": 0, "num_branches": 0, "num_partial_branches": 0, "covered_branches": 0, "missing_branches": 0}, "missing_lines": [220, 237], "excluded_lines": [], "executed_branches": [], "missing_branches": []}, "compile_general_ledger_program._program": {"executed_lines": [], "summary": {"covered_lines": 0, "num_statements": 3, "percent_covered": 0.0, "percent_covered_display": "0", "missing_lines": 3, "excluded_lines": 0, "num_branches": 0, "num_partial_branches": 0, "covered_branches": 0, "missing_branches": 0}, "missing_lines": [228, 231, 234], "excluded_lines": [], "executed_branches": [], "missing_branches": []}, "": {"executed_lines": [1, 5, 16, 17, 18, 19, 21, 22, 23, 24, 25, 28, 32, 35, 36, 37, 42, 45, 48, 50, 51, 57, 58, 64, 65, 71, 72, 78, 79, 85, 86, 92, 93, 99, 100, 107, 108, 109, 114, 117, 120, 122, 123, 132, 149, 150, 151, 156, 159, 162, 189, 190, 194, 198, 199, 203, 207], "summary": {"covered_lines": 51, "num_statements": 51, "percent_covered": 100.0, "percent_covered_display": "100", "missing_lines": 0, "excluded_lines": 0, "num_branches": 6, "num_partial_branches": 0, "covered_branches": 6, "missing_branches": 0}, "missing_lines": [], "excluded_lines": [], "executed_branches": [[35, 36], [35, 37], [107, 108], [107, 109], [149, 150], [149, 151]], "missing_branches": []}}, "classes": {"LedgerEntry": {"executed_lines": [], "summary": {"covered_lines": 0, "num_statements": 8, "percent_covered": 0.0, "percent_covered_display": "0", "missing_lines": 8, "excluded_lines": 0, "num_branches": 2, "num_partial_branches": 0, "covered_branches": 0, "missing_branches": 2}, "missing_lines": [55, 62, 69, 76, 83, 90, 97, 104], "excluded_lines": [], "executed_branches": [], "missing_branches": [[76, -76], [76, -71]]}, "Ledger": {"executed_lines": [], "summary": {"covered_lines": 0, "num_statements": 7, "percent_covered": 0.0, "percent_covered_display": "0", "missing_lines": 7, "excluded_lines": 0, "num_branches": 0, "num_partial_branches": 0, "covered_branches": 0, "missing_branches": 0}, "missing_lines": [127, 128, 129, 130, 140, 143, 146], "excluded_lines": [], "executed_branches": [], "missing_branches": []}, "GeneralLedger": {"executed_lines": [], "summary": {"covered_lines": 0, "num_statements": 0, "percent_covered": 100.0, "percent_covered_display": "100", "missing_lines": 0, "excluded_lines": 0, "num_branches": 0, "num_partial_branches": 0, "covered_branches": 0, "missing_branches": 0}, "missing_lines": [], "excluded_lines": [], "executed_branches": [], "missing_branches": []}, "ReadInitialBalances": {"executed_lines": [], "summary": {"covered_lines": 0, "num_statements": 1, "percent_covered": 0.0, "percent_covered_display": "0", "missing_lines": 1, "excluded_lines": 0, "num_branches": 0, "num_partial_branches": 0, "covered_branches": 0, "missing_branches": 0}, "missing_lines": [195], "excluded_lines": [], "executed_branches": [], "missing_branches": []}, "GeneralLedgerProgram": {"executed_lines": [], "summary": {"covered_lines": 0, "num_statements": 1, "percent_covered": 0.0, "percent_covered_display": "0", "missing_lines": 1, "excluded_lines": 0, "num_branches": 0, "num_partial_branches": 0, "covered_branches": 0, "missing_branches": 0}, "missing_lines": [204], "excluded_lines": [], "executed_branches": [], "missing_branches": []}, "": {"executed_lines": [1, 5, 16, 17, 18, 19, 21, 22, 23, 24, 25, 28, 32, 35, 36, 37, 42, 45, 48, 50, 51, 57, 58, 64, 65, 71, 72, 78, 79, 85, 86, 92, 93, 99, 100, 107, 108, 109, 114, 117, 120, 122, 123, 132, 149, 150, 151, 156, 159, 162, 189, 190, 194, 198, 199, 203, 207], "summary": {"covered_lines": 51, "num_statements": 62, "percent_covered": 76.0, "percent_covered_display": "76", "missing_lines": 11, "excluded_lines": 0, "num_branches": 13, "num_partial_branches": 0, "covered_branches": 6, "missing_branches": 7}, "missing_lines": [174, 177, 179, 180, 183, 186, 220, 228, 231, 234, 237], "excluded_lines": [], "executed_branches": [[35, 36], [35, 37], [107, 108], [107, 109], [149, 150], [149, 151]], "missing_branches": [[174, -174], [174, 177], [177, -177], [177, 179], [177, 186], [179, 180], [179, 183]]}}}, "pypara/commons/__init__.py": {"executed_lines": [1], "summary": {"covered_lines": 0, "num_statements": 0, "percent_covered": 100.0, "percent_covered_display": "100", "missing_lines": 0, "excluded_lines": 0, "num_branches": 0, "num_partial_branches": 0, "covered_branches": 0, "missing_branches": 0}, "missing_lines": [], "excluded_lines": [], "executed_branches": [], "missing_branches": [], "functions": {"": {"executed_lines": [1], "summary": {"covered_lines": 0, "num_statements": 0, "percent_covered": 100.0, "percent_covered_display": "100", "missing_lines": 0, "excluded_lines": 0, "num_branches": 0, "num_partial_branches": 0, "covered_branches": 0, "missing_branches": 0}, "missing_lines": [], "excluded_lines": [], "executed_branches": [], "missing_branches": []}}, "classes": {"": {"executed_lines": [1], "summary": {"covered_lines": 0, "num_statements": 0, "percent_covered": 100.0, "percent_covered_display": "100", "missing_lines": 0, "excluded_lines": 0, "num_branches": 0, "num_partial_branches": 0, "covered_branches": 0, "missing_branches": 0}, "missing_lines": [], "excluded_lines": [], "executed_branches": [], "missing_branches": []}}}, "pypara/commons/errors.py": {"executed_lines": [1, 5, 7, 10, 11, 18, 19, 27], "summary": {"covered_lines": 6, "num_statements": 7, "percent_covered": 77.77777777777777, "percent_covered_display": "78", "missing_lines": 1, "excluded_lines": 0, "num_branches": 2, "num_partial_branches": 1, "covered_branches": 1, "missing_branches": 1}, "missing_lines": [28], "excluded_lines": [], "executed_branches": [[27, -18]], "missing_branches": [[27, 28]], "functions": {"ProgrammingError.passert": {"executed_lines": [27], "summary": {"covered_lines": 1, "num_statements": 2, "percent_covered": 50.0, "percent_covered_display": "50", "missing_lines": 1, "excluded_lines": 0, "num_branches": 2, "num_partial_branches": 1, "covered_branches": 1, "missing_branches": 1}, "missing_lines": [28], "excluded_lines": [], "executed_branches": [[27, -18]], "missing_branches": [[27, 28]]}, "": {"executed_lines": [1, 5, 7, 10, 11, 18, 19], "summary": {"covered_lines": 5, "num_statements": 5, "percent_covered": 100.0, "percent_covered_display": "100", "missing_lines": 0, "excluded_lines": 0, "num_branches": 0, "num_partial_branches": 0, "covered_branches": 0, "missing_branches": 0}, "missing_lines": [], "excluded_lines": [], "executed_branches": [], "missing_branches": []}}, "classes": {"ProgrammingError": {"executed_lines": [27], "summary": {"covered_lines": 1, "num_statements": 2, "percent_covered": 50.0, "percent_covered_display": "50", "missing_lines": 1, "excluded_lines": 0, "num_branches": 2, "num_partial_branches": 1, "covered_branches": 1, "missing_branches": 1}, "missing_lines": [28], "excluded_lines": [], "executed_branches": [[27, -18]], "missing_branches": [[27, 28]]}, "": {"executed_lines": [1, 5, 7, 10, 11, 18, 19], "summary": {"covered_lines": 5, "num_statements": 5, "percent_covered": 100.0, "percent_covered_display": "100", "missing_lines": 0, "excluded_lines": 0, "num_branches": 0, "num_partial_branches": 0, "covered_branches": 0, "missing_branches": 0}, "missing_lines": [], "excluded_lines": [], "executed_branches": [], "missing_branches": []}}}, "pypara/commons/numbers.py": {"executed_lines": [1, 5, 20, 21, 26, 31, 34, 38, 41, 44, 47, 50, 53, 57, 61, 64, 67], "summary": {"covered_lines": 16, "num_statements": 17, "percent_covered": 94.11764705882354, "percent_covered_display": "94", "missing_lines": 1, "excluded_lines": 0, "num_branches": 0, "num_partial_branches": 0, "covered_branches": 0, "missing_branches": 0}, "missing_lines": [88], "excluded_lines": [], "executed_branches": [], "missing_branches": [], "functions": {"make_quantizer": {"executed_lines": [57], "summary": {"covered_lines": 1, "num_statements": 1, "percent_covered": 100.0, "percent_covered_display": "100", "missing_lines": 0, "excluded_lines": 0, "num_branches": 0, "num_partial_branches": 0, "covered_branches": 0, "missing_branches": 0}, "missing_lines": [], "excluded_lines": [], "executed_branches": [], "missing_branches": []}, "isum": {"executed_lines": [], "summary": {"covered_lines": 0, "num_statements": 1, "percent_covered": 0.0, "percent_covered_display": "0", "missing_lines": 1, "excluded_lines": 0, "num_branches": 0, "num_partial_branches": 0, "covered_branches": 0, "missing_branches": 0}, "missing_lines": [88], "excluded_lines": [], "executed_branches": [], "missing_branches": []}, "": {"executed_lines": [1, 5, 20, 21, 26, 31, 34, 38, 41, 44, 47, 50, 53, 61, 64, 67], "summary": {"covered_lines": 15, "num_statements": 15, "percent_covered": 100.0, "percent_covered_display": "100", "missing_lines": 0, "excluded_lines": 0, "num_branches": 0, "num_partial_branches": 0, "covered_branches": 0, "missing_branches": 0}, "missing_lines": [], "excluded_lines": [], "executed_branches": [], "missing_branches": []}}, "classes": {"": {"executed_lines": [1, 5, 20, 21, 26, 31, 34, 38, 41, 44, 47, 50, 53, 57, 61, 64, 67], "summary": {"covered_lines": 16, "num_statements": 17, "percent_covered": 94.11764705882354, "percent_covered_display": "94", "missing_lines": 1, "excluded_lines": 0, "num_branches": 0, "num_partial_branches": 0, "covered_branches": 0, "missing_branches": 0}, "missing_lines": [88], "excluded_lines": [], "executed_branches": [], "missing_branches": []}}}, "pypara/commons/others.py": {"executed_lines": [1, 5, 7, 8, 11, 14, 24, 27], "summary": {"covered_lines": 7, "num_statements": 9, "percent_covered": 77.77777777777777, "percent_covered_display": "78", "missing_lines": 2, "excluded_lines": 0, "num_branches": 0, "num_partial_branches": 0, "covered_branches": 0, "missing_branches": 0}, "missing_lines": [20, 34], "excluded_lines": [], "executed_branches": [], "missing_branches": [], "functions": {"makeguid": {"executed_lines": [], "summary": {"covered_lines": 0, "num_statements": 1, "percent_covered": 0.0, "percent_covered_display": "0", "missing_lines": 1, "excluded_lines": 0, "num_branches": 0, "num_partial_branches": 0, "covered_branches": 0, "missing_branches": 0}, "missing_lines": [20], "excluded_lines": [], "executed_branches": [], "missing_branches": []}, "identity": {"executed_lines": [], "summary": {"covered_lines": 0, "num_statements": 1, "percent_covered": 0.0, "percent_covered_display": "0", "missing_lines": 1, "excluded_lines": 0, "num_branches": 0, "num_partial_branches": 0, "covered_branches": 0, "missing_branches": 0}, "missing_lines": [34], "excluded_lines": [], "executed_branches": [], "missing_branches": []}, "": {"executed_lines": [1, 5, 7, 8, 11, 14, 24, 27], "summary": {"covered_lines": 7, "num_statements": 7, "percent_covered": 100.0, "percent_covered_display": "100", "missing_lines": 0, "excluded_lines": 0, "num_branches": 0, "num_partial_branches": 0, "covered_branches": 0, "missing_branches": 0}, "missing_lines": [], "excluded_lines": [], "executed_branches": [], "missing_branches": []}}, "classes": {"": {"executed_lines": [1, 5, 7, 8, 11, 14, 24, 27], "summary": {"covered_lines": 7, "num_statements": 9, "percent_covered": 77.77777777777777, "percent_covered_display": "78", "missing_lines": 2, "excluded_lines": 0, "num_branches": 0, "num_partial_branches": 0, "covered_branches": 0, "missing_branches": 0}, "missing_lines": [20, 34], "excluded_lines": [], "executed_branches": [], "missing_branches": []}}}, "pypara/commons/zeitgeist.py": {"executed_lines": [1, 5, 7, 8, 9, 10, 11, 14, 15, 16, 21, 24], "summary": {"covered_lines": 10, "num_statements": 10, "percent_covered": 100.0, "percent_covered_display": "100", "missing_lines": 0, "excluded_lines": 0, "num_branches": 2, "num_partial_branches": 0, "covered_branches": 2, "missing_branches": 0}, "missing_lines": [], "excluded_lines": [], "executed_branches": [[14, 15], [14, 16]], "missing_branches": [], "functions": {"": {"executed_lines": [1, 5, 7, 8, 9, 10, 11, 14, 15, 16, 21, 24], "summary": {"covered_lines": 10, "num_statements": 10, "percent_covered": 100.0, "percent_covered_display": "100", "missing_lines": 0, "excluded_lines": 0, "num_branches": 2, "num_partial_branches": 0, "covered_branches": 2, "missing_branches": 0}, "missing_lines": [], "excluded_lines": [], "executed_branches": [[14, 15], [14, 16]], "missing_branches": []}}, "classes": {"DateRange": {"executed_lines": [], "summary": {"covered_lines": 0, "num_statements": 0, "percent_covered": 100.0, "percent_covered_display": "100", "missing_lines": 0, "excluded_lines": 0, "num_branches": 0, "num_partial_branches": 0, "covered_branches": 0, "missing_branches": 0}, "missing_lines": [], "excluded_lines": [], "executed_branches": [], "missing_branches": []}, "": {"executed_lines": [1, 5, 7, 8, 9, 10, 11, 14, 15, 16, 21, 24], "summary": {"covered_lines": 10, "num_statements": 10, "percent_covered": 100.0, "percent_covered_display": "100", "missing_lines": 0, "excluded_lines": 0, "num_branches": 2, "num_partial_branches": 0, "covered_branches": 2, "missing_branches": 0}, "missing_lines": [], "excluded_lines": [], "executed_branches": [[14, 15], [14, 16]], "missing_branches": []}}}, "pypara/currencies.py": {"executed_lines": [1, 5, 7, 8, 9, 10, 11, 13, 14, 17, 18, 22, 33, 34, 39, 42, 45, 48, 51, 52, 53, 99, 102, 105, 108, 111, 114, 116, 120, 122, 126, 128, 140, 141, 146, 147, 148, 151, 152, 153, 156, 157, 160, 163, 164, 165, 166, 168, 171, 174, 177, 178, 206, 208, 213, 215, 218, 220, 225, 228, 231, 234, 237, 239, 244, 247, 249, 254, 257, 260, 263, 266, 268, 273, 278, 282, 284, 290, 296, 300, 301, 305, 311, 319, 320, 326, 327, 333, 334, 342, 346, 347, 348, 349, 350, 351, 352, 353, 354, 355, 356, 357, 358, 359, 360, 361, 362, 363, 364, 365, 366, 367, 368, 369, 370, 371, 372, 373, 374, 375, 376, 377, 378, 379, 380, 381, 382, 383, 384, 385, 386, 387, 388, 389, 390, 391, 392, 393, 394, 395, 396, 397, 398, 399, 400, 401, 402, 403, 404, 405, 406, 407, 408, 409, 410, 411, 412, 413, 414, 415, 416, 417, 418, 419, 420, 421, 422, 423, 424, 425, 426, 427, 428, 429, 430, 431, 432, 433, 434, 435, 436, 437, 438, 439, 440, 441, 442, 443, 444, 445, 446, 447, 448, 449, 450, 451, 452, 453, 454, 455, 456, 457, 458, 459, 460, 461, 462, 463, 464, 465, 466, 467, 468, 469, 470, 471, 472, 473, 474, 475, 476, 477, 478, 479, 480, 481, 482, 483, 484, 485, 486, 487, 488, 489, 490, 491, 492, 493, 494, 495, 496, 497, 498, 499, 500, 501, 502, 503, 504, 505, 506, 507, 508, 509, 510, 511, 512, 513, 514, 515, 516, 517, 518, 519, 520, 521, 522, 523, 524, 525, 526, 527, 528, 529, 530, 531, 532], "summary": {"covered_lines": 272, "num_statements": 286, "percent_covered": 94.48051948051948, "percent_covered_display": "94", "missing_lines": 14, "excluded_lines": 0, "num_branches": 22, "num_partial_branches": 3, "covered_branches": 19, "missing_branches": 3}, "missing_lines": [27, 30, 138, 275, 279, 288, 294, 302, 303, 309, 317, 324, 331, 338], "excluded_lines": [], "executed_branches": [[51, 52], [51, 53], [163, 164], [163, 165], [165, 166], [165, 168], [213, 215], [254, -254], [254, 254], [254, 257], [257, -257], [257, 257], [257, 260], [260, -260], [260, 260], [260, 263], [263, -263], [263, 263], [263, 266], [273, 278], [278, 282], [346, -1], [346, 347]], "missing_branches": [[213, 218], [273, 275], [278, 279]], "functions": {"CurrencyLookupError.__init__": {"executed_lines": [], "summary": {"covered_lines": 0, "num_statements": 2, "percent_covered": 0.0, "percent_covered_display": "0", "missing_lines": 2, "excluded_lines": 0, "num_branches": 0, "num_partial_branches": 0, "covered_branches": 0, "missing_branches": 0}, "missing_lines": [27, 30], "excluded_lines": [], "executed_branches": [], "missing_branches": []}, "Currency.__eq__": {"executed_lines": [120], "summary": {"covered_lines": 1, "num_statements": 1, "percent_covered": 100.0, "percent_covered_display": "100", "missing_lines": 0, "excluded_lines": 0, "num_branches": 0, "num_partial_branches": 0, "covered_branches": 0, "missing_branches": 0}, "missing_lines": [], "excluded_lines": [], "executed_branches": [], "missing_branches": []}, "Currency.__hash__": {"executed_lines": [126], "summary": {"covered_lines": 1, "num_statements": 1, "percent_covered": 100.0, "percent_covered_display": "100", "missing_lines": 0, "excluded_lines": 0, "num_branches": 0, "num_partial_branches": 0, "covered_branches": 0, "missing_branches": 0}, "missing_lines": [], "excluded_lines": [], "executed_branches": [], "missing_branches": []}, "Currency.quantize": {"executed_lines": [], "summary": {"covered_lines": 0, "num_statements": 1, "percent_covered": 0.0, "percent_covered_display": "0", "missing_lines": 1, "excluded_lines": 0, "num_branches": 0, "num_partial_branches": 0, "covered_branches": 0, "missing_branches": 0}, "missing_lines": [138], "excluded_lines": [], "executed_branches": [], "missing_branches": []}, "Currency.of": {"executed_lines": [146, 147, 148, 151, 152, 153, 156, 157, 160, 163, 164, 165, 166, 168, 171, 174], "summary": {"covered_lines": 16, "num_statements": 16, "percent_covered": 100.0, "percent_covered_display": "100", "missing_lines": 0, "excluded_lines": 0, "num_branches": 4, "num_partial_branches": 0, "covered_branches": 4, "missing_branches": 0}, "missing_lines": [], "excluded_lines": [], "executed_branches": [[163, 164], [163, 165], [165, 166], [165, 168]], "missing_branches": []}, "CurrencyRegistry.__new__": {"executed_lines": [213, 215, 218], "summary": {"covered_lines": 3, "num_statements": 3, "percent_covered": 80.0, "percent_covered_display": "80", "missing_lines": 0, "excluded_lines": 0, "num_branches": 2, "num_partial_branches": 1, "covered_branches": 1, "missing_branches": 1}, "missing_lines": [], "excluded_lines": [], "executed_branches": [[213, 215]], "missing_branches": [[213, 218]]}, "CurrencyRegistry.__init__": {"executed_lines": [225, 228, 231, 234, 237], "summary": {"covered_lines": 5, "num_statements": 5, "percent_covered": 100.0, "percent_covered_display": "100", "missing_lines": 0, "excluded_lines": 0, "num_branches": 0, "num_partial_branches": 0, "covered_branches": 0, "missing_branches": 0}, "missing_lines": [], "excluded_lines": [], "executed_branches": [], "missing_branches": []}, "CurrencyRegistry.__enter__": {"executed_lines": [244, 247], "summary": {"covered_lines": 2, "num_statements": 2, "percent_covered": 100.0, "percent_covered_display": "100", "missing_lines": 0, "excluded_lines": 0, "num_branches": 0, "num_partial_branches": 0, "covered_branches": 0, "missing_branches": 0}, "missing_lines": [], "excluded_lines": [], "executed_branches": [], "missing_branches": []}, "CurrencyRegistry.__exit__": {"executed_lines": [254, 257, 260, 263, 266], "summary": {"covered_lines": 5, "num_statements": 5, "percent_covered": 100.0, "percent_covered_display": "100", "missing_lines": 0, "excluded_lines": 0, "num_branches": 8, "num_partial_branches": 0, "covered_branches": 8, "missing_branches": 0}, "missing_lines": [], "excluded_lines": [], "executed_branches": [[254, -254], [254, 254], [254, 257], [257, -257], [257, 257], [257, 260], [260, -260], [260, 260], [260, 263], [263, -263], [263, 263], [263, 266]], "missing_branches": []}, "CurrencyRegistry.__register": {"executed_lines": [273, 278, 282], "summary": {"covered_lines": 3, "num_statements": 5, "percent_covered": 55.55555555555556, "percent_covered_display": "56", "missing_lines": 2, "excluded_lines": 0, "num_branches": 4, "num_partial_branches": 2, "covered_branches": 2, "missing_branches": 2}, "missing_lines": [275, 279], "excluded_lines": [], "executed_branches": [[273, 278], [278, 282]], "missing_branches": [[273, 275], [278, 279]]}, "CurrencyRegistry.__len__": {"executed_lines": [], "summary": {"covered_lines": 0, "num_statements": 1, "percent_covered": 0.0, "percent_covered_display": "0", "missing_lines": 1, "excluded_lines": 0, "num_branches": 0, "num_partial_branches": 0, "covered_branches": 0, "missing_branches": 0}, "missing_lines": [288], "excluded_lines": [], "executed_branches": [], "missing_branches": []}, "CurrencyRegistry.__contains__": {"executed_lines": [], "summary": {"covered_lines": 0, "num_statements": 1, "percent_covered": 0.0, "percent_covered_display": "0", "missing_lines": 1, "excluded_lines": 0, "num_branches": 0, "num_partial_branches": 0, "covered_branches": 0, "missing_branches": 0}, "missing_lines": [294], "excluded_lines": [], "executed_branches": [], "missing_branches": []}, "CurrencyRegistry.__getitem__": {"executed_lines": [300, 301], "summary": {"covered_lines": 2, "num_statements": 4, "percent_covered": 50.0, "percent_covered_display": "50", "missing_lines": 2, "excluded_lines": 0, "num_branches": 0, "num_partial_branches": 0, "covered_branches": 0, "missing_branches": 0}, "missing_lines": [302, 303], "excluded_lines": [], "executed_branches": [], "missing_branches": []}, "CurrencyRegistry.has": {"executed_lines": [], "summary": {"covered_lines": 0, "num_statements": 1, "percent_covered": 0.0, "percent_covered_display": "0", "missing_lines": 1, "excluded_lines": 0, "num_branches": 0, "num_partial_branches": 0, "covered_branches": 0, "missing_branches": 0}, "missing_lines": [309], "excluded_lines": [], "executed_branches": [], "missing_branches": []}, "CurrencyRegistry.get": {"executed_lines": [], "summary": {"covered_lines": 0, "num_statements": 1, "percent_covered": 0.0, "percent_covered_display": "0", "missing_lines": 1, "excluded_lines": 0, "num_branches": 0, "num_partial_branches": 0, "covered_branches": 0, "missing_branches": 0}, "missing_lines": [317], "excluded_lines": [], "executed_branches": [], "missing_branches": []}, "CurrencyRegistry.all": {"executed_lines": [], "summary": {"covered_lines": 0, "num_statements": 1, "percent_covered": 0.0, "percent_covered_display": "0", "missing_lines": 1, "excluded_lines": 0, "num_branches": 0, "num_partial_branches": 0, "covered_branches": 0, "missing_branches": 0}, "missing_lines": [324], "excluded_lines": [], "executed_branches": [], "missing_branches": []}, "CurrencyRegistry.codes": {"executed_lines": [], "summary": {"covered_lines": 0, "num_statements": 1, "percent_covered": 0.0, "percent_covered_display": "0", "missing_lines": 1, "excluded_lines": 0, "num_branches": 0, "num_partial_branches": 0, "covered_branches": 0, "missing_branches": 0}, "missing_lines": [331], "excluded_lines": [], "executed_branches": [], "missing_branches": []}, "CurrencyRegistry.codenames": {"executed_lines": [], "summary": {"covered_lines": 0, "num_statements": 1, "percent_covered": 0.0, "percent_covered_display": "0", "missing_lines": 1, "excluded_lines": 0, "num_branches": 0, "num_partial_branches": 0, "covered_branches": 0, "missing_branches": 0}, "missing_lines": [338], "excluded_lines": [], "executed_branches": [], "missing_branches": []}, "": {"executed_lines": [1, 5, 7, 8, 9, 10, 11, 13, 14, 17, 18, 22, 33, 34, 39, 42, 45, 48, 51, 52, 53, 99, 102, 105, 108, 111, 114, 116, 122, 128, 140, 141, 177, 178, 206, 208, 220, 239, 249, 268, 284, 290, 296, 305, 311, 319, 320, 326, 327, 333, 334, 342, 346, 347, 348, 349, 350, 351, 352, 353, 354, 355, 356, 357, 358, 359, 360, 361, 362, 363, 364, 365, 366, 367, 368, 369, 370, 371, 372, 373, 374, 375, 376, 377, 378, 379, 380, 381, 382, 383, 384, 385, 386, 387, 388, 389, 390, 391, 392, 393, 394, 395, 396, 397, 398, 399, 400, 401, 402, 403, 404, 405, 406, 407, 408, 409, 410, 411, 412, 413, 414, 415, 416, 417, 418, 419, 420, 421, 422, 423, 424, 425, 426, 427, 428, 429, 430, 431, 432, 433, 434, 435, 436, 437, 438, 439, 440, 441, 442, 443, 444, 445, 446, 447, 448, 449, 450, 451, 452, 453, 454, 455, 456, 457, 458, 459, 460, 461, 462, 463, 464, 465, 466, 467, 468, 469, 470, 471, 472, 473, 474, 475, 476, 477, 478, 479, 480, 481, 482, 483, 484, 485, 486, 487, 488, 489, 490, 491, 492, 493, 494, 495, 496, 497, 498, 499, 500, 501, 502, 503, 504, 505, 506, 507, 508, 509, 510, 511, 512, 513, 514, 515, 516, 517, 518, 519, 520, 521, 522, 523, 524, 525, 526, 527, 528, 529, 530, 531, 532], "summary": {"covered_lines": 234, "num_statements": 234, "percent_covered": 100.0, "percent_covered_display": "100", "missing_lines": 0, "excluded_lines": 0, "num_branches": 4, "num_partial_branches": 0, "covered_branches": 4, "missing_branches": 0}, "missing_lines": [], "excluded_lines": [], "executed_branches": [[51, 52], [51, 53], [346, -1], [346, 347]], "missing_branches": []}}, "classes": {"CurrencyLookupError": {"executed_lines": [], "summary": {"covered_lines": 0, "num_statements": 2, "percent_covered": 0.0, "percent_covered_display": "0", "missing_lines": 2, "excluded_lines": 0, "num_branches": 0, "num_partial_branches": 0, "covered_branches": 0, "missing_branches": 0}, "missing_lines": [27, 30], "excluded_lines": [], "executed_branches": [], "missing_branches": []}, "CurrencyType": {"executed_lines": [], "summary": {"covered_lines": 0, "num_statements": 0, "percent_covered": 100.0, "percent_covered_display": "100", "missing_lines": 0, "excluded_lines": 0, "num_branches": 0, "num_partial_branches": 0, "covered_branches": 0, "missing_branches": 0}, "missing_lines": [], "excluded_lines": [], "executed_branches": [], "missing_branches": []}, "Currency": {"executed_lines": [120, 126, 146, 147, 148, 151, 152, 153, 156, 157, 160, 163, 164, 165, 166, 168, 171, 174], "summary": {"covered_lines": 18, "num_statements": 19, "percent_covered": 95.65217391304348, "percent_covered_display": "96", "missing_lines": 1, "excluded_lines": 0, "num_branches": 4, "num_partial_branches": 0, "covered_branches": 4, "missing_branches": 0}, "missing_lines": [138], "excluded_lines": [], "executed_branches": [[163, 164], [163, 165], [165, 166], [165, 168]], "missing_branches": []}, "CurrencyRegistry": {"executed_lines": [213, 215, 218, 225, 228, 231, 234, 237, 244, 247, 254, 257, 260, 263, 266, 273, 278, 282, 300, 301], "summary": {"covered_lines": 20, "num_statements": 31, "percent_covered": 68.88888888888889, "percent_covered_display": "69", "missing_lines": 11, "excluded_lines": 0, "num_branches": 14, "num_partial_branches": 3, "covered_branches": 11, "missing_branches": 3}, "missing_lines": [275, 279, 288, 294, 302, 303, 309, 317, 324, 331, 338], "excluded_lines": [], "executed_branches": [[213, 215], [254, -254], [254, 254], [254, 257], [257, -257], [257, 257], [257, 260], [260, -260], [260, 260], [260, 263], [263, -263], [263, 263], [263, 266], [273, 278], [278, 282]], "missing_branches": [[213, 218], [273, 275], [278, 279]]}, "": {"executed_lines": [1, 5, 7, 8, 9, 10, 11, 13, 14, 17, 18, 22, 33, 34, 39, 42, 45, 48, 51, 52, 53, 99, 102, 105, 108, 111, 114, 116, 122, 128, 140, 141, 177, 178, 206, 208, 220, 239, 249, 268, 284, 290, 296, 305, 311, 319, 320, 326, 327, 333, 334, 342, 346, 347, 348, 349, 350, 351, 352, 353, 354, 355, 356, 357, 358, 359, 360, 361, 362, 363, 364, 365, 366, 367, 368, 369, 370, 371, 372, 373, 374, 375, 376, 377, 378, 379, 380, 381, 382, 383, 384, 385, 386, 387, 388, 389, 390, 391, 392, 393, 394, 395, 396, 397, 398, 399, 400, 401, 402, 403, 404, 405, 406, 407, 408, 409, 410, 411, 412, 413, 414, 415, 416, 417, 418, 419, 420, 421, 422, 423, 424, 425, 426, 427, 428, 429, 430, 431, 432, 433, 434, 435, 436, 437, 438, 439, 440, 441, 442, 443, 444, 445, 446, 447, 448, 449, 450, 451, 452, 453, 454, 455, 456, 457, 458, 459, 460, 461, 462, 463, 464, 465, 466, 467, 468, 469, 470, 471, 472, 473, 474, 475, 476, 477, 478, 479, 480, 481, 482, 483, 484, 485, 486, 487, 488, 489, 490, 491, 492, 493, 494, 495, 496, 497, 498, 499, 500, 501, 502, 503, 504, 505, 506, 507, 508, 509, 510, 511, 512, 513, 514, 515, 516, 517, 518, 519, 520, 521, 522, 523, 524, 525, 526, 527, 528, 529, 530, 531, 532], "summary": {"covered_lines": 234, "num_statements": 234, "percent_covered": 100.0, "percent_covered_display": "100", "missing_lines": 0, "excluded_lines": 0, "num_branches": 4, "num_partial_branches": 0, "covered_branches": 4, "missing_branches": 0}, "missing_lines": [], "excluded_lines": [], "executed_branches": [[51, 52], [51, 53], [346, -1], [346, 347]], "missing_branches": []}}}, "pypara/dcc.py": {"executed_lines": [1, 5, 7, 8, 9, 10, 12, 14, 15, 16, 17, 20, 23, 27, 30, 38, 39, 42, 55, 58, 63, 66, 68, 71, 73, 76, 79, 83, 86, 121, 124, 127, 130, 133, 136, 139, 142, 146, 149, 160, 163, 166, 167, 168, 173, 176, 180, 181, 182, 183, 191, 192, 197, 200, 203, 206, 208, 220, 239, 253, 277, 278, 294, 299, 302, 304, 308, 310, 315, 320, 323, 325, 330, 332, 336, 338, 348, 349, 355, 356, 364, 367, 377, 385, 388, 391, 394, 396, 399, 400, 443, 444, 467, 472, 496, 497, 519, 522, 523, 548, 549, 571, 574, 575, 597, 600, 601, 624, 625, 628, 632, 635, 638, 639, 662, 663, 666, 667, 670, 673, 676, 677, 701, 702, 705, 706, 709, 712, 715, 716, 739, 740, 742, 745, 746, 748, 751, 754, 757, 758, 781, 782, 785, 787, 790, 791, 794, 798, 802, 805], "summary": {"covered_lines": 147, "num_statements": 187, "percent_covered": 75.69721115537848, "percent_covered_display": "76", "missing_lines": 40, "excluded_lines": 0, "num_branches": 64, "num_partial_branches": 7, "covered_branches": 43, "missing_branches": 21}, "missing_lines": [143, 169, 170, 184, 185, 186, 188, 213, 215, 218, 225, 228, 229, 231, 234, 237, 251, 270, 271, 274, 317, 327, 346, 353, 360, 424, 427, 430, 432, 434, 437, 440, 458, 461, 464, 493, 545, 629, 795, 799], "excluded_lines": [], "executed_branches": [[27, -27], [27, -23], [27, 27], [38, -30], [38, 39], [63, -63], [63, 63], [63, 66], [66, 68], [66, 76], [71, 66], [71, 73], [133, -133], [133, 133], [133, 136], [136, -136], [136, 136], [136, 139], [142, 146], [166, 167], [166, 173], [180, 181], [180, 182], [315, 320], [323, -310], [323, 325], [325, 330], [624, 625], [624, 628], [628, 632], [662, 663], [662, 666], [666, 667], [666, 670], [701, 702], [701, 705], [705, 706], [705, 709], [739, 740], [739, 742], [745, 746], [745, 748], [785, 787], [785, 794], [790, 791], [794, 798], [798, 802]], "missing_branches": [[142, 143], [185, 186], [185, 188], [213, 215], [213, 218], [228, 229], [228, 231], [315, 317], [325, 327], [360, -360], [360, -355], [424, -424], [424, 427], [430, 432], [430, 440], [432, 434], [432, 437], [628, 629], [790, 794], [794, 795], [798, 799]], "functions": {"_as_ccys": {"executed_lines": [27], "summary": {"covered_lines": 1, "num_statements": 1, "percent_covered": 100.0, "percent_covered_display": "100", "missing_lines": 0, "excluded_lines": 0, "num_branches": 2, "num_partial_branches": 0, "covered_branches": 2, "missing_branches": 0}, "missing_lines": [], "excluded_lines": [], "executed_branches": [[27, -27], [27, -23], [27, 27]], "missing_branches": []}, "_get_date_range": {"executed_lines": [38, 39], "summary": {"covered_lines": 2, "num_statements": 2, "percent_covered": 100.0, "percent_covered_display": "100", "missing_lines": 0, "excluded_lines": 0, "num_branches": 2, "num_partial_branches": 0, "covered_branches": 2, "missing_branches": 0}, "missing_lines": [], "excluded_lines": [], "executed_branches": [[38, -30], [38, 39]], "missing_branches": []}, "_get_actual_day_count": {"executed_lines": [55], "summary": {"covered_lines": 1, "num_statements": 1, "percent_covered": 100.0, "percent_covered_display": "100", "missing_lines": 0, "excluded_lines": 0, "num_branches": 0, "num_partial_branches": 0, "covered_branches": 0, "missing_branches": 0}, "missing_lines": [], "excluded_lines": [], "executed_branches": [], "missing_branches": []}, "_has_leap_day": {"executed_lines": [63, 66, 68, 71, 73, 76], "summary": {"covered_lines": 6, "num_statements": 6, "percent_covered": 100.0, "percent_covered_display": "100", "missing_lines": 0, "excluded_lines": 0, "num_branches": 6, "num_partial_branches": 0, "covered_branches": 6, "missing_branches": 0}, "missing_lines": [], "excluded_lines": [], "executed_branches": [[63, -63], [63, 63], [63, 66], [66, 68], [66, 76], [71, 66], [71, 73]], "missing_branches": []}, "_is_last_day_of_month": {"executed_lines": [83], "summary": {"covered_lines": 1, "num_statements": 1, "percent_covered": 100.0, "percent_covered_display": "100", "missing_lines": 0, "excluded_lines": 0, "num_branches": 0, "num_partial_branches": 0, "covered_branches": 0, "missing_branches": 0}, "missing_lines": [], "excluded_lines": [], "executed_branches": [], "missing_branches": []}, "_last_payment_date": {"executed_lines": [121, 124, 127, 130, 133, 136, 139, 142, 146], "summary": {"covered_lines": 9, "num_statements": 10, "percent_covered": 87.5, "percent_covered_display": "88", "missing_lines": 1, "excluded_lines": 0, "num_branches": 6, "num_partial_branches": 1, "covered_branches": 5, "missing_branches": 1}, "missing_lines": [143], "excluded_lines": [], "executed_branches": [[133, -133], [133, 133], [133, 136], [136, -136], [136, 136], [136, 139], [142, 146]], "missing_branches": [[142, 143]]}, "_next_payment_date": {"executed_lines": [160, 163, 166, 167, 168, 173], "summary": {"covered_lines": 6, "num_statements": 8, "percent_covered": 80.0, "percent_covered_display": "80", "missing_lines": 2, "excluded_lines": 0, "num_branches": 2, "num_partial_branches": 0, "covered_branches": 2, "missing_branches": 0}, "missing_lines": [169, 170], "excluded_lines": [], "executed_branches": [[166, 167], [166, 173]], "missing_branches": []}, "_construct_date": {"executed_lines": [180, 181, 182, 183], "summary": {"covered_lines": 4, "num_statements": 8, "percent_covered": 50.0, "percent_covered_display": "50", "missing_lines": 4, "excluded_lines": 0, "num_branches": 4, "num_partial_branches": 0, "covered_branches": 2, "missing_branches": 2}, "missing_lines": [184, 185, 186, 188], "excluded_lines": [], "executed_branches": [[180, 181], [180, 182]], "missing_branches": [[185, 186], [185, 188]]}, "DCC.calculate_fraction": {"executed_lines": [], "summary": {"covered_lines": 0, "num_statements": 3, "percent_covered": 0.0, "percent_covered_display": "0", "missing_lines": 3, "excluded_lines": 0, "num_branches": 2, "num_partial_branches": 0, "covered_branches": 0, "missing_branches": 2}, "missing_lines": [213, 215, 218], "excluded_lines": [], "executed_branches": [], "missing_branches": [[213, 215], [213, 218]]}, "DCC.calculate_daily_fraction": {"executed_lines": [], "summary": {"covered_lines": 0, "num_statements": 6, "percent_covered": 0.0, "percent_covered_display": "0", "missing_lines": 6, "excluded_lines": 0, "num_branches": 2, "num_partial_branches": 0, "covered_branches": 0, "missing_branches": 2}, "missing_lines": [225, 228, 229, 231, 234, 237], "excluded_lines": [], "executed_branches": [], "missing_branches": [[228, 229], [228, 231]]}, "DCC.interest": {"executed_lines": [], "summary": {"covered_lines": 0, "num_statements": 1, "percent_covered": 0.0, "percent_covered_display": "0", "missing_lines": 1, "excluded_lines": 0, "num_branches": 0, "num_partial_branches": 0, "covered_branches": 0, "missing_branches": 0}, "missing_lines": [251], "excluded_lines": [], "executed_branches": [], "missing_branches": []}, "DCC.coupon": {"executed_lines": [], "summary": {"covered_lines": 0, "num_statements": 3, "percent_covered": 0.0, "percent_covered_display": "0", "missing_lines": 3, "excluded_lines": 0, "num_branches": 0, "num_partial_branches": 0, "covered_branches": 0, "missing_branches": 0}, "missing_lines": [270, 271, 274], "excluded_lines": [], "executed_branches": [], "missing_branches": []}, "DCCRegistryMachinery.__init__": {"executed_lines": [299, 302], "summary": {"covered_lines": 2, "num_statements": 2, "percent_covered": 100.0, "percent_covered_display": "100", "missing_lines": 0, "excluded_lines": 0, "num_branches": 0, "num_partial_branches": 0, "covered_branches": 0, "missing_branches": 0}, "missing_lines": [], "excluded_lines": [], "executed_branches": [], "missing_branches": []}, "DCCRegistryMachinery._is_registered": {"executed_lines": [308], "summary": {"covered_lines": 1, "num_statements": 1, "percent_covered": 100.0, "percent_covered_display": "100", "missing_lines": 0, "excluded_lines": 0, "num_branches": 0, "num_partial_branches": 0, "covered_branches": 0, "missing_branches": 0}, "missing_lines": [], "excluded_lines": [], "executed_branches": [], "missing_branches": []}, "DCCRegistryMachinery.register": {"executed_lines": [315, 320, 323, 325, 330], "summary": {"covered_lines": 5, "num_statements": 7, "percent_covered": 69.23076923076923, "percent_covered_display": "69", "missing_lines": 2, "excluded_lines": 0, "num_branches": 6, "num_partial_branches": 2, "covered_branches": 4, "missing_branches": 2}, "missing_lines": [317, 327], "excluded_lines": [], "executed_branches": [[315, 320], [323, -310], [323, 325], [325, 330]], "missing_branches": [[315, 317], [325, 327]]}, "DCCRegistryMachinery._find_strict": {"executed_lines": [336], "summary": {"covered_lines": 1, "num_statements": 1, "percent_covered": 100.0, "percent_covered_display": "100", "missing_lines": 0, "excluded_lines": 0, "num_branches": 0, "num_partial_branches": 0, "covered_branches": 0, "missing_branches": 0}, "missing_lines": [], "excluded_lines": [], "executed_branches": [], "missing_branches": []}, "DCCRegistryMachinery.find": {"executed_lines": [], "summary": {"covered_lines": 0, "num_statements": 1, "percent_covered": 0.0, "percent_covered_display": "0", "missing_lines": 1, "excluded_lines": 0, "num_branches": 0, "num_partial_branches": 0, "covered_branches": 0, "missing_branches": 0}, "missing_lines": [346], "excluded_lines": [], "executed_branches": [], "missing_branches": []}, "DCCRegistryMachinery.registry": {"executed_lines": [], "summary": {"covered_lines": 0, "num_statements": 1, "percent_covered": 0.0, "percent_covered_display": "0", "missing_lines": 1, "excluded_lines": 0, "num_branches": 0, "num_partial_branches": 0, "covered_branches": 0, "missing_branches": 0}, "missing_lines": [353], "excluded_lines": [], "executed_branches": [], "missing_branches": []}, "DCCRegistryMachinery.table": {"executed_lines": [], "summary": {"covered_lines": 0, "num_statements": 1, "percent_covered": 0.0, "percent_covered_display": "0", "missing_lines": 1, "excluded_lines": 0, "num_branches": 2, "num_partial_branches": 0, "covered_branches": 0, "missing_branches": 2}, "missing_lines": [360], "excluded_lines": [], "executed_branches": [], "missing_branches": [[360, -360], [360, -355]]}, "dcc": {"executed_lines": [377, 396], "summary": {"covered_lines": 2, "num_statements": 2, "percent_covered": 100.0, "percent_covered_display": "100", "missing_lines": 0, "excluded_lines": 0, "num_branches": 0, "num_partial_branches": 0, "covered_branches": 0, "missing_branches": 0}, "missing_lines": [], "excluded_lines": [], "executed_branches": [], "missing_branches": []}, "dcc.register_and_return_dcfc": {"executed_lines": [385, 388, 391, 394], "summary": {"covered_lines": 4, "num_statements": 4, "percent_covered": 100.0, "percent_covered_display": "100", "missing_lines": 0, "excluded_lines": 0, "num_branches": 0, "num_partial_branches": 0, "covered_branches": 0, "missing_branches": 0}, "missing_lines": [], "excluded_lines": [], "executed_branches": [], "missing_branches": []}, "dcfc_act_act": {"executed_lines": [], "summary": {"covered_lines": 0, "num_statements": 7, "percent_covered": 0.0, "percent_covered_display": "0", "missing_lines": 7, "excluded_lines": 0, "num_branches": 6, "num_partial_branches": 0, "covered_branches": 0, "missing_branches": 6}, "missing_lines": [424, 427, 430, 432, 434, 437, 440], "excluded_lines": [], "executed_branches": [], "missing_branches": [[424, -424], [424, 427], [430, 432], [430, 440], [432, 434], [432, 437]]}, "dcfc_act_act_icma": {"executed_lines": [], "summary": {"covered_lines": 0, "num_statements": 3, "percent_covered": 0.0, "percent_covered_display": "0", "missing_lines": 3, "excluded_lines": 0, "num_branches": 0, "num_partial_branches": 0, "covered_branches": 0, "missing_branches": 0}, "missing_lines": [458, 461, 464], "excluded_lines": [], "executed_branches": [], "missing_branches": []}, "dcfc_act_360": {"executed_lines": [], "summary": {"covered_lines": 0, "num_statements": 1, "percent_covered": 0.0, "percent_covered_display": "0", "missing_lines": 1, "excluded_lines": 0, "num_branches": 0, "num_partial_branches": 0, "covered_branches": 0, "missing_branches": 0}, "missing_lines": [493], "excluded_lines": [], "executed_branches": [], "missing_branches": []}, "dcfc_act_365_f": {"executed_lines": [519], "summary": {"covered_lines": 1, "num_statements": 1, "percent_covered": 100.0, "percent_covered_display": "100", "missing_lines": 0, "excluded_lines": 0, "num_branches": 0, "num_partial_branches": 0, "covered_branches": 0, "missing_branches": 0}, "missing_lines": [], "excluded_lines": [], "executed_branches": [], "missing_branches": []}, "dcfc_act_365_a": {"executed_lines": [], "summary": {"covered_lines": 0, "num_statements": 1, "percent_covered": 0.0, "percent_covered_display": "0", "missing_lines": 1, "excluded_lines": 0, "num_branches": 0, "num_partial_branches": 0, "covered_branches": 0, "missing_branches": 0}, "missing_lines": [545], "excluded_lines": [], "executed_branches": [], "missing_branches": []}, "dcfc_act_365_l": {"executed_lines": [571], "summary": {"covered_lines": 1, "num_statements": 1, "percent_covered": 100.0, "percent_covered_display": "100", "missing_lines": 0, "excluded_lines": 0, "num_branches": 0, "num_partial_branches": 0, "covered_branches": 0, "missing_branches": 0}, "missing_lines": [], "excluded_lines": [], "executed_branches": [], "missing_branches": []}, "dcfc_nl_365": {"executed_lines": [597], "summary": {"covered_lines": 1, "num_statements": 1, "percent_covered": 100.0, "percent_covered_display": "100", "missing_lines": 0, "excluded_lines": 0, "num_branches": 0, "num_partial_branches": 0, "covered_branches": 0, "missing_branches": 0}, "missing_lines": [], "excluded_lines": [], "executed_branches": [], "missing_branches": []}, "dcfc_30_360_isda": {"executed_lines": [624, 625, 628, 632, 635], "summary": {"covered_lines": 5, "num_statements": 6, "percent_covered": 80.0, "percent_covered_display": "80", "missing_lines": 1, "excluded_lines": 0, "num_branches": 4, "num_partial_branches": 1, "covered_branches": 3, "missing_branches": 1}, "missing_lines": [629], "excluded_lines": [], "executed_branches": [[624, 625], [624, 628], [628, 632]], "missing_branches": [[628, 629]]}, "dcfc_30_e_360": {"executed_lines": [662, 663, 666, 667, 670, 673], "summary": {"covered_lines": 6, "num_statements": 6, "percent_covered": 100.0, "percent_covered_display": "100", "missing_lines": 0, "excluded_lines": 0, "num_branches": 4, "num_partial_branches": 0, "covered_branches": 4, "missing_branches": 0}, "missing_lines": [], "excluded_lines": [], "executed_branches": [[662, 663], [662, 666], [666, 667], [666, 670]], "missing_branches": []}, "dcfc_30_e_plus_360": {"executed_lines": [701, 702, 705, 706, 709, 712], "summary": {"covered_lines": 6, "num_statements": 6, "percent_covered": 100.0, "percent_covered_display": "100", "missing_lines": 0, "excluded_lines": 0, "num_branches": 4, "num_partial_branches": 0, "covered_branches": 4, "missing_branches": 0}, "missing_lines": [], "excluded_lines": [], "executed_branches": [[701, 702], [701, 705], [705, 706], [705, 709]], "missing_branches": []}, "dcfc_30_360_german": {"executed_lines": [739, 740, 742, 745, 746, 748, 751, 754], "summary": {"covered_lines": 8, "num_statements": 8, "percent_covered": 100.0, "percent_covered_display": "100", "missing_lines": 0, "excluded_lines": 0, "num_branches": 4, "num_partial_branches": 0, "covered_branches": 4, "missing_branches": 0}, "missing_lines": [], "excluded_lines": [], "executed_branches": [[739, 740], [739, 742], [745, 746], [745, 748]], "missing_branches": []}, "dcfc_30_360_us": {"executed_lines": [781, 782, 785, 787, 790, 791, 794, 798, 802, 805], "summary": {"covered_lines": 10, "num_statements": 12, "percent_covered": 75.0, "percent_covered_display": "75", "missing_lines": 2, "excluded_lines": 0, "num_branches": 8, "num_partial_branches": 3, "covered_branches": 5, "missing_branches": 3}, "missing_lines": [795, 799], "excluded_lines": [], "executed_branches": [[785, 787], [785, 794], [790, 791], [794, 798], [798, 802]], "missing_branches": [[790, 794], [794, 795], [798, 799]]}, "": {"executed_lines": [1, 5, 7, 8, 9, 10, 12, 14, 15, 16, 17, 20, 23, 30, 42, 58, 79, 86, 149, 176, 191, 192, 197, 200, 203, 206, 208, 220, 239, 253, 277, 278, 294, 304, 310, 332, 338, 348, 349, 355, 356, 364, 367, 399, 400, 443, 444, 467, 472, 496, 497, 522, 523, 548, 549, 574, 575, 600, 601, 638, 639, 676, 677, 715, 716, 757, 758], "summary": {"covered_lines": 64, "num_statements": 64, "percent_covered": 100.0, "percent_covered_display": "100", "missing_lines": 0, "excluded_lines": 0, "num_branches": 0, "num_partial_branches": 0, "covered_branches": 0, "missing_branches": 0}, "missing_lines": [], "excluded_lines": [], "executed_branches": [], "missing_branches": []}}, "classes": {"DCC": {"executed_lines": [], "summary": {"covered_lines": 0, "num_statements": 13, "percent_covered": 0.0, "percent_covered_display": "0", "missing_lines": 13, "excluded_lines": 0, "num_branches": 4, "num_partial_branches": 0, "covered_branches": 0, "missing_branches": 4}, "missing_lines": [213, 215, 218, 225, 228, 229, 231, 234, 237, 251, 270, 271, 274], "excluded_lines": [], "executed_branches": [], "missing_branches": [[213, 215], [213, 218], [228, 229], [228, 231]]}, "DCCRegistryMachinery": {"executed_lines": [299, 302, 308, 315, 320, 323, 325, 330, 336], "summary": {"covered_lines": 9, "num_statements": 14, "percent_covered": 59.09090909090909, "percent_covered_display": "59", "missing_lines": 5, "excluded_lines": 0, "num_branches": 8, "num_partial_branches": 2, "covered_branches": 4, "missing_branches": 4}, "missing_lines": [317, 327, 346, 353, 360], "excluded_lines": [], "executed_branches": [[315, 320], [323, -310], [323, 325], [325, 330]], "missing_branches": [[315, 317], [325, 327], [360, -360], [360, -355]]}, "": {"executed_lines": [1, 5, 7, 8, 9, 10, 12, 14, 15, 16, 17, 20, 23, 27, 30, 38, 39, 42, 55, 58, 63, 66, 68, 71, 73, 76, 79, 83, 86, 121, 124, 127, 130, 133, 136, 139, 142, 146, 149, 160, 163, 166, 167, 168, 173, 176, 180, 181, 182, 183, 191, 192, 197, 200, 203, 206, 208, 220, 239, 253, 277, 278, 294, 304, 310, 332, 338, 348, 349, 355, 356, 364, 367, 377, 385, 388, 391, 394, 396, 399, 400, 443, 444, 467, 472, 496, 497, 519, 522, 523, 548, 549, 571, 574, 575, 597, 600, 601, 624, 625, 628, 632, 635, 638, 639, 662, 663, 666, 667, 670, 673, 676, 677, 701, 702, 705, 706, 709, 712, 715, 716, 739, 740, 742, 745, 746, 748, 751, 754, 757, 758, 781, 782, 785, 787, 790, 791, 794, 798, 802, 805], "summary": {"covered_lines": 138, "num_statements": 160, "percent_covered": 83.49056603773585, "percent_covered_display": "83", "missing_lines": 22, "excluded_lines": 0, "num_branches": 52, "num_partial_branches": 5, "covered_branches": 39, "missing_branches": 13}, "missing_lines": [143, 169, 170, 184, 185, 186, 188, 424, 427, 430, 432, 434, 437, 4
[...]
statements": 1, "percent_covered": 100.0, "percent_covered_display": "100", "missing_lines": 0, "excluded_lines": 0, "num_branches": 0, "num_partial_branches": 0, "covered_branches": 0, "missing_branches": 0}, "missing_lines": [], "excluded_lines": [], "executed_branches": [], "missing_branches": []}, "NonePrice.is_equal": {"executed_lines": [1328], "summary": {"covered_lines": 1, "num_statements": 1, "percent_covered": 100.0, "percent_covered_display": "100", "missing_lines": 0, "excluded_lines": 0, "num_branches": 0, "num_partial_branches": 0, "covered_branches": 0, "missing_branches": 0}, "missing_lines": [], "excluded_lines": [], "executed_branches": [], "missing_branches": []}, "NonePrice.abs": {"executed_lines": [1331], "summary": {"covered_lines": 1, "num_statements": 1, "percent_covered": 100.0, "percent_covered_display": "100", "missing_lines": 0, "excluded_lines": 0, "num_branches": 0, "num_partial_branches": 0, "covered_branches": 0, "missing_branches": 0}, "missing_lines": [], "excluded_lines": [], "executed_branches": [], "missing_branches": []}, "NonePrice.as_float": {"executed_lines": [1334], "summary": {"covered_lines": 1, "num_statements": 1, "percent_covered": 100.0, "percent_covered_display": "100", "missing_lines": 0, "excluded_lines": 0, "num_branches": 0, "num_partial_branches": 0, "covered_branches": 0, "missing_branches": 0}, "missing_lines": [], "excluded_lines": [], "executed_branches": [], "missing_branches": []}, "NonePrice.as_integer": {"executed_lines": [1337], "summary": {"covered_lines": 1, "num_statements": 1, "percent_covered": 100.0, "percent_covered_display": "100", "missing_lines": 0, "excluded_lines": 0, "num_branches": 0, "num_partial_branches": 0, "covered_branches": 0, "missing_branches": 0}, "missing_lines": [], "excluded_lines": [], "executed_branches": [], "missing_branches": []}, "NonePrice.round": {"executed_lines": [], "summary": {"covered_lines": 0, "num_statements": 1, "percent_covered": 0.0, "percent_covered_display": "0", "missing_lines": 1, "excluded_lines": 0, "num_branches": 0, "num_partial_branches": 0, "covered_branches": 0, "missing_branches": 0}, "missing_lines": [1340], "excluded_lines": [], "executed_branches": [], "missing_branches": []}, "NonePrice.negative": {"executed_lines": [1343], "summary": {"covered_lines": 1, "num_statements": 1, "percent_covered": 100.0, "percent_covered_display": "100", "missing_lines": 0, "excluded_lines": 0, "num_branches": 0, "num_partial_branches": 0, "covered_branches": 0, "missing_branches": 0}, "missing_lines": [], "excluded_lines": [], "executed_branches": [], "missing_branches": []}, "NonePrice.positive": {"executed_lines": [1346], "summary": {"covered_lines": 1, "num_statements": 1, "percent_covered": 100.0, "percent_covered_display": "100", "missing_lines": 0, "excluded_lines": 0, "num_branches": 0, "num_partial_branches": 0, "covered_branches": 0, "missing_branches": 0}, "missing_lines": [], "excluded_lines": [], "executed_branches": [], "missing_branches": []}, "NonePrice.add": {"executed_lines": [1349], "summary": {"covered_lines": 1, "num_statements": 1, "percent_covered": 100.0, "percent_covered_display": "100", "missing_lines": 0, "excluded_lines": 0, "num_branches": 0, "num_partial_branches": 0, "covered_branches": 0, "missing_branches": 0}, "missing_lines": [], "excluded_lines": [], "executed_branches": [], "missing_branches": []}, "NonePrice.scalar_add": {"executed_lines": [], "summary": {"covered_lines": 0, "num_statements": 1, "percent_covered": 0.0, "percent_covered_display": "0", "missing_lines": 1, "excluded_lines": 0, "num_branches": 0, "num_partial_branches": 0, "covered_branches": 0, "missing_branches": 0}, "missing_lines": [1352], "excluded_lines": [], "executed_branches": [], "missing_branches": []}, "NonePrice.subtract": {"executed_lines": [1355], "summary": {"covered_lines": 1, "num_statements": 1, "percent_covered": 100.0, "percent_covered_display": "100", "missing_lines": 0, "excluded_lines": 0, "num_branches": 0, "num_partial_branches": 0, "covered_branches": 0, "missing_branches": 0}, "missing_lines": [], "excluded_lines": [], "executed_branches": [], "missing_branches": []}, "NonePrice.scalar_subtract": {"executed_lines": [1358], "summary": {"covered_lines": 1, "num_statements": 1, "percent_covered": 100.0, "percent_covered_display": "100", "missing_lines": 0, "excluded_lines": 0, "num_branches": 0, "num_partial_branches": 0, "covered_branches": 0, "missing_branches": 0}, "missing_lines": [], "excluded_lines": [], "executed_branches": [], "missing_branches": []}, "NonePrice.multiply": {"executed_lines": [1361], "summary": {"covered_lines": 1, "num_statements": 1, "percent_covered": 100.0, "percent_covered_display": "100", "missing_lines": 0, "excluded_lines": 0, "num_branches": 0, "num_partial_branches": 0, "covered_branches": 0, "missing_branches": 0}, "missing_lines": [], "excluded_lines": [], "executed_branches": [], "missing_branches": []}, "NonePrice.times": {"executed_lines": [], "summary": {"covered_lines": 0, "num_statements": 1, "percent_covered": 0.0, "percent_covered_display": "0", "missing_lines": 1, "excluded_lines": 0, "num_branches": 0, "num_partial_branches": 0, "covered_branches": 0, "missing_branches": 0}, "missing_lines": [1364], "excluded_lines": [], "executed_branches": [], "missing_branches": []}, "NonePrice.divide": {"executed_lines": [1367], "summary": {"covered_lines": 1, "num_statements": 1, "percent_covered": 100.0, "percent_covered_display": "100", "missing_lines": 0, "excluded_lines": 0, "num_branches": 0, "num_partial_branches": 0, "covered_branches": 0, "missing_branches": 0}, "missing_lines": [], "excluded_lines": [], "executed_branches": [], "missing_branches": []}, "NonePrice.floor_divide": {"executed_lines": [1370], "summary": {"covered_lines": 1, "num_statements": 1, "percent_covered": 100.0, "percent_covered_display": "100", "missing_lines": 0, "excluded_lines": 0, "num_branches": 0, "num_partial_branches": 0, "covered_branches": 0, "missing_branches": 0}, "missing_lines": [], "excluded_lines": [], "executed_branches": [], "missing_branches": []}, "NonePrice.lt": {"executed_lines": [1373], "summary": {"covered_lines": 1, "num_statements": 1, "percent_covered": 100.0, "percent_covered_display": "100", "missing_lines": 0, "excluded_lines": 0, "num_branches": 0, "num_partial_branches": 0, "covered_branches": 0, "missing_branches": 0}, "missing_lines": [], "excluded_lines": [], "executed_branches": [], "missing_branches": []}, "NonePrice.lte": {"executed_lines": [1376], "summary": {"covered_lines": 1, "num_statements": 1, "percent_covered": 100.0, "percent_covered_display": "100", "missing_lines": 0, "excluded_lines": 0, "num_branches": 0, "num_partial_branches": 0, "covered_branches": 0, "missing_branches": 0}, "missing_lines": [], "excluded_lines": [], "executed_branches": [], "missing_branches": []}, "NonePrice.gt": {"executed_lines": [1379], "summary": {"covered_lines": 1, "num_statements": 1, "percent_covered": 100.0, "percent_covered_display": "100", "missing_lines": 0, "excluded_lines": 0, "num_branches": 0, "num_partial_branches": 0, "covered_branches": 0, "missing_branches": 0}, "missing_lines": [], "excluded_lines": [], "executed_branches": [], "missing_branches": []}, "NonePrice.gte": {"executed_lines": [1382], "summary": {"covered_lines": 1, "num_statements": 1, "percent_covered": 100.0, "percent_covered_display": "100", "missing_lines": 0, "excluded_lines": 0, "num_branches": 0, "num_partial_branches": 0, "covered_branches": 0, "missing_branches": 0}, "missing_lines": [], "excluded_lines": [], "executed_branches": [], "missing_branches": []}, "NonePrice.with_ccy": {"executed_lines": [], "summary": {"covered_lines": 0, "num_statements": 1, "percent_covered": 0.0, "percent_covered_display": "0", "missing_lines": 1, "excluded_lines": 0, "num_branches": 0, "num_partial_branches": 0, "covered_branches": 0, "missing_branches": 0}, "missing_lines": [1385], "excluded_lines": [], "executed_branches": [], "missing_branches": []}, "NonePrice.with_qty": {"executed_lines": [1388], "summary": {"covered_lines": 1, "num_statements": 1, "percent_covered": 100.0, "percent_covered_display": "100", "missing_lines": 0, "excluded_lines": 0, "num_branches": 0, "num_partial_branches": 0, "covered_branches": 0, "missing_branches": 0}, "missing_lines": [], "excluded_lines": [], "executed_branches": [], "missing_branches": []}, "NonePrice.with_dov": {"executed_lines": [1391], "summary": {"covered_lines": 1, "num_statements": 1, "percent_covered": 100.0, "percent_covered_display": "100", "missing_lines": 0, "excluded_lines": 0, "num_branches": 0, "num_partial_branches": 0, "covered_branches": 0, "missing_branches": 0}, "missing_lines": [], "excluded_lines": [], "executed_branches": [], "missing_branches": []}, "NonePrice.convert": {"executed_lines": [], "summary": {"covered_lines": 0, "num_statements": 1, "percent_covered": 0.0, "percent_covered_display": "0", "missing_lines": 1, "excluded_lines": 0, "num_branches": 0, "num_partial_branches": 0, "covered_branches": 0, "missing_branches": 0}, "missing_lines": [1394], "excluded_lines": [], "executed_branches": [], "missing_branches": []}, "": {"executed_lines": [1, 5, 18, 19, 20, 22, 23, 24, 25, 26, 29, 30, 35, 48, 49, 53, 56, 57, 62, 65, 70, 75, 80, 83, 86, 88, 89, 100, 101, 112, 113, 119, 120, 126, 127, 133, 134, 140, 141, 147, 148, 155, 156, 168, 169, 177, 178, 190, 191, 199, 200, 208, 209, 217, 218, 227, 228, 240, 241, 253, 254, 267, 268, 281, 282, 288, 289, 295, 296, 302, 303, 313, 314, 322, 323, 324, 330, 331, 334, 335, 338, 339, 342, 343, 346, 347, 350, 351, 354, 355, 358, 359, 362, 365, 366, 369, 370, 373, 374, 377, 378, 381, 382, 385, 386, 389, 390, 393, 394, 397, 398, 401, 402, 405, 406, 410, 411, 415, 417, 419, 421, 424, 427, 430, 433, 437, 441, 445, 450, 468, 473, 491, 496, 501, 509, 517, 524, 531, 538, 545, 548, 552, 555, 584, 585, 588, 590, 592, 594, 596, 598, 600, 602, 604, 606, 608, 610, 612, 614, 616, 618, 621, 623, 625, 627, 629, 632, 635, 638, 641, 644, 647, 650, 653, 656, 659, 662, 665, 668, 671, 674, 677, 680, 683, 686, 689, 692, 695, 698, 699, 702, 704, 706, 708, 710, 712, 714, 716, 718, 720, 722, 724, 726, 728, 730, 732, 736, 739, 740, 745, 748, 753, 758, 763, 766, 769, 771, 772, 783, 784, 795, 796, 802, 803, 809, 810, 816, 817, 823, 824, 830, 831, 838, 839, 851, 852, 860, 861, 873, 874, 882, 883, 891, 892, 900, 901, 909, 910, 919, 920, 932, 933, 945, 946, 959, 960, 973, 974, 980, 981, 987, 988, 994, 995, 1005, 1006, 1007, 1013, 1014, 1022, 1023, 1026, 1027, 1030, 1031, 1034, 1035, 1038, 1039, 1042, 1043, 1046, 1047, 1050, 1051, 1054, 1057, 1058, 1061, 1062, 1065, 1066, 1069, 1070, 1073, 1074, 1077, 1078, 1081, 1082, 1085, 1086, 1089, 1090, 1093, 1094, 1097, 1098, 1102, 1103, 1107, 1109, 1111, 1113, 1116, 1119, 1122, 1125, 1129, 1133, 1137, 1141, 1159, 1164, 1182, 1187, 1192, 1196, 1204, 1212, 1219, 1226, 1233, 1240, 1243, 1246, 1249, 1278, 1279, 1283, 1285, 1287, 1289, 1291, 1293, 1295, 1297, 1299, 1301, 1303, 1305, 1307, 1309, 1311, 1313, 1316, 1318, 1320, 1322, 1324, 1327, 1330, 1333, 1336, 1339, 1342, 1345, 1348, 1351, 1354, 1357, 1360, 1363, 1366, 1369, 1372, 1375, 1378, 1381, 1384, 1387, 1390, 1393, 1396, 1398, 1400, 1402, 1404, 1406, 1408, 1410, 1412, 1414, 1416, 1418, 1420, 1422, 1424, 1426, 1428, 1432], "summary": {"covered_lines": 394, "num_statements": 394, "percent_covered": 100.0, "percent_covered_display": "100", "missing_lines": 0, "excluded_lines": 0, "num_branches": 0, "num_partial_branches": 0, "covered_branches": 0, "missing_branches": 0}, "missing_lines": [], "excluded_lines": [], "executed_branches": [], "missing_branches": []}}, "classes": {"IncompatibleCurrencyError": {"executed_lines": [], "summary": {"covered_lines": 0, "num_statements": 4, "percent_covered": 0.0, "percent_covered_display": "0", "missing_lines": 4, "excluded_lines": 0, "num_branches": 0, "num_partial_branches": 0, "covered_branches": 0, "missing_branches": 0}, "missing_lines": [40, 41, 42, 45], "excluded_lines": [], "executed_branches": [], "missing_branches": []}, "MonetaryOperationException": {"executed_lines": [], "summary": {"covered_lines": 0, "num_statements": 0, "percent_covered": 100.0, "percent_covered_display": "100", "missing_lines": 0, "excluded_lines": 0, "num_branches": 0, "num_partial_branches": 0, "covered_branches": 0, "missing_branches": 0}, "missing_lines": [], "excluded_lines": [], "executed_branches": [], "missing_branches": []}, "Money": {"executed_lines": [], "summary": {"covered_lines": 0, "num_statements": 47, "percent_covered": 0.0, "percent_covered_display": "0", "missing_lines": 47, "excluded_lines": 0, "num_branches": 2, "num_partial_branches": 0, "covered_branches": 0, "missing_branches": 2}, "missing_lines": [98, 110, 117, 124, 131, 138, 145, 153, 166, 175, 188, 197, 206, 215, 225, 238, 251, 265, 279, 286, 293, 300, 311, 318, 319, 320, 328, 332, 336, 340, 344, 348, 352, 356, 360, 363, 367, 371, 375, 379, 383, 387, 391, 395, 399, 403, 407], "excluded_lines": [], "executed_branches": [], "missing_branches": [[318, 319], [318, 320]]}, "SomeMoney": {"executed_lines": [422], "summary": {"covered_lines": 1, "num_statements": 81, "percent_covered": 0.9009009009009009, "percent_covered_display": "1", "missing_lines": 80, "excluded_lines": 0, "num_branches": 30, "num_partial_branches": 0, "covered_branches": 0, "missing_branches": 30}, "missing_lines": [425, 428, 431, 434, 435, 438, 439, 442, 443, 446, 447, 448, 451, 452, 460, 461, 463, 464, 466, 470, 471, 474, 475, 483, 484, 486, 487, 489, 493, 494, 498, 499, 503, 504, 505, 506, 507, 511, 512, 513, 514, 515, 518, 519, 520, 521, 522, 525, 526, 527, 528, 529, 532, 533, 534, 535, 536, 539, 540, 541, 542, 543, 546, 549, 550, 553, 557, 560, 563, 564, 565, 566, 567, 569, 572, 574, 576, 579, 582, 586], "excluded_lines": [], "executed_branches": [], "missing_branches": [[451, 452], [451, 460], [463, 464], [463, 466], [474, 475], [474, 483], [486, 487], [486, 489], [518, 519], [518, 520], [520, 521], [520, 522], [525, 526], [525, 527], [527, 528], [527, 529], [532, 533], [532, 534], [534, 535], [534, 536], [539, 540], [539, 541], [541, 542], [541, 543], [566, 567], [566, 569], [572, 574], [572, 582], [574, 576], [574, 579]]}, "NoneMoney": {"executed_lines": [630, 633, 636, 639, 642, 645, 648, 651, 654, 657, 660, 663, 666, 669, 672, 675, 681, 687, 690], "summary": {"covered_lines": 19, "num_statements": 24, "percent_covered": 79.16666666666667, "percent_covered_display": "79", "missing_lines": 5, "excluded_lines": 0, "num_branches": 0, "num_partial_branches": 0, "covered_branches": 0, "missing_branches": 0}, "missing_lines": [678, 684, 693, 696, 700], "excluded_lines": [], "executed_branches": [], "missing_branches": []}, "Price": {"executed_lines": [], "summary": {"covered_lines": 0, "num_statements": 48, "percent_covered": 0.0, "percent_covered_display": "0", "missing_lines": 48, "excluded_lines": 0, "num_branches": 2, "num_partial_branches": 0, "covered_branches": 0, "missing_branches": 2}, "missing_lines": [781, 793, 800, 807, 814, 821, 828, 836, 849, 858, 871, 880, 889, 898, 907, 917, 930, 943, 957, 971, 978, 985, 992, 1003, 1011, 1018, 1019, 1020, 1024, 1028, 1032, 1036, 1040, 1044, 1048, 1052, 1055, 1059, 1063, 1067, 1071, 1075, 1079, 1083, 1087, 1091, 1095, 1099], "excluded_lines": [], "executed_branches": [], "missing_branches": [[1018, 1019], [1018, 1020]]}, "SomePrice": {"executed_lines": [], "summary": {"covered_lines": 0, "num_statements": 82, "percent_covered": 0.0, "percent_covered_display": "0", "missing_lines": 82, "excluded_lines": 0, "num_branches": 30, "num_partial_branches": 0, "covered_branches": 0, "missing_branches": 30}, "missing_lines": [1114, 1117, 1120, 1123, 1126, 1127, 1130, 1131, 1134, 1135, 1138, 1139, 1142, 1143, 1151, 1152, 1154, 1155, 1157, 1161, 1162, 1165, 1166, 1174, 1175, 1177, 1178, 1180, 1184, 1185, 1189, 1190, 1193, 1194, 1198, 1199, 1200, 1201, 1202, 1206, 1207, 1208, 1209, 1210, 1213, 1214, 1215, 1216, 1217, 1220, 1221, 1222, 1223, 1224, 1227, 1228, 1229, 1230, 1231, 1234, 1235, 1236, 1237, 1238, 1241, 1244, 1247, 1251, 1254, 1257, 1258, 1259, 1260, 1261, 1263, 1266, 1268, 1270, 1273, 1276, 1280, 1281], "excluded_lines": [], "executed_branches": [], "missing_branches": [[1142, 1143], [1142, 1151], [1154, 1155], [1154, 1157], [1165, 1166], [1165, 1174], [1177, 1178], [1177, 1180], [1213, 1214], [1213, 1215], [1215, 1216], [1215, 1217], [1220, 1221], [1220, 1222], [1222, 1223], [1222, 1224], [1227, 1228], [1227, 1229], [1229, 1230], [1229, 1231], [1234, 1235], [1234, 1236], [1236, 1237], [1236, 1238], [1260, 1261], [1260, 1263], [1266, 1268], [1266, 1276], [1268, 1270], [1268, 1273]]}, "NonePrice": {"executed_lines": [1325, 1328, 1331, 1334, 1337, 1343, 1346, 1349, 1355, 1358, 1361, 1367, 1370, 1373, 1376, 1379, 1382, 1388, 1391], "summary": {"covered_lines": 19, "num_statements": 24, "percent_covered": 79.16666666666667, "percent_covered_display": "79", "missing_lines": 5, "excluded_lines": 0, "num_branches": 0, "num_partial_branches": 0, "covered_branches": 0, "missing_branches": 0}, "missing_lines": [1340, 1352, 1364, 1385, 1394], "excluded_lines": [], "executed_branches": [], "missing_branches": []}, "": {"executed_lines": [1, 5, 18, 19, 20, 22, 23, 24, 25, 26, 29, 30, 35, 48, 49, 53, 56, 57, 62, 65, 70, 75, 80, 83, 86, 88, 89, 100, 101, 112, 113, 119, 120, 126, 127, 133, 134, 140, 141, 147, 148, 155, 156, 168, 169, 177, 178, 190, 191, 199, 200, 208, 209, 217, 218, 227, 228, 240, 241, 253, 254, 267, 268, 281, 282, 288, 289, 295, 296, 302, 303, 313, 314, 322, 323, 324, 330, 331, 334, 335, 338, 339, 342, 343, 346, 347, 350, 351, 354, 355, 358, 359, 362, 365, 366, 369, 370, 373, 374, 377, 378, 381, 382, 385, 386, 389, 390, 393, 394, 397, 398, 401, 402, 405, 406, 410, 411, 415, 417, 419, 421, 424, 427, 430, 433, 437, 441, 445, 450, 468, 473, 491, 496, 501, 509, 517, 524, 531, 538, 545, 548, 552, 555, 584, 585, 588, 590, 592, 594, 596, 598, 600, 602, 604, 606, 608, 610, 612, 614, 616, 618, 621, 623, 625, 627, 629, 632, 635, 638, 641, 644, 647, 650, 653, 656, 659, 662, 665, 668, 671, 674, 677, 680, 683, 686, 689, 692, 695, 698, 699, 702, 704, 706, 708, 710, 712, 714, 716, 718, 720, 722, 724, 726, 728, 730, 732, 736, 739, 740, 745, 748, 753, 758, 763, 766, 769, 771, 772, 783, 784, 795, 796, 802, 803, 809, 810, 816, 817, 823, 824, 830, 831, 838, 839, 851, 852, 860, 861, 873, 874, 882, 883, 891, 892, 900, 901, 909, 910, 919, 920, 932, 933, 945, 946, 959, 960, 973, 974, 980, 981, 987, 988, 994, 995, 1005, 1006, 1007, 1013, 1014, 1022, 1023, 1026, 1027, 1030, 1031, 1034, 1035, 1038, 1039, 1042, 1043, 1046, 1047, 1050, 1051, 1054, 1057, 1058, 1061, 1062, 1065, 1066, 1069, 1070, 1073, 1074, 1077, 1078, 1081, 1082, 1085, 1086, 1089, 1090, 1093, 1094, 1097, 1098, 1102, 1103, 1107, 1109, 1111, 1113, 1116, 1119, 1122, 1125, 1129, 1133, 1137, 1141, 1159, 1164, 1182, 1187, 1192, 1196, 1204, 1212, 1219, 1226, 1233, 1240, 1243, 1246, 1249, 1278, 1279, 1283, 1285, 1287, 1289, 1291, 1293, 1295, 1297, 1299, 1301, 1303, 1305, 1307, 1309, 1311, 1313, 1316, 1318, 1320, 1322, 1324, 1327, 1330, 1333, 1336, 1339, 1342, 1345, 1348, 1351, 1354, 1357, 1360, 1363, 1366, 1369, 1372, 1375, 1378, 1381, 1384, 1387, 1390, 1393, 1396, 1398, 1400, 1402, 1404, 1406, 1408, 1410, 1412, 1414, 1416, 1418, 1420, 1422, 1424, 1426, 1428, 1432], "summary": {"covered_lines": 394, "num_statements": 394, "percent_covered": 100.0, "percent_covered_display": "100", "missing_lines": 0, "excluded_lines": 0, "num_branches": 0, "num_partial_branches": 0, "covered_branches": 0, "missing_branches": 0}, "missing_lines": [], "excluded_lines": [], "executed_branches": [], "missing_branches": []}}}}, "totals": {"covered_lines": 1104, "num_statements": 1531, "percent_covered": 67.85714285714286, "percent_covered_display": "68", "missing_lines": 427, "excluded_lines": 0, "num_branches": 233, "num_partial_branches": 17, "covered_branches": 93, "missing_branches": 140}}